2024-03-16 16:20:37.681 [http-nio-8080-exec-1] INFO 
				jdbc.resultsettable - 
|---------|
|count(*) |
|---------|
|2701     |
|---------|

2024-03-16 16:20:37.724 [http-nio-8080-exec-1] INFO 
				jdbc.resultsettable - 
|---------|--------|--------|--------|-------------------------------------------------------------|---------|----------------------|
|board_id |writer  |subject |content |passwd                                                       |read_cnt |enroll_at             |
|---------|--------|--------|--------|-------------------------------------------------------------|---------|----------------------|
|102409   |가가다다파사다 |타바차다아다바 |자마사다사자바 |$2a$10$M2Y.Pehmu3JTXKOX37y5y.IXcIgn4Ro5ZZwHKaGnHd9hI.GdgMbMS |0        |2024-03-13 01:23:00.0 |
|102700   |마나가사마바사 |하다바사차사파 |가파바나카라아 |$2a$10$gORAqW17uIHJGDYIVZIGkuP6TkcKnPRcqka91uUNyVFa4xuwg3IZG |0        |2024-03-13 01:23:00.0 |
|102405   |차바나타타타차 |사라사가바나차 |바가자다마차다 |$2a$10$cxRtN0TV.ac6SdJF2CPWxu0zMrdxqANCQqE6RSmpJmJ.ro88jewI6 |0        |2024-03-13 01:23:00.0 |
|102401   |가바바나차아파 |자파나나사마타 |아카라차차자차 |$2a$10$NrMJwUt0TlXJOZh8UE2KUOky36swORRYL0tri6rQ95RsjYiGJpIke |0        |2024-03-13 01:23:00.0 |
|102407   |자가다파파사사 |타자라다파라라 |파타타사타차하 |$2a$10$RK05G1jn4P/ZNpMHoWaJ8OuGFelEYnyAYf.z9bMyj9dHsdk2GFi12 |0        |2024-03-13 01:23:00.0 |
|102410   |차하카아타바사 |다아나아가사라 |바사자사파라사 |$2a$10$BirSU56hA4x/hWDR2V6EA.QX3n3aPwc/TNlP9hWLTV8zPoGITam/G |0        |2024-03-13 01:23:00.0 |
|102408   |가바바카아사자 |나사사아가파다 |타바다가라자가 |$2a$10$jjKlkvep1NkQ/ln/BsJMYeIS.nAReroBlA3VtviL4qH2TAY9aHJg2 |0        |2024-03-13 01:23:00.0 |
|102403   |나자사가가아라 |파나파타나나차 |타하가아다다바 |$2a$10$2OYiK.iXGTUreG8A6HyBx.KFwKNXqlB4fM61JwO91XPF1vnEDnc.. |0        |2024-03-13 01:23:00.0 |
|102402   |아사라파카다아 |바파마차가자가 |라마다파자마파 |$2a$10$zcvrUdmpLgPb7pzRjMwgFO6OQV5ChTtLReFngFb9OyNHXW4yS1fzK |0        |2024-03-13 01:23:00.0 |
|102406   |하바자다카바파 |사마라타마자자 |다아가가바파마 |$2a$10$aDVCMbVN/k.4UW6vsmcbL.VGUURDmIXzOPTBjKESS8aiE/9yeKEKe |0        |2024-03-13 01:23:00.0 |
|---------|--------|--------|--------|-------------------------------------------------------------|---------|----------------------|

2024-03-16 16:34:58.502 [http-nio-8080-exec-1] INFO 
				jdbc.resultsettable - 
|---------|
|count(*) |
|---------|
|2701     |
|---------|

2024-03-16 16:34:58.539 [http-nio-8080-exec-1] INFO 
				jdbc.resultsettable - 
|---------|--------|--------|--------|-------------------------------------------------------------|---------|----------------------|
|board_id |writer  |subject |content |passwd                                                       |read_cnt |enroll_at             |
|---------|--------|--------|--------|-------------------------------------------------------------|---------|----------------------|
|102409   |가가다다파사다 |타바차다아다바 |자마사다사자바 |$2a$10$M2Y.Pehmu3JTXKOX37y5y.IXcIgn4Ro5ZZwHKaGnHd9hI.GdgMbMS |0        |2024-03-13 01:23:00.0 |
|102700   |마나가사마바사 |하다바사차사파 |가파바나카라아 |$2a$10$gORAqW17uIHJGDYIVZIGkuP6TkcKnPRcqka91uUNyVFa4xuwg3IZG |0        |2024-03-13 01:23:00.0 |
|102405   |차바나타타타차 |사라사가바나차 |바가자다마차다 |$2a$10$cxRtN0TV.ac6SdJF2CPWxu0zMrdxqANCQqE6RSmpJmJ.ro88jewI6 |0        |2024-03-13 01:23:00.0 |
|102401   |가바바나차아파 |자파나나사마타 |아카라차차자차 |$2a$10$NrMJwUt0TlXJOZh8UE2KUOky36swORRYL0tri6rQ95RsjYiGJpIke |0        |2024-03-13 01:23:00.0 |
|102407   |자가다파파사사 |타자라다파라라 |파타타사타차하 |$2a$10$RK05G1jn4P/ZNpMHoWaJ8OuGFelEYnyAYf.z9bMyj9dHsdk2GFi12 |0        |2024-03-13 01:23:00.0 |
|102410   |차하카아타바사 |다아나아가사라 |바사자사파라사 |$2a$10$BirSU56hA4x/hWDR2V6EA.QX3n3aPwc/TNlP9hWLTV8zPoGITam/G |0        |2024-03-13 01:23:00.0 |
|102408   |가바바카아사자 |나사사아가파다 |타바다가라자가 |$2a$10$jjKlkvep1NkQ/ln/BsJMYeIS.nAReroBlA3VtviL4qH2TAY9aHJg2 |0        |2024-03-13 01:23:00.0 |
|102403   |나자사가가아라 |파나파타나나차 |타하가아다다바 |$2a$10$2OYiK.iXGTUreG8A6HyBx.KFwKNXqlB4fM61JwO91XPF1vnEDnc.. |0        |2024-03-13 01:23:00.0 |
|102402   |아사라파카다아 |바파마차가자가 |라마다파자마파 |$2a$10$zcvrUdmpLgPb7pzRjMwgFO6OQV5ChTtLReFngFb9OyNHXW4yS1fzK |0        |2024-03-13 01:23:00.0 |
|102406   |하바자다카바파 |사마라타마자자 |다아가가바파마 |$2a$10$aDVCMbVN/k.4UW6vsmcbL.VGUURDmIXzOPTBjKESS8aiE/9yeKEKe |0        |2024-03-13 01:23:00.0 |
|---------|--------|--------|--------|-------------------------------------------------------------|---------|----------------------|

2024-03-16 16:35:00.185 [http-nio-8080-exec-3] INFO 
				jdbc.resultsettable - 
|---------|--------|--------|--------|-------------------------------------------------------------|---------|----------------------|
|board_id |writer  |subject |content |passwd                                                       |read_cnt |enroll_at             |
|---------|--------|--------|--------|-------------------------------------------------------------|---------|----------------------|
|102700   |마나가사마바사 |하다바사차사파 |가파바나카라아 |$2a$10$gORAqW17uIHJGDYIVZIGkuP6TkcKnPRcqka91uUNyVFa4xuwg3IZG |1        |2024-03-13 01:23:00.0 |
|---------|--------|--------|--------|-------------------------------------------------------------|---------|----------------------|

2024-03-16 16:35:00.192 [http-nio-8080-exec-3] INFO 
				jdbc.resultsettable - 
|---------|
|count(*) |
|---------|
|0        |
|---------|

2024-03-16 16:35:00.195 [http-nio-8080-exec-3] INFO 
				jdbc.resultsettable - 
|---------|-------|--------|-------|----------|---------|
|reply_id |writer |content |passwd |enroll_at |board_id |
|---------|-------|--------|-------|----------|---------|
|---------|-------|--------|-------|----------|---------|

2024-03-16 16:37:12.618 [http-nio-8080-exec-8] INFO 
				jdbc.resultsettable - 
|---------|--------|--------|--------|-------------------------------------------------------------|---------|----------------------|
|board_id |writer  |subject |content |passwd                                                       |read_cnt |enroll_at             |
|---------|--------|--------|--------|-------------------------------------------------------------|---------|----------------------|
|102700   |마나가사마바사 |하다바사차사파 |가파바나카라아 |$2a$10$gORAqW17uIHJGDYIVZIGkuP6TkcKnPRcqka91uUNyVFa4xuwg3IZG |2        |2024-03-13 01:23:00.0 |
|---------|--------|--------|--------|-------------------------------------------------------------|---------|----------------------|

2024-03-16 16:37:12.620 [http-nio-8080-exec-8] INFO 
				jdbc.resultsettable - 
|---------|
|count(*) |
|---------|
|1        |
|---------|

2024-03-16 16:37:12.622 [http-nio-8080-exec-8] INFO 
				jdbc.resultsettable - 
|---------|-------|--------|-------------------------------------------------------------|----------------------|---------|
|reply_id |writer |content |passwd                                                       |enroll_at             |board_id |
|---------|-------|--------|-------------------------------------------------------------|----------------------|---------|
|100001   |a      |a       |$2a$10$pfV7frICc5q2KIayhYcPe.SD.N4k4Tk6hb4.apvqv9K8sQ8V7bkXm |2024-03-16 16:37:12.0 |102700   |
|---------|-------|--------|-------------------------------------------------------------|----------------------|---------|

2024-03-16 16:45:13.718 [http-nio-8080-exec-4] INFO 
				jdbc.resultsettable - 
|---------|--------|--------|--------|-------------------------------------------------------------|---------|----------------------|
|board_id |writer  |subject |content |passwd                                                       |read_cnt |enroll_at             |
|---------|--------|--------|--------|-------------------------------------------------------------|---------|----------------------|
|102700   |마나가사마바사 |하다바사차사파 |가파바나카라아 |$2a$10$gORAqW17uIHJGDYIVZIGkuP6TkcKnPRcqka91uUNyVFa4xuwg3IZG |3        |2024-03-13 01:23:00.0 |
|---------|--------|--------|--------|-------------------------------------------------------------|---------|----------------------|

2024-03-16 16:45:13.726 [http-nio-8080-exec-4] INFO 
				jdbc.resultsettable - 
|---------|
|count(*) |
|---------|
|4        |
|---------|

2024-03-16 16:45:13.739 [http-nio-8080-exec-4] INFO 
				jdbc.resultsettable - 
|---------|-------|--------|-------------------------------------------------------------|----------------------|---------|
|reply_id |writer |content |passwd                                                       |enroll_at             |board_id |
|---------|-------|--------|-------------------------------------------------------------|----------------------|---------|
|100001   |a      |a       |$2a$10$pfV7frICc5q2KIayhYcPe.SD.N4k4Tk6hb4.apvqv9K8sQ8V7bkXm |2024-03-16 16:37:12.0 |102700   |
|100002   |s      |s       |$2a$10$yy6qkYSdnVY9B5zD2hUhG.r9.80/H91qCjgvVK8NstJ86Fv6NF5Xq |2024-03-16 16:41:22.0 |102700   |
|100003   |s      |s       |$2a$10$rdKVMdfpPxPzlkhg3VboKuZa6DRdG8Xbj/P8sS91gHjxQLHW13Vtm |2024-03-16 16:42:01.0 |102700   |
|100004   |s      |s       |$2a$10$KqHm4vVi.iC5ITmI7MBhxOYThTIZ1.KrriArFHfvwLKK0x7AIcTz2 |2024-03-16 16:45:13.0 |102700   |
|---------|-------|--------|-------------------------------------------------------------|----------------------|---------|

2024-03-16 16:45:57.516 [http-nio-8080-exec-1] INFO 
				jdbc.resultsettable - 
|---------|--------|--------|--------|-------------------------------------------------------------|---------|----------------------|
|board_id |writer  |subject |content |passwd                                                       |read_cnt |enroll_at             |
|---------|--------|--------|--------|-------------------------------------------------------------|---------|----------------------|
|102700   |마나가사마바사 |하다바사차사파 |가파바나카라아 |$2a$10$gORAqW17uIHJGDYIVZIGkuP6TkcKnPRcqka91uUNyVFa4xuwg3IZG |4        |2024-03-13 01:23:00.0 |
|---------|--------|--------|--------|-------------------------------------------------------------|---------|----------------------|

2024-03-16 16:45:57.518 [http-nio-8080-exec-1] INFO 
				jdbc.resultsettable - 
|---------|
|count(*) |
|---------|
|4        |
|---------|

2024-03-16 16:45:57.524 [http-nio-8080-exec-1] INFO 
				jdbc.resultsettable - 
|---------|-------|--------|-------------------------------------------------------------|----------------------|---------|
|reply_id |writer |content |passwd                                                       |enroll_at             |board_id |
|---------|-------|--------|-------------------------------------------------------------|----------------------|---------|
|100001   |a      |a       |$2a$10$pfV7frICc5q2KIayhYcPe.SD.N4k4Tk6hb4.apvqv9K8sQ8V7bkXm |2024-03-16 16:37:12.0 |102700   |
|100002   |s      |s       |$2a$10$yy6qkYSdnVY9B5zD2hUhG.r9.80/H91qCjgvVK8NstJ86Fv6NF5Xq |2024-03-16 16:41:22.0 |102700   |
|100003   |s      |s       |$2a$10$rdKVMdfpPxPzlkhg3VboKuZa6DRdG8Xbj/P8sS91gHjxQLHW13Vtm |2024-03-16 16:42:01.0 |102700   |
|100004   |s      |s       |$2a$10$KqHm4vVi.iC5ITmI7MBhxOYThTIZ1.KrriArFHfvwLKK0x7AIcTz2 |2024-03-16 16:45:13.0 |102700   |
|---------|-------|--------|-------------------------------------------------------------|----------------------|---------|

2024-03-16 16:48:26.968 [http-nio-8080-exec-4] INFO 
				jdbc.resultsettable - 
|---------|--------|--------|--------|-------------------------------------------------------------|---------|----------------------|
|board_id |writer  |subject |content |passwd                                                       |read_cnt |enroll_at             |
|---------|--------|--------|--------|-------------------------------------------------------------|---------|----------------------|
|102700   |마나가사마바사 |하다바사차사파 |가파바나카라아 |$2a$10$gORAqW17uIHJGDYIVZIGkuP6TkcKnPRcqka91uUNyVFa4xuwg3IZG |5        |2024-03-13 01:23:00.0 |
|---------|--------|--------|--------|-------------------------------------------------------------|---------|----------------------|

2024-03-16 16:48:26.972 [http-nio-8080-exec-4] INFO 
				jdbc.resultsettable - 
|---------|
|count(*) |
|---------|
|8        |
|---------|

2024-03-16 16:48:26.976 [http-nio-8080-exec-4] INFO 
				jdbc.resultsettable - 
|---------|-------|--------|-------------------------------------------------------------|----------------------|---------|
|reply_id |writer |content |passwd                                                       |enroll_at             |board_id |
|---------|-------|--------|-------------------------------------------------------------|----------------------|---------|
|100001   |a      |a       |$2a$10$pfV7frICc5q2KIayhYcPe.SD.N4k4Tk6hb4.apvqv9K8sQ8V7bkXm |2024-03-16 16:37:12.0 |102700   |
|100002   |s      |s       |$2a$10$yy6qkYSdnVY9B5zD2hUhG.r9.80/H91qCjgvVK8NstJ86Fv6NF5Xq |2024-03-16 16:41:22.0 |102700   |
|100003   |s      |s       |$2a$10$rdKVMdfpPxPzlkhg3VboKuZa6DRdG8Xbj/P8sS91gHjxQLHW13Vtm |2024-03-16 16:42:01.0 |102700   |
|100004   |s      |s       |$2a$10$KqHm4vVi.iC5ITmI7MBhxOYThTIZ1.KrriArFHfvwLKK0x7AIcTz2 |2024-03-16 16:45:13.0 |102700   |
|100005   |ㄷ      |ㄷ       |$2a$10$AQ9Uu2u7rZ/P8efmcEbwNOJVN2Ep.UVuhGQpI.6tbZ6dyhIkgAhKS |2024-03-16 16:46:07.0 |102700   |
|100006   |f      |f       |$2a$10$uWTCoWxVpRfIno9Swwv6YuW3cPMr3doxmoBGv24JtXrMueklVeDb2 |2024-03-16 16:46:36.0 |102700   |
|100007   |ㅂ      |q       |$2a$10$kBURM1YE9yPmVw1ToL1mYuGuegKpRcDhuPOKAunTpQ5lYKaDv2hfu |2024-03-16 16:48:12.0 |102700   |
|100008   |w      |w       |$2a$10$C.GVBsHKSHdZeOyPkPnEEeg64UnsrFScvDcEE8NGSZGyspu.qGgji |2024-03-16 16:48:26.0 |102700   |
|---------|-------|--------|-------------------------------------------------------------|----------------------|---------|

2024-03-16 16:55:55.781 [http-nio-8080-exec-4] INFO 
				jdbc.resultsettable - 
|---------|--------|--------|--------|-------------------------------------------------------------|---------|----------------------|
|board_id |writer  |subject |content |passwd                                                       |read_cnt |enroll_at             |
|---------|--------|--------|--------|-------------------------------------------------------------|---------|----------------------|
|102700   |마나가사마바사 |하다바사차사파 |가파바나카라아 |$2a$10$gORAqW17uIHJGDYIVZIGkuP6TkcKnPRcqka91uUNyVFa4xuwg3IZG |6        |2024-03-13 01:23:00.0 |
|---------|--------|--------|--------|-------------------------------------------------------------|---------|----------------------|

2024-03-16 16:55:55.786 [http-nio-8080-exec-4] INFO 
				jdbc.resultsettable - 
|---------|
|count(*) |
|---------|
|11       |
|---------|

2024-03-16 16:55:55.799 [http-nio-8080-exec-4] INFO 
				jdbc.resultsettable - 
|---------|-------|--------|-------------------------------------------------------------|----------------------|---------|
|reply_id |writer |content |passwd                                                       |enroll_at             |board_id |
|---------|-------|--------|-------------------------------------------------------------|----------------------|---------|
|100001   |a      |a       |$2a$10$pfV7frICc5q2KIayhYcPe.SD.N4k4Tk6hb4.apvqv9K8sQ8V7bkXm |2024-03-16 16:37:12.0 |102700   |
|100002   |s      |s       |$2a$10$yy6qkYSdnVY9B5zD2hUhG.r9.80/H91qCjgvVK8NstJ86Fv6NF5Xq |2024-03-16 16:41:22.0 |102700   |
|100003   |s      |s       |$2a$10$rdKVMdfpPxPzlkhg3VboKuZa6DRdG8Xbj/P8sS91gHjxQLHW13Vtm |2024-03-16 16:42:01.0 |102700   |
|100004   |s      |s       |$2a$10$KqHm4vVi.iC5ITmI7MBhxOYThTIZ1.KrriArFHfvwLKK0x7AIcTz2 |2024-03-16 16:45:13.0 |102700   |
|100005   |ㄷ      |ㄷ       |$2a$10$AQ9Uu2u7rZ/P8efmcEbwNOJVN2Ep.UVuhGQpI.6tbZ6dyhIkgAhKS |2024-03-16 16:46:07.0 |102700   |
|100006   |f      |f       |$2a$10$uWTCoWxVpRfIno9Swwv6YuW3cPMr3doxmoBGv24JtXrMueklVeDb2 |2024-03-16 16:46:36.0 |102700   |
|100007   |ㅂ      |q       |$2a$10$kBURM1YE9yPmVw1ToL1mYuGuegKpRcDhuPOKAunTpQ5lYKaDv2hfu |2024-03-16 16:48:12.0 |102700   |
|100008   |w      |w       |$2a$10$C.GVBsHKSHdZeOyPkPnEEeg64UnsrFScvDcEE8NGSZGyspu.qGgji |2024-03-16 16:48:26.0 |102700   |
|100009   |ㅗ      |h       |$2a$10$g5QK/0AevARvYKQygSo13.3i/vtqYo4h.AvwqmRRJwVxp34KKObkK |2024-03-16 16:53:41.0 |102700   |
|100010   |t      |t       |$2a$10$pVQptKmcO7kkATarcglSIOmTr5Vrz8pcOLmhJfQ7ORWDMQr67WCWy |2024-03-16 16:55:23.0 |102700   |
|100011   |r      |r       |$2a$10$QYgXwUQF6OGPQLRhdfOEH.u4VlgMn7jO2yn6jBy91TCO7ACSG.iKS |2024-03-16 16:55:55.0 |102700   |
|---------|-------|--------|-------------------------------------------------------------|----------------------|---------|

2024-03-16 17:15:07.480 [http-nio-8080-exec-1] INFO 
				jdbc.resultsettable - 
|---------|--------|--------|--------|-------------------------------------------------------------|---------|----------------------|
|board_id |writer  |subject |content |passwd                                                       |read_cnt |enroll_at             |
|---------|--------|--------|--------|-------------------------------------------------------------|---------|----------------------|
|102700   |마나가사마바사 |하다바사차사파 |가파바나카라아 |$2a$10$gORAqW17uIHJGDYIVZIGkuP6TkcKnPRcqka91uUNyVFa4xuwg3IZG |7        |2024-03-13 01:23:00.0 |
|---------|--------|--------|--------|-------------------------------------------------------------|---------|----------------------|

2024-03-16 17:15:07.483 [http-nio-8080-exec-1] INFO 
				jdbc.resultsettable - 
|---------|
|count(*) |
|---------|
|11       |
|---------|

2024-03-16 17:15:07.494 [http-nio-8080-exec-1] INFO 
				jdbc.resultsettable - 
|---------|-------|--------|-------------------------------------------------------------|----------------------|---------|
|reply_id |writer |content |passwd                                                       |enroll_at             |board_id |
|---------|-------|--------|-------------------------------------------------------------|----------------------|---------|
|100001   |a      |a       |$2a$10$pfV7frICc5q2KIayhYcPe.SD.N4k4Tk6hb4.apvqv9K8sQ8V7bkXm |2024-03-16 16:37:12.0 |102700   |
|100002   |s      |s       |$2a$10$yy6qkYSdnVY9B5zD2hUhG.r9.80/H91qCjgvVK8NstJ86Fv6NF5Xq |2024-03-16 16:41:22.0 |102700   |
|100003   |s      |s       |$2a$10$rdKVMdfpPxPzlkhg3VboKuZa6DRdG8Xbj/P8sS91gHjxQLHW13Vtm |2024-03-16 16:42:01.0 |102700   |
|100004   |s      |s       |$2a$10$KqHm4vVi.iC5ITmI7MBhxOYThTIZ1.KrriArFHfvwLKK0x7AIcTz2 |2024-03-16 16:45:13.0 |102700   |
|100005   |ㄷ      |ㄷ       |$2a$10$AQ9Uu2u7rZ/P8efmcEbwNOJVN2Ep.UVuhGQpI.6tbZ6dyhIkgAhKS |2024-03-16 16:46:07.0 |102700   |
|100006   |f      |f       |$2a$10$uWTCoWxVpRfIno9Swwv6YuW3cPMr3doxmoBGv24JtXrMueklVeDb2 |2024-03-16 16:46:36.0 |102700   |
|100007   |ㅂ      |q       |$2a$10$kBURM1YE9yPmVw1ToL1mYuGuegKpRcDhuPOKAunTpQ5lYKaDv2hfu |2024-03-16 16:48:12.0 |102700   |
|100008   |w      |w       |$2a$10$C.GVBsHKSHdZeOyPkPnEEeg64UnsrFScvDcEE8NGSZGyspu.qGgji |2024-03-16 16:48:26.0 |102700   |
|100009   |ㅗ      |h       |$2a$10$g5QK/0AevARvYKQygSo13.3i/vtqYo4h.AvwqmRRJwVxp34KKObkK |2024-03-16 16:53:41.0 |102700   |
|100010   |t      |t       |$2a$10$pVQptKmcO7kkATarcglSIOmTr5Vrz8pcOLmhJfQ7ORWDMQr67WCWy |2024-03-16 16:55:23.0 |102700   |
|100011   |r      |r       |$2a$10$QYgXwUQF6OGPQLRhdfOEH.u4VlgMn7jO2yn6jBy91TCO7ACSG.iKS |2024-03-16 16:55:55.0 |102700   |
|---------|-------|--------|-------------------------------------------------------------|----------------------|---------|

2024-03-16 17:17:03.681 [http-nio-8080-exec-4] INFO 
				jdbc.resultsettable - 
|---------|-------|--------|-------------------------------------------------------------|----------------------|---------|
|reply_id |writer |content |passwd                                                       |enroll_at             |board_id |
|---------|-------|--------|-------------------------------------------------------------|----------------------|---------|
|100001   |a      |a       |$2a$10$pfV7frICc5q2KIayhYcPe.SD.N4k4Tk6hb4.apvqv9K8sQ8V7bkXm |2024-03-16 16:37:12.0 |102700   |
|---------|-------|--------|-------------------------------------------------------------|----------------------|---------|

2024-03-16 17:30:52.904 [http-nio-8080-exec-7] INFO 
				jdbc.resultsettable - 
|-------------------------------------------------------------|
|passwd                                                       |
|-------------------------------------------------------------|
|$2a$10$pfV7frICc5q2KIayhYcPe.SD.N4k4Tk6hb4.apvqv9K8sQ8V7bkXm |
|-------------------------------------------------------------|

2024-03-16 17:30:53.169 [http-nio-8080-exec-8] INFO 
				jdbc.resultsettable - 
|---------|--------|--------|--------|-------------------------------------------------------------|---------|----------------------|
|board_id |writer  |subject |content |passwd                                                       |read_cnt |enroll_at             |
|---------|--------|--------|--------|-------------------------------------------------------------|---------|----------------------|
|102700   |마나가사마바사 |하다바사차사파 |가파바나카라아 |$2a$10$gORAqW17uIHJGDYIVZIGkuP6TkcKnPRcqka91uUNyVFa4xuwg3IZG |8        |2024-03-13 01:23:00.0 |
|---------|--------|--------|--------|-------------------------------------------------------------|---------|----------------------|

2024-03-16 17:30:53.173 [http-nio-8080-exec-8] INFO 
				jdbc.resultsettable - 
|---------|
|count(*) |
|---------|
|11       |
|---------|

2024-03-16 17:30:53.178 [http-nio-8080-exec-8] INFO 
				jdbc.resultsettable - 
|---------|-------|--------|-------------------------------------------------------------|----------------------|---------|
|reply_id |writer |content |passwd                                                       |enroll_at             |board_id |
|---------|-------|--------|-------------------------------------------------------------|----------------------|---------|
|100001   |a      |a       |$2a$10$pfV7frICc5q2KIayhYcPe.SD.N4k4Tk6hb4.apvqv9K8sQ8V7bkXm |2024-03-16 17:30:53.0 |102700   |
|100002   |s      |s       |$2a$10$yy6qkYSdnVY9B5zD2hUhG.r9.80/H91qCjgvVK8NstJ86Fv6NF5Xq |2024-03-16 16:41:22.0 |102700   |
|100003   |s      |s       |$2a$10$rdKVMdfpPxPzlkhg3VboKuZa6DRdG8Xbj/P8sS91gHjxQLHW13Vtm |2024-03-16 16:42:01.0 |102700   |
|100004   |s      |s       |$2a$10$KqHm4vVi.iC5ITmI7MBhxOYThTIZ1.KrriArFHfvwLKK0x7AIcTz2 |2024-03-16 16:45:13.0 |102700   |
|100005   |ㄷ      |ㄷ       |$2a$10$AQ9Uu2u7rZ/P8efmcEbwNOJVN2Ep.UVuhGQpI.6tbZ6dyhIkgAhKS |2024-03-16 16:46:07.0 |102700   |
|100006   |f      |f       |$2a$10$uWTCoWxVpRfIno9Swwv6YuW3cPMr3doxmoBGv24JtXrMueklVeDb2 |2024-03-16 16:46:36.0 |102700   |
|100007   |ㅂ      |q       |$2a$10$kBURM1YE9yPmVw1ToL1mYuGuegKpRcDhuPOKAunTpQ5lYKaDv2hfu |2024-03-16 16:48:12.0 |102700   |
|100008   |w      |w       |$2a$10$C.GVBsHKSHdZeOyPkPnEEeg64UnsrFScvDcEE8NGSZGyspu.qGgji |2024-03-16 16:48:26.0 |102700   |
|100009   |ㅗ      |h       |$2a$10$g5QK/0AevARvYKQygSo13.3i/vtqYo4h.AvwqmRRJwVxp34KKObkK |2024-03-16 16:53:41.0 |102700   |
|100010   |t      |t       |$2a$10$pVQptKmcO7kkATarcglSIOmTr5Vrz8pcOLmhJfQ7ORWDMQr67WCWy |2024-03-16 16:55:23.0 |102700   |
|100011   |r      |r       |$2a$10$QYgXwUQF6OGPQLRhdfOEH.u4VlgMn7jO2yn6jBy91TCO7ACSG.iKS |2024-03-16 16:55:55.0 |102700   |
|---------|-------|--------|-------------------------------------------------------------|----------------------|---------|

2024-03-16 17:30:56.319 [http-nio-8080-exec-9] INFO 
				jdbc.resultsettable - 
|---------|-------|--------|-------------------------------------------------------------|----------------------|---------|
|reply_id |writer |content |passwd                                                       |enroll_at             |board_id |
|---------|-------|--------|-------------------------------------------------------------|----------------------|---------|
|100001   |a      |a       |$2a$10$pfV7frICc5q2KIayhYcPe.SD.N4k4Tk6hb4.apvqv9K8sQ8V7bkXm |2024-03-16 17:30:53.0 |102700   |
|---------|-------|--------|-------------------------------------------------------------|----------------------|---------|

2024-03-16 17:30:58.359 [http-nio-8080-exec-10] INFO 
				jdbc.resultsettable - 
|-------------------------------------------------------------|
|passwd                                                       |
|-------------------------------------------------------------|
|$2a$10$pfV7frICc5q2KIayhYcPe.SD.N4k4Tk6hb4.apvqv9K8sQ8V7bkXm |
|-------------------------------------------------------------|

2024-03-16 17:30:58.676 [http-nio-8080-exec-1] INFO 
				jdbc.resultsettable - 
|---------|--------|--------|--------|-------------------------------------------------------------|---------|----------------------|
|board_id |writer  |subject |content |passwd                                                       |read_cnt |enroll_at             |
|---------|--------|--------|--------|-------------------------------------------------------------|---------|----------------------|
|102700   |마나가사마바사 |하다바사차사파 |가파바나카라아 |$2a$10$gORAqW17uIHJGDYIVZIGkuP6TkcKnPRcqka91uUNyVFa4xuwg3IZG |9        |2024-03-13 01:23:00.0 |
|---------|--------|--------|--------|-------------------------------------------------------------|---------|----------------------|

2024-03-16 17:30:58.676 [http-nio-8080-exec-1] INFO 
				jdbc.resultsettable - 
|---------|
|count(*) |
|---------|
|10       |
|---------|

2024-03-16 17:30:58.693 [http-nio-8080-exec-1] INFO 
				jdbc.resultsettable - 
|---------|-------|--------|-------------------------------------------------------------|----------------------|---------|
|reply_id |writer |content |passwd                                                       |enroll_at             |board_id |
|---------|-------|--------|-------------------------------------------------------------|----------------------|---------|
|100002   |s      |s       |$2a$10$yy6qkYSdnVY9B5zD2hUhG.r9.80/H91qCjgvVK8NstJ86Fv6NF5Xq |2024-03-16 16:41:22.0 |102700   |
|100003   |s      |s       |$2a$10$rdKVMdfpPxPzlkhg3VboKuZa6DRdG8Xbj/P8sS91gHjxQLHW13Vtm |2024-03-16 16:42:01.0 |102700   |
|100004   |s      |s       |$2a$10$KqHm4vVi.iC5ITmI7MBhxOYThTIZ1.KrriArFHfvwLKK0x7AIcTz2 |2024-03-16 16:45:13.0 |102700   |
|100005   |ㄷ      |ㄷ       |$2a$10$AQ9Uu2u7rZ/P8efmcEbwNOJVN2Ep.UVuhGQpI.6tbZ6dyhIkgAhKS |2024-03-16 16:46:07.0 |102700   |
|100006   |f      |f       |$2a$10$uWTCoWxVpRfIno9Swwv6YuW3cPMr3doxmoBGv24JtXrMueklVeDb2 |2024-03-16 16:46:36.0 |102700   |
|100007   |ㅂ      |q       |$2a$10$kBURM1YE9yPmVw1ToL1mYuGuegKpRcDhuPOKAunTpQ5lYKaDv2hfu |2024-03-16 16:48:12.0 |102700   |
|100008   |w      |w       |$2a$10$C.GVBsHKSHdZeOyPkPnEEeg64UnsrFScvDcEE8NGSZGyspu.qGgji |2024-03-16 16:48:26.0 |102700   |
|100009   |ㅗ      |h       |$2a$10$g5QK/0AevARvYKQygSo13.3i/vtqYo4h.AvwqmRRJwVxp34KKObkK |2024-03-16 16:53:41.0 |102700   |
|100010   |t      |t       |$2a$10$pVQptKmcO7kkATarcglSIOmTr5Vrz8pcOLmhJfQ7ORWDMQr67WCWy |2024-03-16 16:55:23.0 |102700   |
|100011   |r      |r       |$2a$10$QYgXwUQF6OGPQLRhdfOEH.u4VlgMn7jO2yn6jBy91TCO7ACSG.iKS |2024-03-16 16:55:55.0 |102700   |
|---------|-------|--------|-------------------------------------------------------------|----------------------|---------|

