2024-03-09 00:58:42.655 [http-nio-8080-exec-1] INFO 
				jdbc.resultsettable - 
|-------------------------------------------------------------|----------|
|passwd                                                       |active_yn |
|-------------------------------------------------------------|----------|
|$2a$10$uCdHCSg5mjnelB3LDe5TH.x9l.2jJUK/wPc2wJH2oeEm1JzetWI9C |n         |
|-------------------------------------------------------------|----------|

2024-03-09 00:58:45.706 [http-nio-8080-exec-2] INFO 
				jdbc.resultsettable - 
|-------------------------------------------------------------|----------|
|passwd                                                       |active_yn |
|-------------------------------------------------------------|----------|
|$2a$10$uCdHCSg5mjnelB3LDe5TH.x9l.2jJUK/wPc2wJH2oeEm1JzetWI9C |n         |
|-------------------------------------------------------------|----------|

2024-03-09 00:58:46.613 [http-nio-8080-exec-3] INFO 
				jdbc.resultsettable - 
|-------------------------------------------------------------|----------|
|passwd                                                       |active_yn |
|-------------------------------------------------------------|----------|
|$2a$10$uCdHCSg5mjnelB3LDe5TH.x9l.2jJUK/wPc2wJH2oeEm1JzetWI9C |n         |
|-------------------------------------------------------------|----------|

2024-03-09 00:58:46.814 [http-nio-8080-exec-4] INFO 
				jdbc.resultsettable - 
|-------------------------------------------------------------|----------|
|passwd                                                       |active_yn |
|-------------------------------------------------------------|----------|
|$2a$10$uCdHCSg5mjnelB3LDe5TH.x9l.2jJUK/wPc2wJH2oeEm1JzetWI9C |n         |
|-------------------------------------------------------------|----------|

2024-03-09 00:58:46.974 [http-nio-8080-exec-5] INFO 
				jdbc.resultsettable - 
|-------------------------------------------------------------|----------|
|passwd                                                       |active_yn |
|-------------------------------------------------------------|----------|
|$2a$10$uCdHCSg5mjnelB3LDe5TH.x9l.2jJUK/wPc2wJH2oeEm1JzetWI9C |n         |
|-------------------------------------------------------------|----------|

2024-03-09 00:58:47.164 [http-nio-8080-exec-7] INFO 
				jdbc.resultsettable - 
|-------------------------------------------------------------|----------|
|passwd                                                       |active_yn |
|-------------------------------------------------------------|----------|
|$2a$10$uCdHCSg5mjnelB3LDe5TH.x9l.2jJUK/wPc2wJH2oeEm1JzetWI9C |n         |
|-------------------------------------------------------------|----------|

2024-03-09 00:59:02.499 [http-nio-8080-exec-10] INFO 
				jdbc.resultsettable - 
|----------|
|member_id |
|----------|
|----------|

2024-03-09 00:59:36.236 [http-nio-8080-exec-4] INFO 
				jdbc.resultsettable - 
|-------------------------------------------------------------|----------|
|passwd                                                       |active_yn |
|-------------------------------------------------------------|----------|
|$2a$10$CUAt2/WUjHaqGsxLGSfLh.6ba./CbZixOv5sWKDfGtKW3JxkJS0pm |y         |
|-------------------------------------------------------------|----------|

2024-03-09 01:00:06.318 [http-nio-8080-exec-3] INFO 
				jdbc.resultsettable - 
|-------------------------------------------------------------|----------|
|passwd                                                       |active_yn |
|-------------------------------------------------------------|----------|
|$2a$10$CUAt2/WUjHaqGsxLGSfLh.6ba./CbZixOv5sWKDfGtKW3JxkJS0pm |y         |
|-------------------------------------------------------------|----------|

2024-03-09 01:00:10.338 [http-nio-8080-exec-7] INFO 
				jdbc.resultsettable - 
|-------------------------------------------------------------|----------|
|passwd                                                       |active_yn |
|-------------------------------------------------------------|----------|
|$2a$10$CUAt2/WUjHaqGsxLGSfLh.6ba./CbZixOv5sWKDfGtKW3JxkJS0pm |y         |
|-------------------------------------------------------------|----------|

2024-03-09 01:00:12.649 [http-nio-8080-exec-4] INFO 
				jdbc.resultsettable - 
|-------------------------------------------------------------|----------|
|passwd                                                       |active_yn |
|-------------------------------------------------------------|----------|
|$2a$10$CUAt2/WUjHaqGsxLGSfLh.6ba./CbZixOv5sWKDfGtKW3JxkJS0pm |y         |
|-------------------------------------------------------------|----------|

2024-03-09 21:06:51.154 [http-nio-8080-exec-6] INFO 
				jdbc.resultsettable - 
|----------|
|member_id |
|----------|
|----------|

2024-03-09 21:06:58.046 [http-nio-8080-exec-7] INFO 
				jdbc.resultsettable - 
|----------|
|member_id |
|----------|
|tkdgml    |
|----------|

2024-03-09 21:07:03.883 [http-nio-8080-exec-8] INFO 
				jdbc.resultsettable - 
|----------|
|member_id |
|----------|
|tkdgml    |
|----------|

2024-03-09 21:07:07.495 [http-nio-8080-exec-9] INFO 
				jdbc.resultsettable - 
|----------|
|member_id |
|----------|
|----------|

2024-03-09 21:34:37.129 [http-nio-8080-exec-5] INFO 
				jdbc.resultsettable - 
|-------|----------|
|passwd |active_yn |
|-------|----------|
|1234   |y         |
|-------|----------|

2024-03-09 21:34:43.856 [http-nio-8080-exec-6] INFO 
				jdbc.resultsettable - 
|-------|----------|
|passwd |active_yn |
|-------|----------|
|1234   |y         |
|-------|----------|

2024-03-09 21:35:22.106 [http-nio-8080-exec-8] INFO 
				jdbc.resultsettable - 
|-------|----------|
|passwd |active_yn |
|-------|----------|
|1234   |y         |
|-------|----------|

2024-03-09 21:40:30.919 [http-nio-8080-exec-5] INFO 
				jdbc.resultsettable - 
|-------------------------------------------------------------|----------|
|passwd                                                       |active_yn |
|-------------------------------------------------------------|----------|
|$2a$10$/kwiYax9FZThZdq2hyOWlORV6FCj3OwM66ZOT0uZvQ5t0wHLAULIK |y         |
|-------------------------------------------------------------|----------|

2024-03-09 21:41:10.861 [http-nio-8080-exec-6] INFO 
				jdbc.resultsettable - 
|-------------------------------------------------------------|----------|
|passwd                                                       |active_yn |
|-------------------------------------------------------------|----------|
|$2a$10$/kwiYax9FZThZdq2hyOWlORV6FCj3OwM66ZOT0uZvQ5t0wHLAULIK |y         |
|-------------------------------------------------------------|----------|

2024-03-09 21:41:12.454 [http-nio-8080-exec-9] INFO 
				jdbc.resultsettable - 
|----------|-------------------------------------------------------------|-------------------------|-----------------------------------------|----------|----|-----------|------------|----------|----------------------|------------|--------|-------------|--------------|---------------|------------|----------|------------|-----------|
|member_id |passwd                                                       |profile_original_name    |profile_uuid                             |member_nm |sex |birth_at   |hp          |smssts_yn |email                 |emailsts_yn |zipcode |road_address |jibun_address |namuji_address |etc         |active_yn |inactive_at |join_at    |
|----------|-------------------------------------------------------------|-------------------------|-----------------------------------------|----------|----|-----------|------------|----------|----------------------|------------|--------|-------------|--------------|---------------|------------|----------|------------|-----------|
|asdf      |$2a$10$/kwiYax9FZThZdq2hyOWlORV6FCj3OwM66ZOT0uZvQ5t0wHLAULIK |08. 스프링부트 설치 메뉴얼 (1).pdf |53c5ed2a-3a90-4e0c-85d5-0ccaa6189c34.pdf |a         |w   |2024-03-08 |01011112222 |y         |tkdgml0719@icloud.com |y           |14346   |3            |3             |3              |<p>23</p>
 |y         |null        |2024-03-07 |
|----------|-------------------------------------------------------------|-------------------------|-----------------------------------------|----------|----|-----------|------------|----------|----------------------|------------|--------|-------------|--------------|---------------|------------|----------|------------|-----------|

2024-03-09 21:41:20.399 [http-nio-8080-exec-5] INFO 
				jdbc.resultsettable - 
|----------|-------------------------------------------------------------|-------------------------|-----------------------------------------|----------|----|-----------|------------|----------|----------------------|------------|--------|-------------|--------------|---------------|---------------|----------|------------|-----------|
|member_id |passwd                                                       |profile_original_name    |profile_uuid                             |member_nm |sex |birth_at   |hp          |smssts_yn |email                 |emailsts_yn |zipcode |road_address |jibun_address |namuji_address |etc            |active_yn |inactive_at |join_at    |
|----------|-------------------------------------------------------------|-------------------------|-----------------------------------------|----------|----|-----------|------------|----------|----------------------|------------|--------|-------------|--------------|---------------|---------------|----------|------------|-----------|
|asdf      |$2a$10$/kwiYax9FZThZdq2hyOWlORV6FCj3OwM66ZOT0uZvQ5t0wHLAULIK |08. 스프링부트 설치 메뉴얼 (1).pdf |53c5ed2a-3a90-4e0c-85d5-0ccaa6189c34.pdf |a         |w   |2024-03-08 |01011112222 |y         |tkdgml0719@icloud.com |y           |14346   |3            |3             |3              |<p>23 비번</p>
 |y         |null        |2024-03-07 |
|----------|-------------------------------------------------------------|-------------------------|-----------------------------------------|----------|----|-----------|------------|----------|----------------------|------------|--------|-------------|--------------|---------------|---------------|----------|------------|-----------|

2024-03-09 21:41:50.988 [http-nio-8080-exec-6] INFO 
				jdbc.resultsettable - 
|-------------------------------------------------------------|----------|
|passwd                                                       |active_yn |
|-------------------------------------------------------------|----------|
|$2a$10$rcMHyzpzpfs8ANsYxZGgbOIEahsz.gY96zjPafYfMQvodCxpGXkQS |n         |
|-------------------------------------------------------------|----------|

2024-03-09 21:41:54.137 [http-nio-8080-exec-8] INFO 
				jdbc.resultsettable - 
|-------------------------------------------------------------|----------|
|passwd                                                       |active_yn |
|-------------------------------------------------------------|----------|
|$2a$10$rcMHyzpzpfs8ANsYxZGgbOIEahsz.gY96zjPafYfMQvodCxpGXkQS |n         |
|-------------------------------------------------------------|----------|

2024-03-09 21:42:27.437 [http-nio-8080-exec-1] INFO 
				jdbc.resultsettable - 
|-------|----------|
|passwd |active_yn |
|-------|----------|
|-------|----------|

2024-03-09 21:42:49.596 [http-nio-8080-exec-2] INFO 
				jdbc.resultsettable - 
|----------|
|member_id |
|----------|
|jenny     |
|----------|

2024-03-09 21:43:27.380 [http-nio-8080-exec-4] INFO 
				jdbc.resultsettable - 
|-------|----------|
|passwd |active_yn |
|-------|----------|
|1234   |y         |
|-------|----------|

2024-03-09 21:43:38.410 [http-nio-8080-exec-10] INFO 
				jdbc.resultsettable - 
|----------|
|member_id |
|----------|
|asdf      |
|----------|

2024-03-09 21:43:42.268 [http-nio-8080-exec-8] INFO 
				jdbc.resultsettable - 
|----------|
|member_id |
|----------|
|----------|

2024-03-09 21:44:21.766 [http-nio-8080-exec-4] INFO 
				jdbc.resultsettable - 
|-------------------------------------------------------------|----------|
|passwd                                                       |active_yn |
|-------------------------------------------------------------|----------|
|$2a$10$KScYIYJwZAKEOLf8uj6pBO7p3DpAdUan6n2DsLcCrpiwndWtYtY36 |y         |
|-------------------------------------------------------------|----------|

