2024-03-18 21:01:58.891 [http-nio-8080-exec-10] INFO 
				jdbc.resultsettable - 
|----------|
|member_id |
|----------|
|tkdgml    |
|----------|

2024-03-18 21:02:01.998 [http-nio-8080-exec-9] INFO 
				jdbc.resultsettable - 
|----------|
|member_id |
|----------|
|----------|

2024-03-18 21:02:25.551 [http-nio-8080-exec-5] INFO 
				jdbc.resultsettable - 
|-------------------------------------------------------------|----------|
|passwd                                                       |active_yn |
|-------------------------------------------------------------|----------|
|$2a$10$csfpxKUxNsjIi8VMMep6QO3qynN5kGwvE1nvtiHYLIszo4cw8RR2C |y         |
|-------------------------------------------------------------|----------|

2024-03-18 21:02:25.712 [http-nio-8080-exec-5] INFO 
				jdbc.resultsettable - 
|-------------------------------------------------------------|----------|
|passwd                                                       |active_yn |
|-------------------------------------------------------------|----------|
|$2a$10$csfpxKUxNsjIi8VMMep6QO3qynN5kGwvE1nvtiHYLIszo4cw8RR2C |y         |
|-------------------------------------------------------------|----------|

2024-03-18 21:02:27.410 [http-nio-8080-exec-6] INFO 
				jdbc.resultsettable - 
|----------|-------------------------------------------------------------|----------------------|-----------------------------------------|----------|----|-----------|------------|----------|----------------------|------------|--------|-------------|--------------|---------------|------------|----------|------------|-----------|
|member_id |passwd                                                       |profile_original_name |profile_uuid                             |member_nm |sex |birth_at   |hp          |smssts_yn |email                 |emailsts_yn |zipcode |road_address |jibun_address |namuji_address |etc         |active_yn |inactive_at |join_at    |
|----------|-------------------------------------------------------------|----------------------|-----------------------------------------|----------|----|-----------|------------|----------|----------------------|------------|--------|-------------|--------------|---------------|------------|----------|------------|-----------|
|gg        |$2a$10$csfpxKUxNsjIi8VMMep6QO3qynN5kGwvE1nvtiHYLIszo4cw8RR2C |@) 네트워크 기초.txt        |4ced0115-9426-4c84-b491-7d33b1051f06.txt |gg        |w   |2024-03-18 |01011112222 |y         |tkdgml0719@icloud.com |y           |14346   |a            |a             |a              |<p>gg</p>
 |y         |null        |2024-03-18 |
|----------|-------------------------------------------------------------|----------------------|-----------------------------------------|----------|----|-----------|------------|----------|----------------------|------------|--------|-------------|--------------|---------------|------------|----------|------------|-----------|

2024-03-18 21:12:23.837 [http-nio-8080-exec-1] INFO 
				jdbc.resultsettable - 
|----------|-------------------------------------------------------------|----------------------|-----------------------------------------|----------|----|-----------|------------|----------|----------------------|------------|--------|-------------|--------------|---------------|------------|----------|------------|-----------|
|member_id |passwd                                                       |profile_original_name |profile_uuid                             |member_nm |sex |birth_at   |hp          |smssts_yn |email                 |emailsts_yn |zipcode |road_address |jibun_address |namuji_address |etc         |active_yn |inactive_at |join_at    |
|----------|-------------------------------------------------------------|----------------------|-----------------------------------------|----------|----|-----------|------------|----------|----------------------|------------|--------|-------------|--------------|---------------|------------|----------|------------|-----------|
|gg        |$2a$10$csfpxKUxNsjIi8VMMep6QO3qynN5kGwvE1nvtiHYLIszo4cw8RR2C |@) 네트워크 기초.txt        |4ced0115-9426-4c84-b491-7d33b1051f06.txt |gg        |w   |2024-03-18 |01011112222 |y         |tkdgml0719@icloud.com |y           |14346   |a            |a             |a              |<p>gg</p>
 |y         |null        |2024-03-18 |
|----------|-------------------------------------------------------------|----------------------|-----------------------------------------|----------|----|-----------|------------|----------|----------------------|------------|--------|-------------|--------------|---------------|------------|----------|------------|-----------|

2024-03-18 21:12:27.476 [http-nio-8080-exec-6] INFO 
				jdbc.resultsettable - 
|----------|-------------------------------------------------------------|----------------------|-----------------------------------------|----------|----|-----------|------------|----------|----------------------|------------|--------|-------------|--------------|---------------|------------|----------|------------|-----------|
|member_id |passwd                                                       |profile_original_name |profile_uuid                             |member_nm |sex |birth_at   |hp          |smssts_yn |email                 |emailsts_yn |zipcode |road_address |jibun_address |namuji_address |etc         |active_yn |inactive_at |join_at    |
|----------|-------------------------------------------------------------|----------------------|-----------------------------------------|----------|----|-----------|------------|----------|----------------------|------------|--------|-------------|--------------|---------------|------------|----------|------------|-----------|
|gg        |$2a$10$csfpxKUxNsjIi8VMMep6QO3qynN5kGwvE1nvtiHYLIszo4cw8RR2C |@) 네트워크 기초.txt        |4ced0115-9426-4c84-b491-7d33b1051f06.txt |gg        |w   |2024-03-18 |01011112222 |y         |tkdgml0719@icloud.com |y           |14346   |a            |a             |a              |<p>gg</p>
 |y         |null        |2024-03-18 |
|----------|-------------------------------------------------------------|----------------------|-----------------------------------------|----------|----|-----------|------------|----------|----------------------|------------|--------|-------------|--------------|---------------|------------|----------|------------|-----------|

2024-03-18 21:17:34.072 [http-nio-8080-exec-1] INFO 
				jdbc.resultsettable - 
|----------|-------------------------------------------------------------|----------------------|-----------------------------------------|----------|----|-----------|------------|----------|----------------------|------------|--------|-------------|--------------|---------------|------------------|----------|------------|-----------|
|member_id |passwd                                                       |profile_original_name |profile_uuid                             |member_nm |sex |birth_at   |hp          |smssts_yn |email                 |emailsts_yn |zipcode |road_address |jibun_address |namuji_address |etc               |active_yn |inactive_at |join_at    |
|----------|-------------------------------------------------------------|----------------------|-----------------------------------------|----------|----|-----------|------------|----------|----------------------|------------|--------|-------------|--------------|---------------|------------------|----------|------------|-----------|
|gg        |$2a$10$csfpxKUxNsjIi8VMMep6QO3qynN5kGwvE1nvtiHYLIszo4cw8RR2C |@) 네트워크 기초.txt        |4ced0115-9426-4c84-b491-7d33b1051f06.txt |gg        |w   |2024-03-18 |01011112222 |y         |tkdgml0719@icloud.com |n           |14346   |a            |a             |a              |<p>gg 비번입니당</p>
 |y         |null        |2024-03-18 |
|----------|-------------------------------------------------------------|----------------------|-----------------------------------------|----------|----|-----------|------------|----------|----------------------|------------|--------|-------------|--------------|---------------|------------------|----------|------------|-----------|

