2024-03-06 12:36:23.728 [http-nio-8080-exec-10] INFO 
				jdbc.resultsettable - 
|----------|
|member_id |
|----------|
|----------|

2024-03-06 12:36:32.246 [http-nio-8080-exec-9] INFO 
				jdbc.resultsettable - 
|----------|
|member_id |
|----------|
|----------|

2024-03-06 12:36:33.014 [http-nio-8080-exec-1] INFO 
				jdbc.resultsettable - 
|----------|
|member_id |
|----------|
|----------|

2024-03-06 13:07:01.952 [http-nio-8080-exec-8] INFO 
				jdbc.resultsettable - 
|----------|
|member_id |
|----------|
|----------|

2024-03-06 13:09:01.592 [http-nio-8080-exec-8] INFO 
				jdbc.resultsettable - 
|----------|
|member_id |
|----------|
|----------|

2024-03-06 13:11:32.454 [http-nio-8080-exec-1] INFO 
				jdbc.resultsettable - 
|----------|
|member_id |
|----------|
|----------|

2024-03-06 13:11:49.927 [http-nio-8080-exec-3] INFO 
				jdbc.resultsettable - 
|----------|
|member_id |
|----------|
|----------|

2024-03-06 13:11:50.750 [http-nio-8080-exec-5] INFO 
				jdbc.resultsettable - 
|----------|
|member_id |
|----------|
|----------|

2024-03-06 13:11:50.927 [http-nio-8080-exec-6] INFO 
				jdbc.resultsettable - 
|----------|
|member_id |
|----------|
|----------|

2024-03-06 13:20:13.589 [http-nio-8080-exec-8] INFO 
				jdbc.resultsettable - 
|----------|
|member_id |
|----------|
|----------|

2024-03-06 13:20:19.876 [http-nio-8080-exec-8] INFO 
				jdbc.resultsettable - 
|----------|
|member_id |
|----------|
|----------|

2024-03-06 13:20:58.153 [http-nio-8080-exec-3] INFO 
				jdbc.resultsettable - 
|----------|
|member_id |
|----------|
|tkdgml    |
|----------|

2024-03-06 13:26:20.151 [http-nio-8080-exec-1] INFO 
				jdbc.resultsettable - 
|-------------------------------------------------------------|----------|
|passwd                                                       |active_yn |
|-------------------------------------------------------------|----------|
|$2a$10$91gzZeXyeIPBopdLT0V35u5rmgxtfXeuXOyhsPKWtg5mqh5S2TmE. |y         |
|-------------------------------------------------------------|----------|

2024-03-06 21:55:53.696 [http-nio-8080-exec-1] INFO 
				jdbc.resultsettable - 
|-------------------------------------------------------------|----------|
|passwd                                                       |active_yn |
|-------------------------------------------------------------|----------|
|$2a$10$91gzZeXyeIPBopdLT0V35u5rmgxtfXeuXOyhsPKWtg5mqh5S2TmE. |y         |
|-------------------------------------------------------------|----------|

2024-03-06 21:55:55.631 [http-nio-8080-exec-3] INFO 
				jdbc.resultsettable - 
|----------|-------------------------------------------------------------|----------------------|-----------------------------------------|----------|----|-----------|------------|----------|----------------------|------------|--------|-------------|--------------|---------------|--------------|----------|------------|-----------|
|member_id |passwd                                                       |profile_original_name |profile_uuid                             |member_nm |sex |birth_at   |hp          |smssts_yn |email                 |emailsts_yn |zipcode |road_address |jibun_address |namuji_address |etc           |active_yn |inactive_at |join_at    |
|----------|-------------------------------------------------------------|----------------------|-----------------------------------------|----------|----|-----------|------------|----------|----------------------|------------|--------|-------------|--------------|---------------|--------------|----------|------------|-----------|
|tkdgml    |$2a$10$91gzZeXyeIPBopdLT0V35u5rmgxtfXeuXOyhsPKWtg5mqh5S2TmE. |boardDetail.htm       |77532a84-4b98-41a0-bc29-b3d40f619df2.htm |랑히        |w   |2024-03-06 |01011112222 |n         |tkdgml0719@icloud.com |y           |14346   |1            |1             |1              |<p>1234</p>
 |y         |null        |2024-03-06 |
|----------|-------------------------------------------------------------|----------------------|-----------------------------------------|----------|----|-----------|------------|----------|----------------------|------------|--------|-------------|--------------|---------------|--------------|----------|------------|-----------|

2024-03-06 21:57:12.871 [http-nio-8080-exec-2] INFO 
				jdbc.resultsettable - 
|----------|-------------------------------------------------------------|----------------------|-----------------------------------------|----------|----|-----------|------------|----------|-----------------------|------------|--------|-------------|--------------|---------------|--------------------|----------|------------|-----------|
|member_id |passwd                                                       |profile_original_name |profile_uuid                             |member_nm |sex |birth_at   |hp          |smssts_yn |email                  |emailsts_yn |zipcode |road_address |jibun_address |namuji_address |etc                 |active_yn |inactive_at |join_at    |
|----------|-------------------------------------------------------------|----------------------|-----------------------------------------|----------|----|-----------|------------|----------|-----------------------|------------|--------|-------------|--------------|---------------|--------------------|----------|------------|-----------|
|tkdgml    |$2a$10$91gzZeXyeIPBopdLT0V35u5rmgxtfXeuXOyhsPKWtg5mqh5S2TmE. |boardDetail.htm       |0527f96b-1b4d-4fe8-8e3a-999bb9957438.htm |상희        |w   |2024-03-06 |01011112222 |y         |tkdgml0719@icloud.comf |y           |14346   |1            |1             |1              |<p>1234 비번입니당</p>
 |y         |null        |2024-03-06 |
|----------|-------------------------------------------------------------|----------------------|-----------------------------------------|----------|----|-----------|------------|----------|-----------------------|------------|--------|-------------|--------------|---------------|--------------------|----------|------------|-----------|

2024-03-06 21:57:23.829 [http-nio-8080-exec-9] INFO 
				jdbc.resultsettable - 
|----------|-------------------------------------------------------------|----------------------|-----------------------------------------|----------|----|-----------|------------|----------|-----------------------|------------|--------|-------------|--------------|---------------|--------------------|----------|------------|-----------|
|member_id |passwd                                                       |profile_original_name |profile_uuid                             |member_nm |sex |birth_at   |hp          |smssts_yn |email                  |emailsts_yn |zipcode |road_address |jibun_address |namuji_address |etc                 |active_yn |inactive_at |join_at    |
|----------|-------------------------------------------------------------|----------------------|-----------------------------------------|----------|----|-----------|------------|----------|-----------------------|------------|--------|-------------|--------------|---------------|--------------------|----------|------------|-----------|
|tkdgml    |$2a$10$91gzZeXyeIPBopdLT0V35u5rmgxtfXeuXOyhsPKWtg5mqh5S2TmE. |boardDetail.htm       |0527f96b-1b4d-4fe8-8e3a-999bb9957438.htm |상희        |w   |2024-03-06 |01011112222 |y         |tkdgml0719@icloud.comf |y           |14346   |1            |1             |1              |<p>1234 비번입니당</p>
 |y         |null        |2024-03-06 |
|----------|-------------------------------------------------------------|----------------------|-----------------------------------------|----------|----|-----------|------------|----------|-----------------------|------------|--------|-------------|--------------|---------------|--------------------|----------|------------|-----------|

2024-03-06 21:57:26.877 [http-nio-8080-exec-5] INFO 
				jdbc.resultsettable - 
|----------|-------------------------------------------------------------|----------------------|-----------------------------------------|----------|----|-----------|------------|----------|-----------------------|------------|--------|-------------|--------------|---------------|--------------------|----------|------------|-----------|
|member_id |passwd                                                       |profile_original_name |profile_uuid                             |member_nm |sex |birth_at   |hp          |smssts_yn |email                  |emailsts_yn |zipcode |road_address |jibun_address |namuji_address |etc                 |active_yn |inactive_at |join_at    |
|----------|-------------------------------------------------------------|----------------------|-----------------------------------------|----------|----|-----------|------------|----------|-----------------------|------------|--------|-------------|--------------|---------------|--------------------|----------|------------|-----------|
|tkdgml    |$2a$10$91gzZeXyeIPBopdLT0V35u5rmgxtfXeuXOyhsPKWtg5mqh5S2TmE. |boardDetail.htm       |0527f96b-1b4d-4fe8-8e3a-999bb9957438.htm |상희        |w   |2024-03-06 |01011112222 |y         |tkdgml0719@icloud.comf |y           |14346   |1            |1             |1              |<p>1234 비번입니당</p>
 |y         |null        |2024-03-06 |
|----------|-------------------------------------------------------------|----------------------|-----------------------------------------|----------|----|-----------|------------|----------|-----------------------|------------|--------|-------------|--------------|---------------|--------------------|----------|------------|-----------|

