2024-03-19 13:02:10.199 [http-nio-8080-exec-4] INFO 
				jdbc.resultsettable - 
|---------|
|count(*) |
|---------|
|2701     |
|---------|

2024-03-19 13:02:10.240 [http-nio-8080-exec-4] INFO 
				jdbc.resultsettable - 
|---------|--------|--------|---------------------|-------------------------------------------------------------|---------|----------------------|
|board_id |writer  |subject |content              |passwd                                                       |read_cnt |enroll_at             |
|---------|--------|--------|---------------------|-------------------------------------------------------------|---------|----------------------|
|102507   |파파타하카차자 |라카자라마가타 |<p>하하파가타카자DFDF</p>
 |$2a$10$grbHrJiSufUTqMf/zb9we.m3GTsmuPHH/dCOrfDm7CJbZ42VjhPBi |2        |2024-03-17 01:20:39.0 |
|102409   |가가다다파사다 |타바차다아다바 |자마사다사자바              |$2a$10$M2Y.Pehmu3JTXKOX37y5y.IXcIgn4Ro5ZZwHKaGnHd9hI.GdgMbMS |0        |2024-03-13 01:23:00.0 |
|102405   |차바나타타타차 |사라사가바나차 |바가자다마차다              |$2a$10$cxRtN0TV.ac6SdJF2CPWxu0zMrdxqANCQqE6RSmpJmJ.ro88jewI6 |0        |2024-03-13 01:23:00.0 |
|102401   |가바바나차아파 |자파나나사마타 |아카라차차자차              |$2a$10$NrMJwUt0TlXJOZh8UE2KUOky36swORRYL0tri6rQ95RsjYiGJpIke |0        |2024-03-13 01:23:00.0 |
|102700   |마나가사마바사 |하다바사차사파 |가파바나카라아              |$2a$10$gORAqW17uIHJGDYIVZIGkuP6TkcKnPRcqka91uUNyVFa4xuwg3IZG |9        |2024-03-13 01:23:00.0 |
|102410   |차하카아타바사 |다아나아가사라 |바사자사파라사              |$2a$10$BirSU56hA4x/hWDR2V6EA.QX3n3aPwc/TNlP9hWLTV8zPoGITam/G |0        |2024-03-13 01:23:00.0 |
|102408   |가바바카아사자 |나사사아가파다 |타바다가라자가              |$2a$10$jjKlkvep1NkQ/ln/BsJMYeIS.nAReroBlA3VtviL4qH2TAY9aHJg2 |0        |2024-03-13 01:23:00.0 |
|102403   |나자사가가아라 |파나파타나나차 |타하가아다다바              |$2a$10$2OYiK.iXGTUreG8A6HyBx.KFwKNXqlB4fM61JwO91XPF1vnEDnc.. |0        |2024-03-13 01:23:00.0 |
|102402   |아사라파카다아 |바파마차가자가 |라마다파자마파              |$2a$10$zcvrUdmpLgPb7pzRjMwgFO6OQV5ChTtLReFngFb9OyNHXW4yS1fzK |0        |2024-03-13 01:23:00.0 |
|102406   |하바자다카바파 |사마라타마자자 |다아가가바파마              |$2a$10$aDVCMbVN/k.4UW6vsmcbL.VGUURDmIXzOPTBjKESS8aiE/9yeKEKe |3        |2024-03-13 01:23:00.0 |
|---------|--------|--------|---------------------|-------------------------------------------------------------|---------|----------------------|

2024-03-19 13:02:23.585 [http-nio-8080-exec-7] INFO 
				jdbc.resultsettable - 
|---------|
|count(*) |
|---------|
|2701     |
|---------|

2024-03-19 13:02:23.614 [http-nio-8080-exec-7] INFO 
				jdbc.resultsettable - 
|---------|--------|--------|---------------------|-------------------------------------------------------------|---------|----------------------|
|board_id |writer  |subject |content              |passwd                                                       |read_cnt |enroll_at             |
|---------|--------|--------|---------------------|-------------------------------------------------------------|---------|----------------------|
|102507   |파파타하카차자 |라카자라마가타 |<p>하하파가타카자DFDF</p>
 |$2a$10$grbHrJiSufUTqMf/zb9we.m3GTsmuPHH/dCOrfDm7CJbZ42VjhPBi |2        |2024-03-17 01:20:39.0 |
|102409   |가가다다파사다 |타바차다아다바 |자마사다사자바              |$2a$10$M2Y.Pehmu3JTXKOX37y5y.IXcIgn4Ro5ZZwHKaGnHd9hI.GdgMbMS |0        |2024-03-13 01:23:00.0 |
|102405   |차바나타타타차 |사라사가바나차 |바가자다마차다              |$2a$10$cxRtN0TV.ac6SdJF2CPWxu0zMrdxqANCQqE6RSmpJmJ.ro88jewI6 |0        |2024-03-13 01:23:00.0 |
|102401   |가바바나차아파 |자파나나사마타 |아카라차차자차              |$2a$10$NrMJwUt0TlXJOZh8UE2KUOky36swORRYL0tri6rQ95RsjYiGJpIke |0        |2024-03-13 01:23:00.0 |
|102700   |마나가사마바사 |하다바사차사파 |가파바나카라아              |$2a$10$gORAqW17uIHJGDYIVZIGkuP6TkcKnPRcqka91uUNyVFa4xuwg3IZG |9        |2024-03-13 01:23:00.0 |
|102410   |차하카아타바사 |다아나아가사라 |바사자사파라사              |$2a$10$BirSU56hA4x/hWDR2V6EA.QX3n3aPwc/TNlP9hWLTV8zPoGITam/G |0        |2024-03-13 01:23:00.0 |
|102408   |가바바카아사자 |나사사아가파다 |타바다가라자가              |$2a$10$jjKlkvep1NkQ/ln/BsJMYeIS.nAReroBlA3VtviL4qH2TAY9aHJg2 |0        |2024-03-13 01:23:00.0 |
|102403   |나자사가가아라 |파나파타나나차 |타하가아다다바              |$2a$10$2OYiK.iXGTUreG8A6HyBx.KFwKNXqlB4fM61JwO91XPF1vnEDnc.. |0        |2024-03-13 01:23:00.0 |
|102402   |아사라파카다아 |바파마차가자가 |라마다파자마파              |$2a$10$zcvrUdmpLgPb7pzRjMwgFO6OQV5ChTtLReFngFb9OyNHXW4yS1fzK |0        |2024-03-13 01:23:00.0 |
|102406   |하바자다카바파 |사마라타마자자 |다아가가바파마              |$2a$10$aDVCMbVN/k.4UW6vsmcbL.VGUURDmIXzOPTBjKESS8aiE/9yeKEKe |3        |2024-03-13 01:23:00.0 |
|---------|--------|--------|---------------------|-------------------------------------------------------------|---------|----------------------|

2024-03-19 13:02:27.699 [http-nio-8080-exec-9] INFO 
				jdbc.resultsettable - 
|---------|--------|--------|---------------------|-------------------------------------------------------------|---------|----------------------|
|board_id |writer  |subject |content              |passwd                                                       |read_cnt |enroll_at             |
|---------|--------|--------|---------------------|-------------------------------------------------------------|---------|----------------------|
|102507   |파파타하카차자 |라카자라마가타 |<p>하하파가타카자DFDF</p>
 |$2a$10$grbHrJiSufUTqMf/zb9we.m3GTsmuPHH/dCOrfDm7CJbZ42VjhPBi |3        |2024-03-17 01:20:39.0 |
|---------|--------|--------|---------------------|-------------------------------------------------------------|---------|----------------------|

2024-03-19 13:02:27.709 [http-nio-8080-exec-9] INFO 
				jdbc.resultsettable - 
|---------|
|count(*) |
|---------|
|0        |
|---------|

2024-03-19 13:02:27.709 [http-nio-8080-exec-9] INFO 
				jdbc.resultsettable - 
|---------|-------|--------|-------|----------|---------|
|reply_id |writer |content |passwd |enroll_at |board_id |
|---------|-------|--------|-------|----------|---------|
|---------|-------|--------|-------|----------|---------|

2024-03-19 13:02:29.756 [http-nio-8080-exec-10] INFO 
				jdbc.resultsettable - 
|---------|--------|--------|---------------------|-------------------------------------------------------------|---------|----------------------|
|board_id |writer  |subject |content              |passwd                                                       |read_cnt |enroll_at             |
|---------|--------|--------|---------------------|-------------------------------------------------------------|---------|----------------------|
|102507   |파파타하카차자 |라카자라마가타 |<p>하하파가타카자DFDF</p>
 |$2a$10$grbHrJiSufUTqMf/zb9we.m3GTsmuPHH/dCOrfDm7CJbZ42VjhPBi |3        |2024-03-17 01:20:39.0 |
|---------|--------|--------|---------------------|-------------------------------------------------------------|---------|----------------------|

2024-03-19 13:02:32.378 [http-nio-8080-exec-1] INFO 
				jdbc.resultsettable - 
|---------|--------|--------|---------------------|-------------------------------------------------------------|---------|----------------------|
|board_id |writer  |subject |content              |passwd                                                       |read_cnt |enroll_at             |
|---------|--------|--------|---------------------|-------------------------------------------------------------|---------|----------------------|
|102507   |파파타하카차자 |라카자라마가타 |<p>하하파가타카자DFDF</p>
 |$2a$10$grbHrJiSufUTqMf/zb9we.m3GTsmuPHH/dCOrfDm7CJbZ42VjhPBi |4        |2024-03-17 01:20:39.0 |
|---------|--------|--------|---------------------|-------------------------------------------------------------|---------|----------------------|

2024-03-19 13:02:32.381 [http-nio-8080-exec-1] INFO 
				jdbc.resultsettable - 
|---------|
|count(*) |
|---------|
|0        |
|---------|

2024-03-19 13:02:32.381 [http-nio-8080-exec-1] INFO 
				jdbc.resultsettable - 
|---------|-------|--------|-------|----------|---------|
|reply_id |writer |content |passwd |enroll_at |board_id |
|---------|-------|--------|-------|----------|---------|
|---------|-------|--------|-------|----------|---------|

2024-03-19 13:02:37.432 [http-nio-8080-exec-2] INFO 
				jdbc.resultsettable - 
|---------|--------|--------|---------------------|-------------------------------------------------------------|---------|----------------------|
|board_id |writer  |subject |content              |passwd                                                       |read_cnt |enroll_at             |
|---------|--------|--------|---------------------|-------------------------------------------------------------|---------|----------------------|
|102507   |파파타하카차자 |라카자라마가타 |<p>하하파가타카자DFDF</p>
 |$2a$10$grbHrJiSufUTqMf/zb9we.m3GTsmuPHH/dCOrfDm7CJbZ42VjhPBi |4        |2024-03-17 01:20:39.0 |
|---------|--------|--------|---------------------|-------------------------------------------------------------|---------|----------------------|

2024-03-19 13:02:40.077 [http-nio-8080-exec-3] INFO 
				jdbc.resultsettable - 
|-------------------------------------------------------------|
|passwd                                                       |
|-------------------------------------------------------------|
|$2a$10$grbHrJiSufUTqMf/zb9we.m3GTsmuPHH/dCOrfDm7CJbZ42VjhPBi |
|-------------------------------------------------------------|

2024-03-19 13:02:48.580 [http-nio-8080-exec-4] INFO 
				jdbc.resultsettable - 
|---------|--------|--------|---------------------|-------------------------------------------------------------|---------|----------------------|
|board_id |writer  |subject |content              |passwd                                                       |read_cnt |enroll_at             |
|---------|--------|--------|---------------------|-------------------------------------------------------------|---------|----------------------|
|102507   |파파타하카차자 |라카자라마가타 |<p>하하파가타카자DFDF</p>
 |$2a$10$grbHrJiSufUTqMf/zb9we.m3GTsmuPHH/dCOrfDm7CJbZ42VjhPBi |4        |2024-03-17 01:20:39.0 |
|---------|--------|--------|---------------------|-------------------------------------------------------------|---------|----------------------|

2024-03-19 13:03:07.920 [http-nio-8080-exec-6] INFO 
				jdbc.resultsettable - 
|---------|--------|--------|---------------------|-------------------------------------------------------------|---------|----------------------|
|board_id |writer  |subject |content              |passwd                                                       |read_cnt |enroll_at             |
|---------|--------|--------|---------------------|-------------------------------------------------------------|---------|----------------------|
|102507   |파파타하카차자 |라카자라마가타 |<p>하하파가타카자DFDF</p>
 |$2a$10$grbHrJiSufUTqMf/zb9we.m3GTsmuPHH/dCOrfDm7CJbZ42VjhPBi |5        |2024-03-17 01:20:39.0 |
|---------|--------|--------|---------------------|-------------------------------------------------------------|---------|----------------------|

2024-03-19 13:03:07.922 [http-nio-8080-exec-6] INFO 
				jdbc.resultsettable - 
|---------|
|count(*) |
|---------|
|0        |
|---------|

2024-03-19 13:03:07.926 [http-nio-8080-exec-6] INFO 
				jdbc.resultsettable - 
|---------|-------|--------|-------|----------|---------|
|reply_id |writer |content |passwd |enroll_at |board_id |
|---------|-------|--------|-------|----------|---------|
|---------|-------|--------|-------|----------|---------|

