2024-03-25 21:50:30.998 [http-nio-8080-exec-1] INFO 
				jdbc.resultsettable - 
|---------|
|count(*) |
|---------|
|3        |
|---------|

2024-03-25 21:50:31.009 [http-nio-8080-exec-1] INFO 
				jdbc.resultsettable - 
|---------|-------|--------|-----------|-------------------------------------------------------------|---------|----------------------|
|board_id |writer |subject |content    |passwd                                                       |read_cnt |enroll_at             |
|---------|-------|--------|-----------|-------------------------------------------------------------|---------|----------------------|
|103310   |c      |c       |<p>c</p>
 |$2a$10$x06S4DdwVTv.52R7C4VF1eUCDI0KrcGBAEeVL52BiM9ZG15wmLoE2 |12       |2024-03-24 22:33:54.0 |
|103305   |b      |b       |<p>b</p>
 |b                                                            |0        |2024-03-21 12:16:03.0 |
|103304   |a      |a       |<p>a</p>
 |a                                                            |2        |2024-03-21 12:14:43.0 |
|---------|-------|--------|-----------|-------------------------------------------------------------|---------|----------------------|

2024-03-25 21:50:33.401 [http-nio-8080-exec-4] INFO 
				jdbc.resultsettable - 
|---------|-------|--------|-----------|-------------------------------------------------------------|---------|----------------------|
|board_id |writer |subject |content    |passwd                                                       |read_cnt |enroll_at             |
|---------|-------|--------|-----------|-------------------------------------------------------------|---------|----------------------|
|103310   |c      |c       |<p>c</p>
 |$2a$10$x06S4DdwVTv.52R7C4VF1eUCDI0KrcGBAEeVL52BiM9ZG15wmLoE2 |13       |2024-03-24 22:33:54.0 |
|---------|-------|--------|-----------|-------------------------------------------------------------|---------|----------------------|

2024-03-25 21:50:33.403 [http-nio-8080-exec-4] INFO 
				jdbc.resultsettable - 
|---------|
|count(*) |
|---------|
|1        |
|---------|

2024-03-25 21:50:33.406 [http-nio-8080-exec-4] INFO 
				jdbc.resultsettable - 
|---------|-------|--------|-------------------------------------------------------------|----------------------|---------|
|reply_id |writer |content |passwd                                                       |enroll_at             |board_id |
|---------|-------|--------|-------------------------------------------------------------|----------------------|---------|
|100012   |Q      |Q       |$2a$10$LZ/79wvxDTzlUYUUtDZYeOOuMQc3uXh3AzlIj.az.yJjZld70HWku |2024-03-24 23:03:56.0 |103310   |
|---------|-------|--------|-------------------------------------------------------------|----------------------|---------|

2024-03-25 21:50:38.558 [http-nio-8080-exec-5] INFO 
				jdbc.resultsettable - 
|---------|-------|--------|-------------------------------------------------------------|----------------------|---------|
|reply_id |writer |content |passwd                                                       |enroll_at             |board_id |
|---------|-------|--------|-------------------------------------------------------------|----------------------|---------|
|100012   |Q      |Q       |$2a$10$LZ/79wvxDTzlUYUUtDZYeOOuMQc3uXh3AzlIj.az.yJjZld70HWku |2024-03-24 23:03:56.0 |103310   |
|---------|-------|--------|-------------------------------------------------------------|----------------------|---------|

2024-03-25 21:50:42.232 [http-nio-8080-exec-6] INFO 
				jdbc.resultsettable - 
|-------------------------------------------------------------|
|passwd                                                       |
|-------------------------------------------------------------|
|$2a$10$LZ/79wvxDTzlUYUUtDZYeOOuMQc3uXh3AzlIj.az.yJjZld70HWku |
|-------------------------------------------------------------|

2024-03-25 21:50:43.578 [http-nio-8080-exec-7] INFO 
				jdbc.resultsettable - 
|---------|-------|--------|-------------------------------------------------------------|----------------------|---------|
|reply_id |writer |content |passwd                                                       |enroll_at             |board_id |
|---------|-------|--------|-------------------------------------------------------------|----------------------|---------|
|100012   |Q      |Q       |$2a$10$LZ/79wvxDTzlUYUUtDZYeOOuMQc3uXh3AzlIj.az.yJjZld70HWku |2024-03-24 23:03:56.0 |103310   |
|---------|-------|--------|-------------------------------------------------------------|----------------------|---------|

2024-03-25 21:50:47.678 [http-nio-8080-exec-8] INFO 
				jdbc.resultsettable - 
|-------------------------------------------------------------|
|passwd                                                       |
|-------------------------------------------------------------|
|$2a$10$LZ/79wvxDTzlUYUUtDZYeOOuMQc3uXh3AzlIj.az.yJjZld70HWku |
|-------------------------------------------------------------|

2024-03-25 21:50:49.073 [http-nio-8080-exec-9] INFO 
				jdbc.resultsettable - 
|---------|-------|--------|-------------------------------------------------------------|----------------------|---------|
|reply_id |writer |content |passwd                                                       |enroll_at             |board_id |
|---------|-------|--------|-------------------------------------------------------------|----------------------|---------|
|100012   |Q      |Q       |$2a$10$LZ/79wvxDTzlUYUUtDZYeOOuMQc3uXh3AzlIj.az.yJjZld70HWku |2024-03-24 23:03:56.0 |103310   |
|---------|-------|--------|-------------------------------------------------------------|----------------------|---------|

2024-03-25 21:50:51.001 [http-nio-8080-exec-10] INFO 
				jdbc.resultsettable - 
|---------|-------|--------|-----------|-------------------------------------------------------------|---------|----------------------|
|board_id |writer |subject |content    |passwd                                                       |read_cnt |enroll_at             |
|---------|-------|--------|-----------|-------------------------------------------------------------|---------|----------------------|
|103310   |c      |c       |<p>c</p>
 |$2a$10$x06S4DdwVTv.52R7C4VF1eUCDI0KrcGBAEeVL52BiM9ZG15wmLoE2 |14       |2024-03-24 22:33:54.0 |
|---------|-------|--------|-----------|-------------------------------------------------------------|---------|----------------------|

2024-03-25 21:50:51.007 [http-nio-8080-exec-10] INFO 
				jdbc.resultsettable - 
|---------|
|count(*) |
|---------|
|1        |
|---------|

2024-03-25 21:50:51.007 [http-nio-8080-exec-10] INFO 
				jdbc.resultsettable - 
|---------|-------|--------|-------------------------------------------------------------|----------------------|---------|
|reply_id |writer |content |passwd                                                       |enroll_at             |board_id |
|---------|-------|--------|-------------------------------------------------------------|----------------------|---------|
|100012   |Q      |Q       |$2a$10$LZ/79wvxDTzlUYUUtDZYeOOuMQc3uXh3AzlIj.az.yJjZld70HWku |2024-03-24 23:03:56.0 |103310   |
|---------|-------|--------|-------------------------------------------------------------|----------------------|---------|

2024-03-25 21:50:56.878 [http-nio-8080-exec-1] INFO 
				jdbc.resultsettable - 
|---------|-------|--------|-------------------------------------------------------------|----------------------|---------|
|reply_id |writer |content |passwd                                                       |enroll_at             |board_id |
|---------|-------|--------|-------------------------------------------------------------|----------------------|---------|
|100012   |Q      |Q       |$2a$10$LZ/79wvxDTzlUYUUtDZYeOOuMQc3uXh3AzlIj.az.yJjZld70HWku |2024-03-24 23:03:56.0 |103310   |
|---------|-------|--------|-------------------------------------------------------------|----------------------|---------|

2024-03-25 21:50:59.182 [http-nio-8080-exec-2] INFO 
				jdbc.resultsettable - 
|-------------------------------------------------------------|
|passwd                                                       |
|-------------------------------------------------------------|
|$2a$10$LZ/79wvxDTzlUYUUtDZYeOOuMQc3uXh3AzlIj.az.yJjZld70HWku |
|-------------------------------------------------------------|

2024-03-25 21:51:00.228 [http-nio-8080-exec-3] INFO 
				jdbc.resultsettable - 
|---------|-------|--------|-------------------------------------------------------------|----------------------|---------|
|reply_id |writer |content |passwd                                                       |enroll_at             |board_id |
|---------|-------|--------|-------------------------------------------------------------|----------------------|---------|
|100012   |Q      |Q       |$2a$10$LZ/79wvxDTzlUYUUtDZYeOOuMQc3uXh3AzlIj.az.yJjZld70HWku |2024-03-24 23:03:56.0 |103310   |
|---------|-------|--------|-------------------------------------------------------------|----------------------|---------|

2024-03-25 21:51:00.984 [http-nio-8080-exec-4] INFO 
				jdbc.resultsettable - 
|---------|-------|--------|-----------|-------------------------------------------------------------|---------|----------------------|
|board_id |writer |subject |content    |passwd                                                       |read_cnt |enroll_at             |
|---------|-------|--------|-----------|-------------------------------------------------------------|---------|----------------------|
|103310   |c      |c       |<p>c</p>
 |$2a$10$x06S4DdwVTv.52R7C4VF1eUCDI0KrcGBAEeVL52BiM9ZG15wmLoE2 |15       |2024-03-24 22:33:54.0 |
|---------|-------|--------|-----------|-------------------------------------------------------------|---------|----------------------|

2024-03-25 21:51:00.985 [http-nio-8080-exec-4] INFO 
				jdbc.resultsettable - 
|---------|
|count(*) |
|---------|
|1        |
|---------|

2024-03-25 21:51:00.987 [http-nio-8080-exec-4] INFO 
				jdbc.resultsettable - 
|---------|-------|--------|-------------------------------------------------------------|----------------------|---------|
|reply_id |writer |content |passwd                                                       |enroll_at             |board_id |
|---------|-------|--------|-------------------------------------------------------------|----------------------|---------|
|100012   |Q      |Q       |$2a$10$LZ/79wvxDTzlUYUUtDZYeOOuMQc3uXh3AzlIj.az.yJjZld70HWku |2024-03-24 23:03:56.0 |103310   |
|---------|-------|--------|-------------------------------------------------------------|----------------------|---------|

2024-03-25 21:51:06.839 [http-nio-8080-exec-7] INFO 
				jdbc.resultsettable - 
|---------|-------|--------|-----------|-------------------------------------------------------------|---------|----------------------|
|board_id |writer |subject |content    |passwd                                                       |read_cnt |enroll_at             |
|---------|-------|--------|-----------|-------------------------------------------------------------|---------|----------------------|
|103310   |c      |c       |<p>c</p>
 |$2a$10$x06S4DdwVTv.52R7C4VF1eUCDI0KrcGBAEeVL52BiM9ZG15wmLoE2 |16       |2024-03-24 22:33:54.0 |
|---------|-------|--------|-----------|-------------------------------------------------------------|---------|----------------------|

2024-03-25 21:51:06.841 [http-nio-8080-exec-7] INFO 
				jdbc.resultsettable - 
|---------|
|count(*) |
|---------|
|2        |
|---------|

2024-03-25 21:51:06.843 [http-nio-8080-exec-7] INFO 
				jdbc.resultsettable - 
|---------|-------|--------|-------------------------------------------------------------|----------------------|---------|
|reply_id |writer |content |passwd                                                       |enroll_at             |board_id |
|---------|-------|--------|-------------------------------------------------------------|----------------------|---------|
|100012   |Q      |Q       |$2a$10$LZ/79wvxDTzlUYUUtDZYeOOuMQc3uXh3AzlIj.az.yJjZld70HWku |2024-03-24 23:03:56.0 |103310   |
|100013   |1      |1       |$2a$10$v1TGFtvIv/1YL8vumRMSBuFo9SwOooIOx.TshrFIlg0/cbhDjI6Jq |2024-03-25 21:51:06.0 |103310   |
|---------|-------|--------|-------------------------------------------------------------|----------------------|---------|

2024-03-25 21:51:08.340 [http-nio-8080-exec-8] INFO 
				jdbc.resultsettable - 
|---------|-------|--------|-------------------------------------------------------------|----------------------|---------|
|reply_id |writer |content |passwd                                                       |enroll_at             |board_id |
|---------|-------|--------|-------------------------------------------------------------|----------------------|---------|
|100013   |1      |1       |$2a$10$v1TGFtvIv/1YL8vumRMSBuFo9SwOooIOx.TshrFIlg0/cbhDjI6Jq |2024-03-25 21:51:06.0 |103310   |
|---------|-------|--------|-------------------------------------------------------------|----------------------|---------|

2024-03-25 21:51:10.271 [http-nio-8080-exec-9] INFO 
				jdbc.resultsettable - 
|-------------------------------------------------------------|
|passwd                                                       |
|-------------------------------------------------------------|
|$2a$10$v1TGFtvIv/1YL8vumRMSBuFo9SwOooIOx.TshrFIlg0/cbhDjI6Jq |
|-------------------------------------------------------------|

2024-03-25 21:51:10.387 [http-nio-8080-exec-10] INFO 
				jdbc.resultsettable - 
|---------|-------|--------|-----------|-------------------------------------------------------------|---------|----------------------|
|board_id |writer |subject |content    |passwd                                                       |read_cnt |enroll_at             |
|---------|-------|--------|-----------|-------------------------------------------------------------|---------|----------------------|
|103310   |c      |c       |<p>c</p>
 |$2a$10$x06S4DdwVTv.52R7C4VF1eUCDI0KrcGBAEeVL52BiM9ZG15wmLoE2 |17       |2024-03-24 22:33:54.0 |
|---------|-------|--------|-----------|-------------------------------------------------------------|---------|----------------------|

2024-03-25 21:51:10.389 [http-nio-8080-exec-10] INFO 
				jdbc.resultsettable - 
|---------|
|count(*) |
|---------|
|2        |
|---------|

2024-03-25 21:51:10.392 [http-nio-8080-exec-10] INFO 
				jdbc.resultsettable - 
|---------|-------|--------|-------------------------------------------------------------|----------------------|---------|
|reply_id |writer |content |passwd                                                       |enroll_at             |board_id |
|---------|-------|--------|-------------------------------------------------------------|----------------------|---------|
|100012   |Q      |Q       |$2a$10$LZ/79wvxDTzlUYUUtDZYeOOuMQc3uXh3AzlIj.az.yJjZld70HWku |2024-03-24 23:03:56.0 |103310   |
|100013   |1      |1       |$2a$10$v1TGFtvIv/1YL8vumRMSBuFo9SwOooIOx.TshrFIlg0/cbhDjI6Jq |2024-03-25 21:51:10.0 |103310   |
|---------|-------|--------|-------------------------------------------------------------|----------------------|---------|

2024-03-25 21:51:13.106 [http-nio-8080-exec-1] INFO 
				jdbc.resultsettable - 
|---------|-------|--------|-------------------------------------------------------------|----------------------|---------|
|reply_id |writer |content |passwd                                                       |enroll_at             |board_id |
|---------|-------|--------|-------------------------------------------------------------|----------------------|---------|
|100013   |1      |1       |$2a$10$v1TGFtvIv/1YL8vumRMSBuFo9SwOooIOx.TshrFIlg0/cbhDjI6Jq |2024-03-25 21:51:10.0 |103310   |
|---------|-------|--------|-------------------------------------------------------------|----------------------|---------|

2024-03-25 21:51:17.269 [http-nio-8080-exec-2] INFO 
				jdbc.resultsettable - 
|-------------------------------------------------------------|
|passwd                                                       |
|-------------------------------------------------------------|
|$2a$10$v1TGFtvIv/1YL8vumRMSBuFo9SwOooIOx.TshrFIlg0/cbhDjI6Jq |
|-------------------------------------------------------------|

2024-03-25 21:51:17.389 [http-nio-8080-exec-3] INFO 
				jdbc.resultsettable - 
|---------|-------|--------|-----------|-------------------------------------------------------------|---------|----------------------|
|board_id |writer |subject |content    |passwd                                                       |read_cnt |enroll_at             |
|---------|-------|--------|-----------|-------------------------------------------------------------|---------|----------------------|
|103310   |c      |c       |<p>c</p>
 |$2a$10$x06S4DdwVTv.52R7C4VF1eUCDI0KrcGBAEeVL52BiM9ZG15wmLoE2 |18       |2024-03-24 22:33:54.0 |
|---------|-------|--------|-----------|-------------------------------------------------------------|---------|----------------------|

2024-03-25 21:51:17.390 [http-nio-8080-exec-3] INFO 
				jdbc.resultsettable - 
|---------|
|count(*) |
|---------|
|2        |
|---------|

2024-03-25 21:51:17.394 [http-nio-8080-exec-3] INFO 
				jdbc.resultsettable - 
|---------|-------|--------|-------------------------------------------------------------|----------------------|---------|
|reply_id |writer |content |passwd                                                       |enroll_at             |board_id |
|---------|-------|--------|-------------------------------------------------------------|----------------------|---------|
|100012   |Q      |Q       |$2a$10$LZ/79wvxDTzlUYUUtDZYeOOuMQc3uXh3AzlIj.az.yJjZld70HWku |2024-03-24 23:03:56.0 |103310   |
|100013   |1      |22      |$2a$10$v1TGFtvIv/1YL8vumRMSBuFo9SwOooIOx.TshrFIlg0/cbhDjI6Jq |2024-03-25 21:51:17.0 |103310   |
|---------|-------|--------|-------------------------------------------------------------|----------------------|---------|

2024-03-25 21:51:19.163 [http-nio-8080-exec-4] INFO 
				jdbc.resultsettable - 
|---------|-------|--------|-------------------------------------------------------------|----------------------|---------|
|reply_id |writer |content |passwd                                                       |enroll_at             |board_id |
|---------|-------|--------|-------------------------------------------------------------|----------------------|---------|
|100013   |1      |22      |$2a$10$v1TGFtvIv/1YL8vumRMSBuFo9SwOooIOx.TshrFIlg0/cbhDjI6Jq |2024-03-25 21:51:17.0 |103310   |
|---------|-------|--------|-------------------------------------------------------------|----------------------|---------|

2024-03-25 21:51:20.914 [http-nio-8080-exec-5] INFO 
				jdbc.resultsettable - 
|-------------------------------------------------------------|
|passwd                                                       |
|-------------------------------------------------------------|
|$2a$10$v1TGFtvIv/1YL8vumRMSBuFo9SwOooIOx.TshrFIlg0/cbhDjI6Jq |
|-------------------------------------------------------------|

2024-03-25 21:51:22.086 [http-nio-8080-exec-6] INFO 
				jdbc.resultsettable - 
|---------|-------|--------|-----------|-------------------------------------------------------------|---------|----------------------|
|board_id |writer |subject |content    |passwd                                                       |read_cnt |enroll_at             |
|---------|-------|--------|-----------|-------------------------------------------------------------|---------|----------------------|
|103310   |c      |c       |<p>c</p>
 |$2a$10$x06S4DdwVTv.52R7C4VF1eUCDI0KrcGBAEeVL52BiM9ZG15wmLoE2 |19       |2024-03-24 22:33:54.0 |
|---------|-------|--------|-----------|-------------------------------------------------------------|---------|----------------------|

2024-03-25 21:51:22.086 [http-nio-8080-exec-6] INFO 
				jdbc.resultsettable - 
|---------|
|count(*) |
|---------|
|1        |
|---------|

2024-03-25 21:51:22.090 [http-nio-8080-exec-6] INFO 
				jdbc.resultsettable - 
|---------|-------|--------|-------------------------------------------------------------|----------------------|---------|
|reply_id |writer |content |passwd                                                       |enroll_at             |board_id |
|---------|-------|--------|-------------------------------------------------------------|----------------------|---------|
|100012   |Q      |Q       |$2a$10$LZ/79wvxDTzlUYUUtDZYeOOuMQc3uXh3AzlIj.az.yJjZld70HWku |2024-03-24 23:03:56.0 |103310   |
|---------|-------|--------|-------------------------------------------------------------|----------------------|---------|

2024-03-25 21:51:25.313 [http-nio-8080-exec-7] INFO 
				jdbc.resultsettable - 
|---------|
|count(*) |
|---------|
|3        |
|---------|

2024-03-25 21:51:25.317 [http-nio-8080-exec-7] INFO 
				jdbc.resultsettable - 
|---------|-------|--------|-----------|-------------------------------------------------------------|---------|----------------------|
|board_id |writer |subject |content    |passwd                                                       |read_cnt |enroll_at             |
|---------|-------|--------|-----------|-------------------------------------------------------------|---------|----------------------|
|103310   |c      |c       |<p>c</p>
 |$2a$10$x06S4DdwVTv.52R7C4VF1eUCDI0KrcGBAEeVL52BiM9ZG15wmLoE2 |19       |2024-03-24 22:33:54.0 |
|103305   |b      |b       |<p>b</p>
 |b                                                            |0        |2024-03-21 12:16:03.0 |
|103304   |a      |a       |<p>a</p>
 |a                                                            |2        |2024-03-21 12:14:43.0 |
|---------|-------|--------|-----------|-------------------------------------------------------------|---------|----------------------|

