2024-03-12 17:35:48.846 [http-nio-8080-exec-4] INFO 
				jdbc.resultsettable - 
|----------|
|member_id |
|----------|
|tkdgml    |
|----------|

2024-03-12 17:35:53.982 [http-nio-8080-exec-6] INFO 
				jdbc.resultsettable - 
|----------|
|member_id |
|----------|
|----------|

2024-03-12 17:36:30.889 [http-nio-8080-exec-10] INFO 
				jdbc.resultsettable - 
|-------------------------------------------------------------|----------|
|passwd                                                       |active_yn |
|-------------------------------------------------------------|----------|
|$2a$10$BjRVONdB4CDv1IkfZeWEluZ5AzFa1qQN3utI4Vc/3CnndupCt9ZRe |y         |
|-------------------------------------------------------------|----------|

2024-03-12 17:36:30.974 [http-nio-8080-exec-10] INFO 
				jdbc.resultsettable - 
|-------------------------------------------------------------|----------|
|passwd                                                       |active_yn |
|-------------------------------------------------------------|----------|
|$2a$10$BjRVONdB4CDv1IkfZeWEluZ5AzFa1qQN3utI4Vc/3CnndupCt9ZRe |y         |
|-------------------------------------------------------------|----------|

2024-03-12 17:36:34.343 [http-nio-8080-exec-2] INFO 
				jdbc.resultsettable - 
|-------------------------------------------------------------|----------|
|passwd                                                       |active_yn |
|-------------------------------------------------------------|----------|
|$2a$10$BjRVONdB4CDv1IkfZeWEluZ5AzFa1qQN3utI4Vc/3CnndupCt9ZRe |y         |
|-------------------------------------------------------------|----------|

2024-03-12 17:36:34.416 [http-nio-8080-exec-2] INFO 
				jdbc.resultsettable - 
|-------------------------------------------------------------|----------|
|passwd                                                       |active_yn |
|-------------------------------------------------------------|----------|
|$2a$10$BjRVONdB4CDv1IkfZeWEluZ5AzFa1qQN3utI4Vc/3CnndupCt9ZRe |y         |
|-------------------------------------------------------------|----------|

2024-03-12 17:36:37.079 [http-nio-8080-exec-4] INFO 
				jdbc.resultsettable - 
|----------|-------------------------------------------------------------|----------------------|------------------------------------------|----------|----|-----------|---|----------|-------------|------------|--------|-------------|--------------|---------------|------------|----------|------------|-----------|
|member_id |passwd                                                       |profile_original_name |profile_uuid                              |member_nm |sex |birth_at   |hp |smssts_yn |email        |emailsts_yn |zipcode |road_address |jibun_address |namuji_address |etc         |active_yn |inactive_at |join_at    |
|----------|-------------------------------------------------------------|----------------------|------------------------------------------|----------|----|-----------|---|----------|-------------|------------|--------|-------------|--------------|---------------|------------|----------|------------|-----------|
|tt        |$2a$10$BjRVONdB4CDv1IkfZeWEluZ5AzFa1qQN3utI4Vc/3CnndupCt9ZRe |엑셀파일다운로드 (1).xlsx     |a13b71dd-c81c-47e1-ab01-5e7510b33d67.xlsx |tt        |w   |2024-03-13 |tt |y         |tt@naver.com |y           |tt      |t            |t             |t              |<p>tt</p>
 |y         |null        |2024-03-12 |
|----------|-------------------------------------------------------------|----------------------|------------------------------------------|----------|----|-----------|---|----------|-------------|------------|--------|-------------|--------------|---------------|------------|----------|------------|-----------|

2024-03-12 17:39:06.189 [http-nio-8080-exec-4] INFO 
				jdbc.resultsettable - 
|----------|-------------------------------------------------------------|----------------------|------------------------------------------|----------|----|-----------|---|----------|-------------|------------|--------|-------------|--------------|---------------|------------------|----------|------------|-----------|
|member_id |passwd                                                       |profile_original_name |profile_uuid                              |member_nm |sex |birth_at   |hp |smssts_yn |email        |emailsts_yn |zipcode |road_address |jibun_address |namuji_address |etc               |active_yn |inactive_at |join_at    |
|----------|-------------------------------------------------------------|----------------------|------------------------------------------|----------|----|-----------|---|----------|-------------|------------|--------|-------------|--------------|---------------|------------------|----------|------------|-----------|
|tt        |$2a$10$BjRVONdB4CDv1IkfZeWEluZ5AzFa1qQN3utI4Vc/3CnndupCt9ZRe |엑셀파일다운로드 (1).xlsx     |a13b71dd-c81c-47e1-ab01-5e7510b33d67.xlsx |상희        |w   |2024-03-13 |tt |y         |tt@naver.com |y           |tt      |t            |t             |t              |<p>tt 비번입니당</p>
 |y         |null        |2024-03-12 |
|----------|-------------------------------------------------------------|----------------------|------------------------------------------|----------|----|-----------|---|----------|-------------|------------|--------|-------------|--------------|---------------|------------------|----------|------------|-----------|

