2024-03-04 15:33:00.035 [scheduling-1] INFO 
				jdbc.sqlonly - SELECT
				*
		FROM
				PRODUCT

2024-03-04 15:33:00.084 [scheduling-1] INFO 
				jdbc.resultsettable - 
|-----------|---------------------------------------------|--------|---------------|----------------------|---------|
|product_id |product_nm                                   |price   |delivery_price |enroll_at             |brand_id |
|-----------|---------------------------------------------|--------|---------------|----------------------|---------|
|1          |삼성전자 2021 노트북 플러스2 15.6                      |598000  |0              |2021-01-07 00:00:00.0 |1        |
|2          |삼성전자 2021 갤럭시북 15.6                          |1208000 |0              |2021-02-28 00:00:00.0 |1        |
|3          |LG전자 10세대 코어i7 윈10탑재 17형 LG 그램 2020년형 17Z90N |2149000 |0              |2021-03-07 00:00:00.0 |2        |
|4          |LG전자 2021그램 360 14                           |1740000 |0              |2021-07-08 00:00:00.0 |2        |
|5          |LG전자 2020 울트라 PC 14                          |477000  |0              |2021-10-10 00:00:00.0 |2        |
|6          |2020 맥북 프로 13                                |2129650 |3000           |2022-01-01 00:00:00.0 |3        |
|7          |Apple 2020 맥북 에어 13                          |1489800 |3000           |2022-03-03 00:00:00.0 |3        |
|8          |레노버 2021 IdeaPad Slim3 15.6                  |2129650 |2500           |2022-07-07 00:00:00.0 |4        |
|9          |기가바이트 2021 Gaming G5 15.6                    |1499000 |2500           |2022-11-11 00:00:00.0 |5        |
|10         |HP 2021 노트북 15s                              |768840  |2500           |2022-12-31 00:00:00.0 |6        |
|-----------|---------------------------------------------|--------|---------------|----------------------|---------|

2024-03-04 15:33:01.009 [scheduling-1] INFO 
				jdbc.sqlonly - SELECT
				*
		FROM
				PRODUCT

2024-03-04 15:33:01.018 [scheduling-1] INFO 
				jdbc.resultsettable - 
|-----------|---------------------------------------------|--------|---------------|----------------------|---------|
|product_id |product_nm                                   |price   |delivery_price |enroll_at             |brand_id |
|-----------|---------------------------------------------|--------|---------------|----------------------|---------|
|1          |삼성전자 2021 노트북 플러스2 15.6                      |598000  |0              |2021-01-07 00:00:00.0 |1        |
|2          |삼성전자 2021 갤럭시북 15.6                          |1208000 |0              |2021-02-28 00:00:00.0 |1        |
|3          |LG전자 10세대 코어i7 윈10탑재 17형 LG 그램 2020년형 17Z90N |2149000 |0              |2021-03-07 00:00:00.0 |2        |
|4          |LG전자 2021그램 360 14                           |1740000 |0              |2021-07-08 00:00:00.0 |2        |
|5          |LG전자 2020 울트라 PC 14                          |477000  |0              |2021-10-10 00:00:00.0 |2        |
|6          |2020 맥북 프로 13                                |2129650 |3000           |2022-01-01 00:00:00.0 |3        |
|7          |Apple 2020 맥북 에어 13                          |1489800 |3000           |2022-03-03 00:00:00.0 |3        |
|8          |레노버 2021 IdeaPad Slim3 15.6                  |2129650 |2500           |2022-07-07 00:00:00.0 |4        |
|9          |기가바이트 2021 Gaming G5 15.6                    |1499000 |2500           |2022-11-11 00:00:00.0 |5        |
|10         |HP 2021 노트북 15s                              |768840  |2500           |2022-12-31 00:00:00.0 |6        |
|-----------|---------------------------------------------|--------|---------------|----------------------|---------|

2024-03-04 15:33:02.015 [scheduling-1] INFO 
				jdbc.sqlonly - SELECT
				*
		FROM
				PRODUCT

2024-03-04 15:33:02.021 [scheduling-1] INFO 
				jdbc.resultsettable - 
|-----------|---------------------------------------------|--------|---------------|----------------------|---------|
|product_id |product_nm                                   |price   |delivery_price |enroll_at             |brand_id |
|-----------|---------------------------------------------|--------|---------------|----------------------|---------|
|1          |삼성전자 2021 노트북 플러스2 15.6                      |598000  |0              |2021-01-07 00:00:00.0 |1        |
|2          |삼성전자 2021 갤럭시북 15.6                          |1208000 |0              |2021-02-28 00:00:00.0 |1        |
|3          |LG전자 10세대 코어i7 윈10탑재 17형 LG 그램 2020년형 17Z90N |2149000 |0              |2021-03-07 00:00:00.0 |2        |
|4          |LG전자 2021그램 360 14                           |1740000 |0              |2021-07-08 00:00:00.0 |2        |
|5          |LG전자 2020 울트라 PC 14                          |477000  |0              |2021-10-10 00:00:00.0 |2        |
|6          |2020 맥북 프로 13                                |2129650 |3000           |2022-01-01 00:00:00.0 |3        |
|7          |Apple 2020 맥북 에어 13                          |1489800 |3000           |2022-03-03 00:00:00.0 |3        |
|8          |레노버 2021 IdeaPad Slim3 15.6                  |2129650 |2500           |2022-07-07 00:00:00.0 |4        |
|9          |기가바이트 2021 Gaming G5 15.6                    |1499000 |2500           |2022-11-11 00:00:00.0 |5        |
|10         |HP 2021 노트북 15s                              |768840  |2500           |2022-12-31 00:00:00.0 |6        |
|-----------|---------------------------------------------|--------|---------------|----------------------|---------|

2024-03-04 15:33:03.017 [scheduling-1] INFO 
				jdbc.sqlonly - SELECT
				*
		FROM
				PRODUCT

2024-03-04 15:33:03.022 [scheduling-1] INFO 
				jdbc.resultsettable - 
|-----------|---------------------------------------------|--------|---------------|----------------------|---------|
|product_id |product_nm                                   |price   |delivery_price |enroll_at             |brand_id |
|-----------|---------------------------------------------|--------|---------------|----------------------|---------|
|1          |삼성전자 2021 노트북 플러스2 15.6                      |598000  |0              |2021-01-07 00:00:00.0 |1        |
|2          |삼성전자 2021 갤럭시북 15.6                          |1208000 |0              |2021-02-28 00:00:00.0 |1        |
|3          |LG전자 10세대 코어i7 윈10탑재 17형 LG 그램 2020년형 17Z90N |2149000 |0              |2021-03-07 00:00:00.0 |2        |
|4          |LG전자 2021그램 360 14                           |1740000 |0              |2021-07-08 00:00:00.0 |2        |
|5          |LG전자 2020 울트라 PC 14                          |477000  |0              |2021-10-10 00:00:00.0 |2        |
|6          |2020 맥북 프로 13                                |2129650 |3000           |2022-01-01 00:00:00.0 |3        |
|7          |Apple 2020 맥북 에어 13                          |1489800 |3000           |2022-03-03 00:00:00.0 |3        |
|8          |레노버 2021 IdeaPad Slim3 15.6                  |2129650 |2500           |2022-07-07 00:00:00.0 |4        |
|9          |기가바이트 2021 Gaming G5 15.6                    |1499000 |2500           |2022-11-11 00:00:00.0 |5        |
|10         |HP 2021 노트북 15s                              |768840  |2500           |2022-12-31 00:00:00.0 |6        |
|-----------|---------------------------------------------|--------|---------------|----------------------|---------|

2024-03-04 15:33:04.006 [scheduling-1] INFO 
				jdbc.sqlonly - SELECT
				*
		FROM
				PRODUCT

2024-03-04 15:33:04.010 [scheduling-1] INFO 
				jdbc.resultsettable - 
|-----------|---------------------------------------------|--------|---------------|----------------------|---------|
|product_id |product_nm                                   |price   |delivery_price |enroll_at             |brand_id |
|-----------|---------------------------------------------|--------|---------------|----------------------|---------|
|1          |삼성전자 2021 노트북 플러스2 15.6                      |598000  |0              |2021-01-07 00:00:00.0 |1        |
|2          |삼성전자 2021 갤럭시북 15.6                          |1208000 |0              |2021-02-28 00:00:00.0 |1        |
|3          |LG전자 10세대 코어i7 윈10탑재 17형 LG 그램 2020년형 17Z90N |2149000 |0              |2021-03-07 00:00:00.0 |2        |
|4          |LG전자 2021그램 360 14                           |1740000 |0              |2021-07-08 00:00:00.0 |2        |
|5          |LG전자 2020 울트라 PC 14                          |477000  |0              |2021-10-10 00:00:00.0 |2        |
|6          |2020 맥북 프로 13                                |2129650 |3000           |2022-01-01 00:00:00.0 |3        |
|7          |Apple 2020 맥북 에어 13                          |1489800 |3000           |2022-03-03 00:00:00.0 |3        |
|8          |레노버 2021 IdeaPad Slim3 15.6                  |2129650 |2500           |2022-07-07 00:00:00.0 |4        |
|9          |기가바이트 2021 Gaming G5 15.6                    |1499000 |2500           |2022-11-11 00:00:00.0 |5        |
|10         |HP 2021 노트북 15s                              |768840  |2500           |2022-12-31 00:00:00.0 |6        |
|-----------|---------------------------------------------|--------|---------------|----------------------|---------|

2024-03-04 15:33:05.011 [scheduling-1] INFO 
				jdbc.sqlonly - SELECT
				*
		FROM
				PRODUCT

2024-03-04 15:33:05.018 [scheduling-1] INFO 
				jdbc.resultsettable - 
|-----------|---------------------------------------------|--------|---------------|----------------------|---------|
|product_id |product_nm                                   |price   |delivery_price |enroll_at             |brand_id |
|-----------|---------------------------------------------|--------|---------------|----------------------|---------|
|1          |삼성전자 2021 노트북 플러스2 15.6                      |598000  |0              |2021-01-07 00:00:00.0 |1        |
|2          |삼성전자 2021 갤럭시북 15.6                          |1208000 |0              |2021-02-28 00:00:00.0 |1        |
|3          |LG전자 10세대 코어i7 윈10탑재 17형 LG 그램 2020년형 17Z90N |2149000 |0              |2021-03-07 00:00:00.0 |2        |
|4          |LG전자 2021그램 360 14                           |1740000 |0              |2021-07-08 00:00:00.0 |2        |
|5          |LG전자 2020 울트라 PC 14                          |477000  |0              |2021-10-10 00:00:00.0 |2        |
|6          |2020 맥북 프로 13                                |2129650 |3000           |2022-01-01 00:00:00.0 |3        |
|7          |Apple 2020 맥북 에어 13                          |1489800 |3000           |2022-03-03 00:00:00.0 |3        |
|8          |레노버 2021 IdeaPad Slim3 15.6                  |2129650 |2500           |2022-07-07 00:00:00.0 |4        |
|9          |기가바이트 2021 Gaming G5 15.6                    |1499000 |2500           |2022-11-11 00:00:00.0 |5        |
|10         |HP 2021 노트북 15s                              |768840  |2500           |2022-12-31 00:00:00.0 |6        |
|-----------|---------------------------------------------|--------|---------------|----------------------|---------|

2024-03-04 15:33:06.016 [scheduling-1] INFO 
				jdbc.sqlonly - SELECT
				*
		FROM
				PRODUCT

2024-03-04 15:33:06.021 [scheduling-1] INFO 
				jdbc.resultsettable - 
|-----------|---------------------------------------------|--------|---------------|----------------------|---------|
|product_id |product_nm                                   |price   |delivery_price |enroll_at             |brand_id |
|-----------|---------------------------------------------|--------|---------------|----------------------|---------|
|1          |삼성전자 2021 노트북 플러스2 15.6                      |598000  |0              |2021-01-07 00:00:00.0 |1        |
|2          |삼성전자 2021 갤럭시북 15.6                          |1208000 |0              |2021-02-28 00:00:00.0 |1        |
|3          |LG전자 10세대 코어i7 윈10탑재 17형 LG 그램 2020년형 17Z90N |2149000 |0              |2021-03-07 00:00:00.0 |2        |
|4          |LG전자 2021그램 360 14                           |1740000 |0              |2021-07-08 00:00:00.0 |2        |
|5          |LG전자 2020 울트라 PC 14                          |477000  |0              |2021-10-10 00:00:00.0 |2        |
|6          |2020 맥북 프로 13                                |2129650 |3000           |2022-01-01 00:00:00.0 |3        |
|7          |Apple 2020 맥북 에어 13                          |1489800 |3000           |2022-03-03 00:00:00.0 |3        |
|8          |레노버 2021 IdeaPad Slim3 15.6                  |2129650 |2500           |2022-07-07 00:00:00.0 |4        |
|9          |기가바이트 2021 Gaming G5 15.6                    |1499000 |2500           |2022-11-11 00:00:00.0 |5        |
|10         |HP 2021 노트북 15s                              |768840  |2500           |2022-12-31 00:00:00.0 |6        |
|-----------|---------------------------------------------|--------|---------------|----------------------|---------|

2024-03-04 15:33:07.002 [scheduling-1] INFO 
				jdbc.sqlonly - SELECT
				*
		FROM
				PRODUCT

2024-03-04 15:33:07.008 [scheduling-1] INFO 
				jdbc.resultsettable - 
|-----------|---------------------------------------------|--------|---------------|----------------------|---------|
|product_id |product_nm                                   |price   |delivery_price |enroll_at             |brand_id |
|-----------|---------------------------------------------|--------|---------------|----------------------|---------|
|1          |삼성전자 2021 노트북 플러스2 15.6                      |598000  |0              |2021-01-07 00:00:00.0 |1        |
|2          |삼성전자 2021 갤럭시북 15.6                          |1208000 |0              |2021-02-28 00:00:00.0 |1        |
|3          |LG전자 10세대 코어i7 윈10탑재 17형 LG 그램 2020년형 17Z90N |2149000 |0              |2021-03-07 00:00:00.0 |2        |
|4          |LG전자 2021그램 360 14                           |1740000 |0              |2021-07-08 00:00:00.0 |2        |
|5          |LG전자 2020 울트라 PC 14                          |477000  |0              |2021-10-10 00:00:00.0 |2        |
|6          |2020 맥북 프로 13                                |2129650 |3000           |2022-01-01 00:00:00.0 |3        |
|7          |Apple 2020 맥북 에어 13                          |1489800 |3000           |2022-03-03 00:00:00.0 |3        |
|8          |레노버 2021 IdeaPad Slim3 15.6                  |2129650 |2500           |2022-07-07 00:00:00.0 |4        |
|9          |기가바이트 2021 Gaming G5 15.6                    |1499000 |2500           |2022-11-11 00:00:00.0 |5        |
|10         |HP 2021 노트북 15s                              |768840  |2500           |2022-12-31 00:00:00.0 |6        |
|-----------|---------------------------------------------|--------|---------------|----------------------|---------|

2024-03-04 15:33:08.007 [scheduling-1] INFO 
				jdbc.sqlonly - SELECT
				*
		FROM
				PRODUCT

2024-03-04 15:33:08.012 [scheduling-1] INFO 
				jdbc.resultsettable - 
|-----------|---------------------------------------------|--------|---------------|----------------------|---------|
|product_id |product_nm                                   |price   |delivery_price |enroll_at             |brand_id |
|-----------|---------------------------------------------|--------|---------------|----------------------|---------|
|1          |삼성전자 2021 노트북 플러스2 15.6                      |598000  |0              |2021-01-07 00:00:00.0 |1        |
|2          |삼성전자 2021 갤럭시북 15.6                          |1208000 |0              |2021-02-28 00:00:00.0 |1        |
|3          |LG전자 10세대 코어i7 윈10탑재 17형 LG 그램 2020년형 17Z90N |2149000 |0              |2021-03-07 00:00:00.0 |2        |
|4          |LG전자 2021그램 360 14                           |1740000 |0              |2021-07-08 00:00:00.0 |2        |
|5          |LG전자 2020 울트라 PC 14                          |477000  |0              |2021-10-10 00:00:00.0 |2        |
|6          |2020 맥북 프로 13                                |2129650 |3000           |2022-01-01 00:00:00.0 |3        |
|7          |Apple 2020 맥북 에어 13                          |1489800 |3000           |2022-03-03 00:00:00.0 |3        |
|8          |레노버 2021 IdeaPad Slim3 15.6                  |2129650 |2500           |2022-07-07 00:00:00.0 |4        |
|9          |기가바이트 2021 Gaming G5 15.6                    |1499000 |2500           |2022-11-11 00:00:00.0 |5        |
|10         |HP 2021 노트북 15s                              |768840  |2500           |2022-12-31 00:00:00.0 |6        |
|-----------|---------------------------------------------|--------|---------------|----------------------|---------|

2024-03-04 15:33:09.010 [scheduling-1] INFO 
				jdbc.sqlonly - SELECT
				*
		FROM
				PRODUCT

2024-03-04 15:33:09.016 [scheduling-1] INFO 
				jdbc.resultsettable - 
|-----------|---------------------------------------------|--------|---------------|----------------------|---------|
|product_id |product_nm                                   |price   |delivery_price |enroll_at             |brand_id |
|-----------|---------------------------------------------|--------|---------------|----------------------|---------|
|1          |삼성전자 2021 노트북 플러스2 15.6                      |598000  |0              |2021-01-07 00:00:00.0 |1        |
|2          |삼성전자 2021 갤럭시북 15.6                          |1208000 |0              |2021-02-28 00:00:00.0 |1        |
|3          |LG전자 10세대 코어i7 윈10탑재 17형 LG 그램 2020년형 17Z90N |2149000 |0              |2021-03-07 00:00:00.0 |2        |
|4          |LG전자 2021그램 360 14                           |1740000 |0              |2021-07-08 00:00:00.0 |2        |
|5          |LG전자 2020 울트라 PC 14                          |477000  |0              |2021-10-10 00:00:00.0 |2        |
|6          |2020 맥북 프로 13                                |2129650 |3000           |2022-01-01 00:00:00.0 |3        |
|7          |Apple 2020 맥북 에어 13                          |1489800 |3000           |2022-03-03 00:00:00.0 |3        |
|8          |레노버 2021 IdeaPad Slim3 15.6                  |2129650 |2500           |2022-07-07 00:00:00.0 |4        |
|9          |기가바이트 2021 Gaming G5 15.6                    |1499000 |2500           |2022-11-11 00:00:00.0 |5        |
|10         |HP 2021 노트북 15s                              |768840  |2500           |2022-12-31 00:00:00.0 |6        |
|-----------|---------------------------------------------|--------|---------------|----------------------|---------|

2024-03-04 15:33:10.015 [scheduling-1] INFO 
				jdbc.sqlonly - SELECT
				*
		FROM
				PRODUCT

2024-03-04 15:33:10.020 [scheduling-1] INFO 
				jdbc.resultsettable - 
|-----------|---------------------------------------------|--------|---------------|----------------------|---------|
|product_id |product_nm                                   |price   |delivery_price |enroll_at             |brand_id |
|-----------|---------------------------------------------|--------|---------------|----------------------|---------|
|1          |삼성전자 2021 노트북 플러스2 15.6                      |598000  |0              |2021-01-07 00:00:00.0 |1        |
|2          |삼성전자 2021 갤럭시북 15.6                          |1208000 |0              |2021-02-28 00:00:00.0 |1        |
|3          |LG전자 10세대 코어i7 윈10탑재 17형 LG 그램 2020년형 17Z90N |2149000 |0              |2021-03-07 00:00:00.0 |2        |
|4          |LG전자 2021그램 360 14                           |1740000 |0              |2021-07-08 00:00:00.0 |2        |
|5          |LG전자 2020 울트라 PC 14                          |477000  |0              |2021-10-10 00:00:00.0 |2        |
|6          |2020 맥북 프로 13                                |2129650 |3000           |2022-01-01 00:00:00.0 |3        |
|7          |Apple 2020 맥북 에어 13                          |1489800 |3000           |2022-03-03 00:00:00.0 |3        |
|8          |레노버 2021 IdeaPad Slim3 15.6                  |2129650 |2500           |2022-07-07 00:00:00.0 |4        |
|9          |기가바이트 2021 Gaming G5 15.6                    |1499000 |2500           |2022-11-11 00:00:00.0 |5        |
|10         |HP 2021 노트북 15s                              |768840  |2500           |2022-12-31 00:00:00.0 |6        |
|-----------|---------------------------------------------|--------|---------------|----------------------|---------|

2024-03-04 15:33:11.017 [scheduling-1] INFO 
				jdbc.sqlonly - SELECT
				*
		FROM
				PRODUCT

2024-03-04 15:33:11.021 [scheduling-1] INFO 
				jdbc.resultsettable - 
|-----------|---------------------------------------------|--------|---------------|----------------------|---------|
|product_id |product_nm                                   |price   |delivery_price |enroll_at             |brand_id |
|-----------|---------------------------------------------|--------|---------------|----------------------|---------|
|1          |삼성전자 2021 노트북 플러스2 15.6                      |598000  |0              |2021-01-07 00:00:00.0 |1        |
|2          |삼성전자 2021 갤럭시북 15.6                          |1208000 |0              |2021-02-28 00:00:00.0 |1        |
|3          |LG전자 10세대 코어i7 윈10탑재 17형 LG 그램 2020년형 17Z90N |2149000 |0              |2021-03-07 00:00:00.0 |2        |
|4          |LG전자 2021그램 360 14                           |1740000 |0              |2021-07-08 00:00:00.0 |2        |
|5          |LG전자 2020 울트라 PC 14                          |477000  |0              |2021-10-10 00:00:00.0 |2        |
|6          |2020 맥북 프로 13                                |2129650 |3000           |2022-01-01 00:00:00.0 |3        |
|7          |Apple 2020 맥북 에어 13                          |1489800 |3000           |2022-03-03 00:00:00.0 |3        |
|8          |레노버 2021 IdeaPad Slim3 15.6                  |2129650 |2500           |2022-07-07 00:00:00.0 |4        |
|9          |기가바이트 2021 Gaming G5 15.6                    |1499000 |2500           |2022-11-11 00:00:00.0 |5        |
|10         |HP 2021 노트북 15s                              |768840  |2500           |2022-12-31 00:00:00.0 |6        |
|-----------|---------------------------------------------|--------|---------------|----------------------|---------|

2024-03-04 15:33:12.004 [scheduling-1] INFO 
				jdbc.sqlonly - SELECT
				*
		FROM
				PRODUCT

2024-03-04 15:33:12.009 [scheduling-1] INFO 
				jdbc.resultsettable - 
|-----------|---------------------------------------------|--------|---------------|----------------------|---------|
|product_id |product_nm                                   |price   |delivery_price |enroll_at             |brand_id |
|-----------|---------------------------------------------|--------|---------------|----------------------|---------|
|1          |삼성전자 2021 노트북 플러스2 15.6                      |598000  |0              |2021-01-07 00:00:00.0 |1        |
|2          |삼성전자 2021 갤럭시북 15.6                          |1208000 |0              |2021-02-28 00:00:00.0 |1        |
|3          |LG전자 10세대 코어i7 윈10탑재 17형 LG 그램 2020년형 17Z90N |2149000 |0              |2021-03-07 00:00:00.0 |2        |
|4          |LG전자 2021그램 360 14                           |1740000 |0              |2021-07-08 00:00:00.0 |2        |
|5          |LG전자 2020 울트라 PC 14                          |477000  |0              |2021-10-10 00:00:00.0 |2        |
|6          |2020 맥북 프로 13                                |2129650 |3000           |2022-01-01 00:00:00.0 |3        |
|7          |Apple 2020 맥북 에어 13                          |1489800 |3000           |2022-03-03 00:00:00.0 |3        |
|8          |레노버 2021 IdeaPad Slim3 15.6                  |2129650 |2500           |2022-07-07 00:00:00.0 |4        |
|9          |기가바이트 2021 Gaming G5 15.6                    |1499000 |2500           |2022-11-11 00:00:00.0 |5        |
|10         |HP 2021 노트북 15s                              |768840  |2500           |2022-12-31 00:00:00.0 |6        |
|-----------|---------------------------------------------|--------|---------------|----------------------|---------|

2024-03-04 15:33:13.008 [scheduling-1] INFO 
				jdbc.sqlonly - SELECT
				*
		FROM
				PRODUCT

2024-03-04 15:33:13.013 [scheduling-1] INFO 
				jdbc.resultsettable - 
|-----------|---------------------------------------------|--------|---------------|----------------------|---------|
|product_id |product_nm                                   |price   |delivery_price |enroll_at             |brand_id |
|-----------|---------------------------------------------|--------|---------------|----------------------|---------|
|1          |삼성전자 2021 노트북 플러스2 15.6                      |598000  |0              |2021-01-07 00:00:00.0 |1        |
|2          |삼성전자 2021 갤럭시북 15.6                          |1208000 |0              |2021-02-28 00:00:00.0 |1        |
|3          |LG전자 10세대 코어i7 윈10탑재 17형 LG 그램 2020년형 17Z90N |2149000 |0              |2021-03-07 00:00:00.0 |2        |
|4          |LG전자 2021그램 360 14                           |1740000 |0              |2021-07-08 00:00:00.0 |2        |
|5          |LG전자 2020 울트라 PC 14                          |477000  |0              |2021-10-10 00:00:00.0 |2        |
|6          |2020 맥북 프로 13                                |2129650 |3000           |2022-01-01 00:00:00.0 |3        |
|7          |Apple 2020 맥북 에어 13                          |1489800 |3000           |2022-03-03 00:00:00.0 |3        |
|8          |레노버 2021 IdeaPad Slim3 15.6                  |2129650 |2500           |2022-07-07 00:00:00.0 |4        |
|9          |기가바이트 2021 Gaming G5 15.6                    |1499000 |2500           |2022-11-11 00:00:00.0 |5        |
|10         |HP 2021 노트북 15s                              |768840  |2500           |2022-12-31 00:00:00.0 |6        |
|-----------|---------------------------------------------|--------|---------------|----------------------|---------|

2024-03-04 15:33:14.011 [scheduling-1] INFO 
				jdbc.sqlonly - SELECT
				*
		FROM
				PRODUCT

2024-03-04 15:33:14.015 [scheduling-1] INFO 
				jdbc.resultsettable - 
|-----------|---------------------------------------------|--------|---------------|----------------------|---------|
|product_id |product_nm                                   |price   |delivery_price |enroll_at             |brand_id |
|-----------|---------------------------------------------|--------|---------------|----------------------|---------|
|1          |삼성전자 2021 노트북 플러스2 15.6                      |598000  |0              |2021-01-07 00:00:00.0 |1        |
|2          |삼성전자 2021 갤럭시북 15.6                          |1208000 |0              |2021-02-28 00:00:00.0 |1        |
|3          |LG전자 10세대 코어i7 윈10탑재 17형 LG 그램 2020년형 17Z90N |2149000 |0              |2021-03-07 00:00:00.0 |2        |
|4          |LG전자 2021그램 360 14                           |1740000 |0              |2021-07-08 00:00:00.0 |2        |
|5          |LG전자 2020 울트라 PC 14                          |477000  |0              |2021-10-10 00:00:00.0 |2        |
|6          |2020 맥북 프로 13                                |2129650 |3000           |2022-01-01 00:00:00.0 |3        |
|7          |Apple 2020 맥북 에어 13                          |1489800 |3000           |2022-03-03 00:00:00.0 |3        |
|8          |레노버 2021 IdeaPad Slim3 15.6                  |2129650 |2500           |2022-07-07 00:00:00.0 |4        |
|9          |기가바이트 2021 Gaming G5 15.6                    |1499000 |2500           |2022-11-11 00:00:00.0 |5        |
|10         |HP 2021 노트북 15s                              |768840  |2500           |2022-12-31 00:00:00.0 |6        |
|-----------|---------------------------------------------|--------|---------------|----------------------|---------|

2024-03-04 15:33:15.014 [scheduling-1] INFO 
				jdbc.sqlonly - SELECT
				*
		FROM
				PRODUCT

2024-03-04 15:33:15.018 [scheduling-1] INFO 
				jdbc.resultsettable - 
|-----------|---------------------------------------------|--------|---------------|----------------------|---------|
|product_id |product_nm                                   |price   |delivery_price |enroll_at             |brand_id |
|-----------|---------------------------------------------|--------|---------------|----------------------|---------|
|1          |삼성전자 2021 노트북 플러스2 15.6                      |598000  |0              |2021-01-07 00:00:00.0 |1        |
|2          |삼성전자 2021 갤럭시북 15.6                          |1208000 |0              |2021-02-28 00:00:00.0 |1        |
|3          |LG전자 10세대 코어i7 윈10탑재 17형 LG 그램 2020년형 17Z90N |2149000 |0              |2021-03-07 00:00:00.0 |2        |
|4          |LG전자 2021그램 360 14                           |1740000 |0              |2021-07-08 00:00:00.0 |2        |
|5          |LG전자 2020 울트라 PC 14                          |477000  |0              |2021-10-10 00:00:00.0 |2        |
|6          |2020 맥북 프로 13                                |2129650 |3000           |2022-01-01 00:00:00.0 |3        |
|7          |Apple 2020 맥북 에어 13                          |1489800 |3000           |2022-03-03 00:00:00.0 |3        |
|8          |레노버 2021 IdeaPad Slim3 15.6                  |2129650 |2500           |2022-07-07 00:00:00.0 |4        |
|9          |기가바이트 2021 Gaming G5 15.6                    |1499000 |2500           |2022-11-11 00:00:00.0 |5        |
|10         |HP 2021 노트북 15s                              |768840  |2500           |2022-12-31 00:00:00.0 |6        |
|-----------|---------------------------------------------|--------|---------------|----------------------|---------|

2024-03-04 15:33:16.006 [scheduling-1] INFO 
				jdbc.sqlonly - SELECT
				*
		FROM
				PRODUCT

2024-03-04 15:33:16.011 [scheduling-1] INFO 
				jdbc.resultsettable - 
|-----------|---------------------------------------------|--------|---------------|----------------------|---------|
|product_id |product_nm                                   |price   |delivery_price |enroll_at             |brand_id |
|-----------|---------------------------------------------|--------|---------------|----------------------|---------|
|1          |삼성전자 2021 노트북 플러스2 15.6                      |598000  |0              |2021-01-07 00:00:00.0 |1        |
|2          |삼성전자 2021 갤럭시북 15.6                          |1208000 |0              |2021-02-28 00:00:00.0 |1        |
|3          |LG전자 10세대 코어i7 윈10탑재 17형 LG 그램 2020년형 17Z90N |2149000 |0              |2021-03-07 00:00:00.0 |2        |
|4          |LG전자 2021그램 360 14                           |1740000 |0              |2021-07-08 00:00:00.0 |2        |
|5          |LG전자 2020 울트라 PC 14                          |477000  |0              |2021-10-10 00:00:00.0 |2        |
|6          |2020 맥북 프로 13                                |2129650 |3000           |2022-01-01 00:00:00.0 |3        |
|7          |Apple 2020 맥북 에어 13                          |1489800 |3000           |2022-03-03 00:00:00.0 |3        |
|8          |레노버 2021 IdeaPad Slim3 15.6                  |2129650 |2500           |2022-07-07 00:00:00.0 |4        |
|9          |기가바이트 2021 Gaming G5 15.6                    |1499000 |2500           |2022-11-11 00:00:00.0 |5        |
|10         |HP 2021 노트북 15s                              |768840  |2500           |2022-12-31 00:00:00.0 |6        |
|-----------|---------------------------------------------|--------|---------------|----------------------|---------|

2024-03-04 15:33:17.010 [scheduling-1] INFO 
				jdbc.sqlonly - SELECT
				*
		FROM
				PRODUCT

2024-03-04 15:33:17.015 [scheduling-1] INFO 
				jdbc.resultsettable - 
|-----------|---------------------------------------------|--------|---------------|----------------------|---------|
|product_id |product_nm                                   |price   |delivery_price |enroll_at             |brand_id |
|-----------|---------------------------------------------|--------|---------------|----------------------|---------|
|1          |삼성전자 2021 노트북 플러스2 15.6                      |598000  |0              |2021-01-07 00:00:00.0 |1        |
|2          |삼성전자 2021 갤럭시북 15.6                          |1208000 |0              |2021-02-28 00:00:00.0 |1        |
|3          |LG전자 10세대 코어i7 윈10탑재 17형 LG 그램 2020년형 17Z90N |2149000 |0              |2021-03-07 00:00:00.0 |2        |
|4          |LG전자 2021그램 360 14                           |1740000 |0              |2021-07-08 00:00:00.0 |2        |
|5          |LG전자 2020 울트라 PC 14                          |477000  |0              |2021-10-10 00:00:00.0 |2        |
|6          |2020 맥북 프로 13                                |2129650 |3000           |2022-01-01 00:00:00.0 |3        |
|7          |Apple 2020 맥북 에어 13                          |1489800 |3000           |2022-03-03 00:00:00.0 |3        |
|8          |레노버 2021 IdeaPad Slim3 15.6                  |2129650 |2500           |2022-07-07 00:00:00.0 |4        |
|9          |기가바이트 2021 Gaming G5 15.6                    |1499000 |2500           |2022-11-11 00:00:00.0 |5        |
|10         |HP 2021 노트북 15s                              |768840  |2500           |2022-12-31 00:00:00.0 |6        |
|-----------|---------------------------------------------|--------|---------------|----------------------|---------|

2024-03-04 15:33:18.013 [scheduling-1] INFO 
				jdbc.sqlonly - SELECT
				*
		FROM
				PRODUCT

2024-03-04 15:33:18.018 [scheduling-1] INFO 
				jdbc.resultsettable - 
|-----------|---------------------------------------------|--------|---------------|----------------------|---------|
|product_id |product_nm                                   |price   |delivery_price |enroll_at             |brand_id |
|-----------|---------------------------------------------|--------|---------------|----------------------|---------|
|1          |삼성전자 2021 노트북 플러스2 15.6                      |598000  |0              |2021-01-07 00:00:00.0 |1        |
|2          |삼성전자 2021 갤럭시북 15.6                          |1208000 |0              |2021-02-28 00:00:00.0 |1        |
|3          |LG전자 10세대 코어i7 윈10탑재 17형 LG 그램 2020년형 17Z90N |2149000 |0              |2021-03-07 00:00:00.0 |2        |
|4          |LG전자 2021그램 360 14                           |1740000 |0              |2021-07-08 00:00:00.0 |2        |
|5          |LG전자 2020 울트라 PC 14                          |477000  |0              |2021-10-10 00:00:00.0 |2        |
|6          |2020 맥북 프로 13                                |2129650 |3000           |2022-01-01 00:00:00.0 |3        |
|7          |Apple 2020 맥북 에어 13                          |1489800 |3000           |2022-03-03 00:00:00.0 |3        |
|8          |레노버 2021 IdeaPad Slim3 15.6                  |2129650 |2500           |2022-07-07 00:00:00.0 |4        |
|9          |기가바이트 2021 Gaming G5 15.6                    |1499000 |2500           |2022-11-11 00:00:00.0 |5        |
|10         |HP 2021 노트북 15s                              |768840  |2500           |2022-12-31 00:00:00.0 |6        |
|-----------|---------------------------------------------|--------|---------------|----------------------|---------|

2024-03-04 15:33:19.002 [scheduling-1] INFO 
				jdbc.sqlonly - SELECT
				*
		FROM
				PRODUCT

2024-03-04 15:33:19.007 [scheduling-1] INFO 
				jdbc.resultsettable - 
|-----------|---------------------------------------------|--------|---------------|----------------------|---------|
|product_id |product_nm                                   |price   |delivery_price |enroll_at             |brand_id |
|-----------|---------------------------------------------|--------|---------------|----------------------|---------|
|1          |삼성전자 2021 노트북 플러스2 15.6                      |598000  |0              |2021-01-07 00:00:00.0 |1        |
|2          |삼성전자 2021 갤럭시북 15.6                          |1208000 |0              |2021-02-28 00:00:00.0 |1        |
|3          |LG전자 10세대 코어i7 윈10탑재 17형 LG 그램 2020년형 17Z90N |2149000 |0              |2021-03-07 00:00:00.0 |2        |
|4          |LG전자 2021그램 360 14                           |1740000 |0              |2021-07-08 00:00:00.0 |2        |
|5          |LG전자 2020 울트라 PC 14                          |477000  |0              |2021-10-10 00:00:00.0 |2        |
|6          |2020 맥북 프로 13                                |2129650 |3000           |2022-01-01 00:00:00.0 |3        |
|7          |Apple 2020 맥북 에어 13                          |1489800 |3000           |2022-03-03 00:00:00.0 |3        |
|8          |레노버 2021 IdeaPad Slim3 15.6                  |2129650 |2500           |2022-07-07 00:00:00.0 |4        |
|9          |기가바이트 2021 Gaming G5 15.6                    |1499000 |2500           |2022-11-11 00:00:00.0 |5        |
|10         |HP 2021 노트북 15s                              |768840  |2500           |2022-12-31 00:00:00.0 |6        |
|-----------|---------------------------------------------|--------|---------------|----------------------|---------|

2024-03-04 15:33:20.006 [scheduling-1] INFO 
				jdbc.sqlonly - SELECT
				*
		FROM
				PRODUCT

2024-03-04 15:33:20.011 [scheduling-1] INFO 
				jdbc.resultsettable - 
|-----------|---------------------------------------------|--------|---------------|----------------------|---------|
|product_id |product_nm                                   |price   |delivery_price |enroll_at             |brand_id |
|-----------|---------------------------------------------|--------|---------------|----------------------|---------|
|1          |삼성전자 2021 노트북 플러스2 15.6                      |598000  |0              |2021-01-07 00:00:00.0 |1        |
|2          |삼성전자 2021 갤럭시북 15.6                          |1208000 |0              |2021-02-28 00:00:00.0 |1        |
|3          |LG전자 10세대 코어i7 윈10탑재 17형 LG 그램 2020년형 17Z90N |2149000 |0              |2021-03-07 00:00:00.0 |2        |
|4          |LG전자 2021그램 360 14                           |1740000 |0              |2021-07-08 00:00:00.0 |2        |
|5          |LG전자 2020 울트라 PC 14                          |477000  |0              |2021-10-10 00:00:00.0 |2        |
|6          |2020 맥북 프로 13                                |2129650 |3000           |2022-01-01 00:00:00.0 |3        |
|7          |Apple 2020 맥북 에어 13                          |1489800 |3000           |2022-03-03 00:00:00.0 |3        |
|8          |레노버 2021 IdeaPad Slim3 15.6                  |2129650 |2500           |2022-07-07 00:00:00.0 |4        |
|9          |기가바이트 2021 Gaming G5 15.6                    |1499000 |2500           |2022-11-11 00:00:00.0 |5        |
|10         |HP 2021 노트북 15s                              |768840  |2500           |2022-12-31 00:00:00.0 |6        |
|-----------|---------------------------------------------|--------|---------------|----------------------|---------|

2024-03-04 15:33:21.018 [scheduling-1] INFO 
				jdbc.sqlonly - SELECT
				*
		FROM
				PRODUCT

2024-03-04 15:33:21.022 [scheduling-1] INFO 
				jdbc.resultsettable - 
|-----------|---------------------------------------------|--------|---------------|----------------------|---------|
|product_id |product_nm                                   |price   |delivery_price |enroll_at             |brand_id |
|-----------|---------------------------------------------|--------|---------------|----------------------|---------|
|1          |삼성전자 2021 노트북 플러스2 15.6                      |598000  |0              |2021-01-07 00:00:00.0 |1        |
|2          |삼성전자 2021 갤럭시북 15.6                          |1208000 |0              |2021-02-28 00:00:00.0 |1        |
|3          |LG전자 10세대 코어i7 윈10탑재 17형 LG 그램 2020년형 17Z90N |2149000 |0              |2021-03-07 00:00:00.0 |2        |
|4          |LG전자 2021그램 360 14                           |1740000 |0              |2021-07-08 00:00:00.0 |2        |
|5          |LG전자 2020 울트라 PC 14                          |477000  |0              |2021-10-10 00:00:00.0 |2        |
|6          |2020 맥북 프로 13                                |2129650 |3000           |2022-01-01 00:00:00.0 |3        |
|7          |Apple 2020 맥북 에어 13                          |1489800 |3000           |2022-03-03 00:00:00.0 |3        |
|8          |레노버 2021 IdeaPad Slim3 15.6                  |2129650 |2500           |2022-07-07 00:00:00.0 |4        |
|9          |기가바이트 2021 Gaming G5 15.6                    |1499000 |2500           |2022-11-11 00:00:00.0 |5        |
|10         |HP 2021 노트북 15s                              |768840  |2500           |2022-12-31 00:00:00.0 |6        |
|-----------|---------------------------------------------|--------|---------------|----------------------|---------|

2024-03-04 15:33:22.015 [scheduling-1] INFO 
				jdbc.sqlonly - SELECT
				*
		FROM
				PRODUCT

2024-03-04 15:33:22.020 [scheduling-1] INFO 
				jdbc.resultsettable - 
|-----------|---------------------------------------------|--------|---------------|----------------------|---------|
|product_id |product_nm                                   |price   |delivery_price |enroll_at             |brand_id |
|-----------|---------------------------------------------|--------|---------------|----------------------|---------|
|1          |삼성전자 2021 노트북 플러스2 15.6                      |598000  |0              |2021-01-07 00:00:00.0 |1        |
|2          |삼성전자 2021 갤럭시북 15.6                          |1208000 |0              |2021-02-28 00:00:00.0 |1        |
|3          |LG전자 10세대 코어i7 윈10탑재 17형 LG 그램 2020년형 17Z90N |2149000 |0              |2021-03-07 00:00:00.0 |2        |
|4          |LG전자 2021그램 360 14                           |1740000 |0              |2021-07-08 00:00:00.0 |2        |
|5          |LG전자 2020 울트라 PC 14                          |477000  |0              |2021-10-10 00:00:00.0 |2        |
|6          |2020 맥북 프로 13                                |2129650 |3000           |2022-01-01 00:00:00.0 |3        |
|7          |Apple 2020 맥북 에어 13                          |1489800 |3000           |2022-03-03 00:00:00.0 |3        |
|8          |레노버 2021 IdeaPad Slim3 15.6                  |2129650 |2500           |2022-07-07 00:00:00.0 |4        |
|9          |기가바이트 2021 Gaming G5 15.6                    |1499000 |2500           |2022-11-11 00:00:00.0 |5        |
|10         |HP 2021 노트북 15s                              |768840  |2500           |2022-12-31 00:00:00.0 |6        |
|-----------|---------------------------------------------|--------|---------------|----------------------|---------|

2024-03-04 15:34:00.034 [scheduling-1] INFO 
				jdbc.sqlonly - SELECT
				*
		FROM
				PRODUCT

2024-03-04 15:34:00.054 [scheduling-1] INFO 
				jdbc.resultsettable - 
|-----------|---------------------------------------------|--------|---------------|----------------------|---------|
|product_id |product_nm                                   |price   |delivery_price |enroll_at             |brand_id |
|-----------|---------------------------------------------|--------|---------------|----------------------|---------|
|1          |삼성전자 2021 노트북 플러스2 15.6                      |598000  |0              |2021-01-07 00:00:00.0 |1        |
|2          |삼성전자 2021 갤럭시북 15.6                          |1208000 |0              |2021-02-28 00:00:00.0 |1        |
|3          |LG전자 10세대 코어i7 윈10탑재 17형 LG 그램 2020년형 17Z90N |2149000 |0              |2021-03-07 00:00:00.0 |2        |
|4          |LG전자 2021그램 360 14                           |1740000 |0              |2021-07-08 00:00:00.0 |2        |
|5          |LG전자 2020 울트라 PC 14                          |477000  |0              |2021-10-10 00:00:00.0 |2        |
|6          |2020 맥북 프로 13                                |2129650 |3000           |2022-01-01 00:00:00.0 |3        |
|7          |Apple 2020 맥북 에어 13                          |1489800 |3000           |2022-03-03 00:00:00.0 |3        |
|8          |레노버 2021 IdeaPad Slim3 15.6                  |2129650 |2500           |2022-07-07 00:00:00.0 |4        |
|9          |기가바이트 2021 Gaming G5 15.6                    |1499000 |2500           |2022-11-11 00:00:00.0 |5        |
|10         |HP 2021 노트북 15s                              |768840  |2500           |2022-12-31 00:00:00.0 |6        |
|-----------|---------------------------------------------|--------|---------------|----------------------|---------|

2024-03-04 15:35:00.012 [scheduling-1] INFO 
				jdbc.sqlonly - SELECT
				*
		FROM
				BRAND

2024-03-04 15:35:00.027 [scheduling-1] INFO 
				jdbc.resultsettable - 
|---------|---------|----------------------|----------|
|brand_id |brand_nm |entered_at            |active_yn |
|---------|---------|----------------------|----------|
|1        |samsung  |2021-01-01 00:00:00.0 |Y         |
|2        |lg       |2021-01-01 00:00:00.0 |Y         |
|3        |apple    |2021-01-01 00:00:00.0 |Y         |
|4        |lenovo   |2021-01-01 00:00:00.0 |N         |
|5        |gigabyte |2021-01-01 00:00:00.0 |N         |
|6        |hp       |2021-01-01 00:00:00.0 |N         |
|100      |추가된브랜드   |2024-02-28 16:21:42.0 |Y         |
|---------|---------|----------------------|----------|

2024-03-04 16:13:48.079 [main] INFO 
				jdbc.sqlonly - UPDATE
				ACCOUNT
		SET
				BALANCE = BALANCE - 10000
		WHERE
				ACCOUNT_ID = '111'

2024-03-04 16:13:48.088 [main] INFO 
				jdbc.sqlonly - UPDATE
				ACCOUNT
		SET
				BALANCE = BALANCE + 10000
		WHERE
				ACCOUNT_ID = '222'

2024-03-04 16:14:12.031 [main] INFO 
				jdbc.sqlonly - UPDATE
				MEMBER
		SET
				POINT = POINT + 100
		WHERE
				MEMBER_ID = 'user1'

2024-03-04 16:14:12.044 [main] INFO 
				jdbc.sqlonly - UPDATE
				CART
		SET
				CART_CNT = CART_CNT - 1
		WHERE 
				MEMBER_ID = 'user1'

2024-03-04 17:15:39.022 [http-nio-8080-exec-8] INFO 
				jdbc.resultsettable - 
|----------|
|member_id |
|----------|
|----------|

2024-03-04 17:19:25.937 [http-nio-8080-exec-10] INFO 
				jdbc.resultsettable - 
|-------------------------------------------------------------|----------|
|passwd                                                       |active_yn |
|-------------------------------------------------------------|----------|
|$2a$10$w1lbnQdE26F33Cd2rsm4z.NxhxA/Pj8qCudTQpnI9jgpKRaiVFpqK |y         |
|-------------------------------------------------------------|----------|

2024-03-04 17:19:33.657 [http-nio-8080-exec-4] INFO 
				jdbc.resultsettable - 
|-------------------------------------------------------------|----------|
|passwd                                                       |active_yn |
|-------------------------------------------------------------|----------|
|$2a$10$w1lbnQdE26F33Cd2rsm4z.NxhxA/Pj8qCudTQpnI9jgpKRaiVFpqK |y         |
|-------------------------------------------------------------|----------|

2024-03-04 17:20:38.906 [http-nio-8080-exec-7] INFO 
				jdbc.resultsettable - 
|-------------------------------------------------------------|----------|
|passwd                                                       |active_yn |
|-------------------------------------------------------------|----------|
|$2a$10$w1lbnQdE26F33Cd2rsm4z.NxhxA/Pj8qCudTQpnI9jgpKRaiVFpqK |y         |
|-------------------------------------------------------------|----------|

2024-03-04 17:21:06.274 [http-nio-8080-exec-5] INFO 
				jdbc.resultsettable - 
|-------------------------------------------------------------|----------|
|passwd                                                       |active_yn |
|-------------------------------------------------------------|----------|
|$2a$10$w1lbnQdE26F33Cd2rsm4z.NxhxA/Pj8qCudTQpnI9jgpKRaiVFpqK |y         |
|-------------------------------------------------------------|----------|

2024-03-04 17:21:16.264 [http-nio-8080-exec-8] INFO 
				jdbc.resultsettable - 
|----------|-------------------------------------------------------------|----------------------|-----------------------------------------|----------|----|-----------|------------|----------|------------------|------------|--------|-------------|--------------|---------------|------------|----------|------------|-----------|
|member_id |passwd                                                       |profile_original_name |profile_uuid                             |member_nm |sex |birth_at   |hp          |smssts_yn |email             |emailsts_yn |zipcode |road_address |jibun_address |namuji_address |etc         |active_yn |inactive_at |join_at    |
|----------|-------------------------------------------------------------|----------------------|-----------------------------------------|----------|----|-----------|------------|----------|------------------|------------|--------|-------------|--------------|---------------|------------|----------|------------|-----------|
|fulfill   |$2a$10$w1lbnQdE26F33Cd2rsm4z.NxhxA/Pj8qCudTQpnI9jgpKRaiVFpqK |test8.jpg             |6ca20ba1-9b9c-4dee-b9fb-44a380bbbef7.jpg |랑히        |w   |2024-03-04 |01012345678 |n         |qwer123@naver.com |y           |14346   |a            |a             |a              |<p>안녕</p>
 |y         |null        |2024-03-04 |
|----------|-------------------------------------------------------------|----------------------|-----------------------------------------|----------|----|-----------|------------|----------|------------------|------------|--------|-------------|--------------|---------------|------------|----------|------------|-----------|

