2024-03-10 18:58:22.138 [http-nio-8080-exec-8] INFO 
				jdbc.resultsettable - 
|----------|
|member_id |
|----------|
|----------|

2024-03-10 18:58:52.172 [http-nio-8080-exec-2] INFO 
				jdbc.resultsettable - 
|-------------------------------------------------------------|----------|
|passwd                                                       |active_yn |
|-------------------------------------------------------------|----------|
|$2a$10$8Y8BJchl00Bf7kyGUbihfefsHdOzdMkjfXzHGdm5OP/lLOClvAHw2 |y         |
|-------------------------------------------------------------|----------|

2024-03-10 21:13:58.541 [http-nio-8080-exec-10] INFO 
				jdbc.resultsettable - 
|----------|
|member_id |
|----------|
|jenny     |
|----------|

2024-03-10 21:14:04.536 [http-nio-8080-exec-2] INFO 
				jdbc.resultsettable - 
|----------|
|member_id |
|----------|
|----------|

2024-03-10 21:18:49.681 [http-nio-8080-exec-7] INFO 
				jdbc.resultsettable - 
|-------|----------|
|passwd |active_yn |
|-------|----------|
|-------|----------|

2024-03-10 21:33:41.088 [http-nio-8080-exec-5] INFO 
				jdbc.resultsettable - 
|-------|----------|
|passwd |active_yn |
|-------|----------|
|-------|----------|

2024-03-10 21:33:41.092 [http-nio-8080-exec-5] INFO 
				jdbc.resultsettable - 
|-------|----------|
|passwd |active_yn |
|-------|----------|
|-------|----------|

2024-03-10 21:38:47.456 [http-nio-8080-exec-5] INFO 
				jdbc.resultsettable - 
|-------|----------|
|passwd |active_yn |
|-------|----------|
|-------|----------|

2024-03-10 21:38:47.468 [http-nio-8080-exec-5] INFO 
				jdbc.resultsettable - 
|-------|----------|
|passwd |active_yn |
|-------|----------|
|-------|----------|

2024-03-10 21:45:09.707 [http-nio-8080-exec-3] INFO 
				jdbc.resultsettable - 
|-------|----------|
|passwd |active_yn |
|-------|----------|
|-------|----------|

2024-03-10 21:45:09.710 [http-nio-8080-exec-3] INFO 
				jdbc.resultsettable - 
|-------|----------|
|passwd |active_yn |
|-------|----------|
|-------|----------|

2024-03-10 21:45:37.673 [http-nio-8080-exec-4] INFO 
				jdbc.resultsettable - 
|-------|----------|
|passwd |active_yn |
|-------|----------|
|-------|----------|

2024-03-10 21:45:37.675 [http-nio-8080-exec-4] INFO 
				jdbc.resultsettable - 
|-------|----------|
|passwd |active_yn |
|-------|----------|
|-------|----------|

2024-03-10 21:45:38.715 [http-nio-8080-exec-5] INFO 
				jdbc.resultsettable - 
|-------|----------|
|passwd |active_yn |
|-------|----------|
|-------|----------|

2024-03-10 21:45:38.718 [http-nio-8080-exec-5] INFO 
				jdbc.resultsettable - 
|-------|----------|
|passwd |active_yn |
|-------|----------|
|-------|----------|

2024-03-10 21:45:38.897 [http-nio-8080-exec-6] INFO 
				jdbc.resultsettable - 
|-------|----------|
|passwd |active_yn |
|-------|----------|
|-------|----------|

2024-03-10 21:45:38.897 [http-nio-8080-exec-6] INFO 
				jdbc.resultsettable - 
|-------|----------|
|passwd |active_yn |
|-------|----------|
|-------|----------|

2024-03-10 21:45:39.070 [http-nio-8080-exec-7] INFO 
				jdbc.resultsettable - 
|-------|----------|
|passwd |active_yn |
|-------|----------|
|-------|----------|

2024-03-10 21:45:39.070 [http-nio-8080-exec-7] INFO 
				jdbc.resultsettable - 
|-------|----------|
|passwd |active_yn |
|-------|----------|
|-------|----------|

2024-03-10 21:45:39.234 [http-nio-8080-exec-8] INFO 
				jdbc.resultsettable - 
|-------|----------|
|passwd |active_yn |
|-------|----------|
|-------|----------|

2024-03-10 21:45:39.237 [http-nio-8080-exec-8] INFO 
				jdbc.resultsettable - 
|-------|----------|
|passwd |active_yn |
|-------|----------|
|-------|----------|

2024-03-10 21:45:39.417 [http-nio-8080-exec-9] INFO 
				jdbc.resultsettable - 
|-------|----------|
|passwd |active_yn |
|-------|----------|
|-------|----------|

2024-03-10 21:45:39.417 [http-nio-8080-exec-9] INFO 
				jdbc.resultsettable - 
|-------|----------|
|passwd |active_yn |
|-------|----------|
|-------|----------|

2024-03-10 21:45:39.735 [http-nio-8080-exec-10] INFO 
				jdbc.resultsettable - 
|-------|----------|
|passwd |active_yn |
|-------|----------|
|-------|----------|

2024-03-10 21:45:39.735 [http-nio-8080-exec-10] INFO 
				jdbc.resultsettable - 
|-------|----------|
|passwd |active_yn |
|-------|----------|
|-------|----------|

2024-03-10 21:45:39.938 [http-nio-8080-exec-1] INFO 
				jdbc.resultsettable - 
|-------|----------|
|passwd |active_yn |
|-------|----------|
|-------|----------|

2024-03-10 21:45:39.938 [http-nio-8080-exec-1] INFO 
				jdbc.resultsettable - 
|-------|----------|
|passwd |active_yn |
|-------|----------|
|-------|----------|

2024-03-10 21:45:40.133 [http-nio-8080-exec-2] INFO 
				jdbc.resultsettable - 
|-------|----------|
|passwd |active_yn |
|-------|----------|
|-------|----------|

2024-03-10 21:45:40.136 [http-nio-8080-exec-2] INFO 
				jdbc.resultsettable - 
|-------|----------|
|passwd |active_yn |
|-------|----------|
|-------|----------|

2024-03-10 21:45:40.318 [http-nio-8080-exec-3] INFO 
				jdbc.resultsettable - 
|-------|----------|
|passwd |active_yn |
|-------|----------|
|-------|----------|

2024-03-10 21:45:40.318 [http-nio-8080-exec-3] INFO 
				jdbc.resultsettable - 
|-------|----------|
|passwd |active_yn |
|-------|----------|
|-------|----------|

2024-03-10 21:45:40.497 [http-nio-8080-exec-4] INFO 
				jdbc.resultsettable - 
|-------|----------|
|passwd |active_yn |
|-------|----------|
|-------|----------|

2024-03-10 21:45:40.500 [http-nio-8080-exec-4] INFO 
				jdbc.resultsettable - 
|-------|----------|
|passwd |active_yn |
|-------|----------|
|-------|----------|

2024-03-10 21:45:40.689 [http-nio-8080-exec-5] INFO 
				jdbc.resultsettable - 
|-------|----------|
|passwd |active_yn |
|-------|----------|
|-------|----------|

2024-03-10 21:45:40.689 [http-nio-8080-exec-5] INFO 
				jdbc.resultsettable - 
|-------|----------|
|passwd |active_yn |
|-------|----------|
|-------|----------|

2024-03-10 21:45:41.281 [http-nio-8080-exec-6] INFO 
				jdbc.resultsettable - 
|-------|----------|
|passwd |active_yn |
|-------|----------|
|-------|----------|

2024-03-10 21:45:41.284 [http-nio-8080-exec-6] INFO 
				jdbc.resultsettable - 
|-------|----------|
|passwd |active_yn |
|-------|----------|
|-------|----------|

2024-03-10 21:45:41.465 [http-nio-8080-exec-7] INFO 
				jdbc.resultsettable - 
|-------|----------|
|passwd |active_yn |
|-------|----------|
|-------|----------|

2024-03-10 21:45:41.465 [http-nio-8080-exec-7] INFO 
				jdbc.resultsettable - 
|-------|----------|
|passwd |active_yn |
|-------|----------|
|-------|----------|

2024-03-10 21:45:42.300 [http-nio-8080-exec-8] INFO 
				jdbc.resultsettable - 
|-------|----------|
|passwd |active_yn |
|-------|----------|
|-------|----------|

2024-03-10 21:45:42.301 [http-nio-8080-exec-8] INFO 
				jdbc.resultsettable - 
|-------|----------|
|passwd |active_yn |
|-------|----------|
|-------|----------|

2024-03-10 21:45:56.068 [http-nio-8080-exec-9] INFO 
				jdbc.resultsettable - 
|-------|----------|
|passwd |active_yn |
|-------|----------|
|-------|----------|

2024-03-10 21:45:56.069 [http-nio-8080-exec-9] INFO 
				jdbc.resultsettable - 
|-------|----------|
|passwd |active_yn |
|-------|----------|
|-------|----------|

2024-03-10 21:45:56.559 [http-nio-8080-exec-10] INFO 
				jdbc.resultsettable - 
|-------|----------|
|passwd |active_yn |
|-------|----------|
|-------|----------|

2024-03-10 21:45:56.561 [http-nio-8080-exec-10] INFO 
				jdbc.resultsettable - 
|-------|----------|
|passwd |active_yn |
|-------|----------|
|-------|----------|

2024-03-10 21:45:56.735 [http-nio-8080-exec-1] INFO 
				jdbc.resultsettable - 
|-------|----------|
|passwd |active_yn |
|-------|----------|
|-------|----------|

2024-03-10 21:45:56.739 [http-nio-8080-exec-1] INFO 
				jdbc.resultsettable - 
|-------|----------|
|passwd |active_yn |
|-------|----------|
|-------|----------|

2024-03-10 21:45:56.920 [http-nio-8080-exec-2] INFO 
				jdbc.resultsettable - 
|-------|----------|
|passwd |active_yn |
|-------|----------|
|-------|----------|

2024-03-10 21:45:56.920 [http-nio-8080-exec-2] INFO 
				jdbc.resultsettable - 
|-------|----------|
|passwd |active_yn |
|-------|----------|
|-------|----------|

2024-03-10 21:45:57.080 [http-nio-8080-exec-3] INFO 
				jdbc.resultsettable - 
|-------|----------|
|passwd |active_yn |
|-------|----------|
|-------|----------|

2024-03-10 21:45:57.082 [http-nio-8080-exec-3] INFO 
				jdbc.resultsettable - 
|-------|----------|
|passwd |active_yn |
|-------|----------|
|-------|----------|

2024-03-10 21:46:09.491 [http-nio-8080-exec-4] INFO 
				jdbc.resultsettable - 
|-------|----------|
|passwd |active_yn |
|-------|----------|
|-------|----------|

2024-03-10 21:46:09.491 [http-nio-8080-exec-4] INFO 
				jdbc.resultsettable - 
|-------|----------|
|passwd |active_yn |
|-------|----------|
|-------|----------|

2024-03-10 21:46:13.278 [http-nio-8080-exec-6] INFO 
				jdbc.resultsettable - 
|-------|----------|
|passwd |active_yn |
|-------|----------|
|-------|----------|

2024-03-10 21:46:13.280 [http-nio-8080-exec-6] INFO 
				jdbc.resultsettable - 
|-------|----------|
|passwd |active_yn |
|-------|----------|
|-------|----------|

2024-03-10 21:58:05.513 [http-nio-8080-exec-3] INFO 
				jdbc.resultsettable - 
|-------------------------------------------------------------|----------|
|passwd                                                       |active_yn |
|-------------------------------------------------------------|----------|
|$2a$10$dZ8L8PhhHl7pZa7Sgsmqf.p3th9EBU0Ktw221aAT2FvQfjPprJQDK |y         |
|-------------------------------------------------------------|----------|

2024-03-10 21:58:05.613 [http-nio-8080-exec-3] INFO 
				jdbc.resultsettable - 
|-------------------------------------------------------------|----------|
|passwd                                                       |active_yn |
|-------------------------------------------------------------|----------|
|$2a$10$dZ8L8PhhHl7pZa7Sgsmqf.p3th9EBU0Ktw221aAT2FvQfjPprJQDK |y         |
|-------------------------------------------------------------|----------|

2024-03-10 21:58:13.348 [http-nio-8080-exec-6] INFO 
				jdbc.resultsettable - 
|----------|-------------------------------------------------------------|----------------------|-----------------------------------------|----------|----|-----------|------------|----------|----------------------|------------|--------|-------------|--------------|---------------|--------------|----------|------------|-----------|
|member_id |passwd                                                       |profile_original_name |profile_uuid                             |member_nm |sex |birth_at   |hp          |smssts_yn |email                 |emailsts_yn |zipcode |road_address |jibun_address |namuji_address |etc           |active_yn |inactive_at |join_at    |
|----------|-------------------------------------------------------------|----------------------|-----------------------------------------|----------|----|-----------|------------|----------|----------------------|------------|--------|-------------|--------------|---------------|--------------|----------|------------|-----------|
|rangui    |$2a$10$dZ8L8PhhHl7pZa7Sgsmqf.p3th9EBU0Ktw221aAT2FvQfjPprJQDK |06. 웹 개발 환경 구축.pdf    |5179180f-1670-4dd0-ae26-96ec5d8ce2aa.pdf |한상        |m   |2024-03-10 |01011112222 |y         |tkdgml0719@icloud.com |y           |14346   |1            |1             |1              |<p>1234</p>
 |y         |null        |2024-03-10 |
|----------|-------------------------------------------------------------|----------------------|-----------------------------------------|----------|----|-----------|------------|----------|----------------------|------------|--------|-------------|--------------|---------------|--------------|----------|------------|-----------|

2024-03-10 22:00:38.621 [http-nio-8080-exec-1] INFO 
				jdbc.resultsettable - 
|----------|-------------------------------------------------------------|----------------------|-----------------------------------------|----------|----|-----------|------------|----------|----------------------|------------|--------|-------------|--------------|---------------|--------------|----------|------------|-----------|
|member_id |passwd                                                       |profile_original_name |profile_uuid                             |member_nm |sex |birth_at   |hp          |smssts_yn |email                 |emailsts_yn |zipcode |road_address |jibun_address |namuji_address |etc           |active_yn |inactive_at |join_at    |
|----------|-------------------------------------------------------------|----------------------|-----------------------------------------|----------|----|-----------|------------|----------|----------------------|------------|--------|-------------|--------------|---------------|--------------|----------|------------|-----------|
|rangui    |$2a$10$dZ8L8PhhHl7pZa7Sgsmqf.p3th9EBU0Ktw221aAT2FvQfjPprJQDK |06. 웹 개발 환경 구축.pdf    |5179180f-1670-4dd0-ae26-96ec5d8ce2aa.pdf |한상        |m   |2024-03-10 |01011112222 |y         |tkdgml0719@icloud.com |y           |14346   |1            |1             |1              |<p>1234</p>
 |y         |null        |2024-03-10 |
|----------|-------------------------------------------------------------|----------------------|-----------------------------------------|----------|----|-----------|------------|----------|----------------------|------------|--------|-------------|--------------|---------------|--------------|----------|------------|-----------|

2024-03-10 22:06:45.276 [http-nio-8080-exec-1] INFO 
				jdbc.resultsettable - 
|----------|-------------------------------------------------------------|----------------------|-----------------------------------------|----------|----|-----------|------------|----------|----------------------|------------|--------|-------------|--------------|---------------|--------------|----------|------------|-----------|
|member_id |passwd                                                       |profile_original_name |profile_uuid                             |member_nm |sex |birth_at   |hp          |smssts_yn |email                 |emailsts_yn |zipcode |road_address |jibun_address |namuji_address |etc           |active_yn |inactive_at |join_at    |
|----------|-------------------------------------------------------------|----------------------|-----------------------------------------|----------|----|-----------|------------|----------|----------------------|------------|--------|-------------|--------------|---------------|--------------|----------|------------|-----------|
|rangui    |$2a$10$dZ8L8PhhHl7pZa7Sgsmqf.p3th9EBU0Ktw221aAT2FvQfjPprJQDK |06. 웹 개발 환경 구축.pdf    |5179180f-1670-4dd0-ae26-96ec5d8ce2aa.pdf |한상        |m   |2024-03-10 |01011112222 |y         |tkdgml0719@icloud.com |y           |14346   |1            |1             |1              |<p>1234</p>
 |y         |null        |2024-03-10 |
|----------|-------------------------------------------------------------|----------------------|-----------------------------------------|----------|----|-----------|------------|----------|----------------------|------------|--------|-------------|--------------|---------------|--------------|----------|------------|-----------|

2024-03-10 22:06:46.941 [http-nio-8080-exec-5] INFO 
				jdbc.resultsettable - 
|----------|-------------------------------------------------------------|----------------------|-----------------------------------------|----------|----|-----------|------------|----------|----------------------|------------|--------|-------------|--------------|---------------|--------------|----------|------------|-----------|
|member_id |passwd                                                       |profile_original_name |profile_uuid                             |member_nm |sex |birth_at   |hp          |smssts_yn |email                 |emailsts_yn |zipcode |road_address |jibun_address |namuji_address |etc           |active_yn |inactive_at |join_at    |
|----------|-------------------------------------------------------------|----------------------|-----------------------------------------|----------|----|-----------|------------|----------|----------------------|------------|--------|-------------|--------------|---------------|--------------|----------|------------|-----------|
|rangui    |$2a$10$dZ8L8PhhHl7pZa7Sgsmqf.p3th9EBU0Ktw221aAT2FvQfjPprJQDK |06. 웹 개발 환경 구축.pdf    |5179180f-1670-4dd0-ae26-96ec5d8ce2aa.pdf |한상        |m   |2024-03-10 |01011112222 |y         |tkdgml0719@icloud.com |y           |14346   |1            |1             |1              |<p>1234</p>
 |y         |null        |2024-03-10 |
|----------|-------------------------------------------------------------|----------------------|-----------------------------------------|----------|----|-----------|------------|----------|----------------------|------------|--------|-------------|--------------|---------------|--------------|----------|------------|-----------|

2024-03-10 22:09:53.584 [http-nio-8080-exec-8] INFO 
				jdbc.resultsettable - 
|-------------------------------------------------------------|----------|
|passwd                                                       |active_yn |
|-------------------------------------------------------------|----------|
|$2a$10$dZ8L8PhhHl7pZa7Sgsmqf.p3th9EBU0Ktw221aAT2FvQfjPprJQDK |y         |
|-------------------------------------------------------------|----------|

2024-03-10 22:09:53.756 [http-nio-8080-exec-8] INFO 
				jdbc.resultsettable - 
|-------------------------------------------------------------|----------|
|passwd                                                       |active_yn |
|-------------------------------------------------------------|----------|
|$2a$10$dZ8L8PhhHl7pZa7Sgsmqf.p3th9EBU0Ktw221aAT2FvQfjPprJQDK |y         |
|-------------------------------------------------------------|----------|

