2024-03-14 00:02:40.128 [http-nio-8080-exec-9] INFO 
				jdbc.resultsettable - 
|---------|
|count(*) |
|---------|
|2701     |
|---------|

2024-03-14 00:02:40.138 [http-nio-8080-exec-9] INFO 
				jdbc.resultsettable - 
|---------|--------|--------|--------|-------------------------------------------------------------|---------|----------------------|
|board_id |writer  |subject |content |passwd                                                       |read_cnt |enroll_at             |
|---------|--------|--------|--------|-------------------------------------------------------------|---------|----------------------|
|102410   |차하카아타바사 |다아나아가사라 |바사자사파라사 |$2a$10$BirSU56hA4x/hWDR2V6EA.QX3n3aPwc/TNlP9hWLTV8zPoGITam/G |0        |2024-03-13 01:23:00.0 |
|102408   |가바바카아사자 |나사사아가파다 |타바다가라자가 |$2a$10$jjKlkvep1NkQ/ln/BsJMYeIS.nAReroBlA3VtviL4qH2TAY9aHJg2 |0        |2024-03-13 01:23:00.0 |
|102403   |나자사가가아라 |파나파타나나차 |타하가아다다바 |$2a$10$2OYiK.iXGTUreG8A6HyBx.KFwKNXqlB4fM61JwO91XPF1vnEDnc.. |0        |2024-03-13 01:23:00.0 |
|102402   |아사라파카다아 |바파마차가자가 |라마다파자마파 |$2a$10$zcvrUdmpLgPb7pzRjMwgFO6OQV5ChTtLReFngFb9OyNHXW4yS1fzK |0        |2024-03-13 01:23:00.0 |
|102406   |하바자다카바파 |사마라타마자자 |다아가가바파마 |$2a$10$aDVCMbVN/k.4UW6vsmcbL.VGUURDmIXzOPTBjKESS8aiE/9yeKEKe |0        |2024-03-13 01:23:00.0 |
|---------|--------|--------|--------|-------------------------------------------------------------|---------|----------------------|

2024-03-14 00:03:02.674 [scheduling-1] INFO 
				jdbc.resultsettable - 
|----------------|
|count(board_id) |
|----------------|
|0               |
|----------------|

2024-03-14 00:03:02.677 [scheduling-1] INFO 
				jdbc.resultsettable - 
|----------------|
|count(board_id) |
|----------------|
|0               |
|----------------|

2024-03-14 00:22:31.982 [http-nio-8080-exec-1] INFO 
				jdbc.resultsettable - 
|---------|
|count(*) |
|---------|
|2701     |
|---------|

2024-03-14 00:22:31.988 [http-nio-8080-exec-1] INFO 
				jdbc.resultsettable - 
|---------|--------|--------|--------|-------------------------------------------------------------|---------|----------------------|
|board_id |writer  |subject |content |passwd                                                       |read_cnt |enroll_at             |
|---------|--------|--------|--------|-------------------------------------------------------------|---------|----------------------|
|102408   |가바바카아사자 |나사사아가파다 |타바다가라자가 |$2a$10$jjKlkvep1NkQ/ln/BsJMYeIS.nAReroBlA3VtviL4qH2TAY9aHJg2 |0        |2024-03-13 01:23:00.0 |
|102403   |나자사가가아라 |파나파타나나차 |타하가아다다바 |$2a$10$2OYiK.iXGTUreG8A6HyBx.KFwKNXqlB4fM61JwO91XPF1vnEDnc.. |0        |2024-03-13 01:23:00.0 |
|102407   |자가다파파사사 |타자라다파라라 |파타타사타차하 |$2a$10$RK05G1jn4P/ZNpMHoWaJ8OuGFelEYnyAYf.z9bMyj9dHsdk2GFi12 |0        |2024-03-13 01:23:00.0 |
|102406   |하바자다카바파 |사마라타마자자 |다아가가바파마 |$2a$10$aDVCMbVN/k.4UW6vsmcbL.VGUURDmIXzOPTBjKESS8aiE/9yeKEKe |0        |2024-03-13 01:23:00.0 |
|102401   |가바바나차아파 |자파나나사마타 |아카라차차자차 |$2a$10$NrMJwUt0TlXJOZh8UE2KUOky36swORRYL0tri6rQ95RsjYiGJpIke |0        |2024-03-13 01:23:00.0 |
|---------|--------|--------|--------|-------------------------------------------------------------|---------|----------------------|

2024-03-14 00:23:13.184 [http-nio-8080-exec-2] INFO 
				jdbc.resultsettable - 
|---------|
|count(*) |
|---------|
|2701     |
|---------|

2024-03-14 00:23:13.192 [http-nio-8080-exec-2] INFO 
				jdbc.resultsettable - 
|---------|--------|--------|--------|-------------------------------------------------------------|---------|----------------------|
|board_id |writer  |subject |content |passwd                                                       |read_cnt |enroll_at             |
|---------|--------|--------|--------|-------------------------------------------------------------|---------|----------------------|
|102412   |자마라하파바가 |파하사다라카나 |자타가파자다사 |$2a$10$A2Ehx6dKUyzX3MPq40gmPeLE3liNNjAIBGH0L7nXexksnJL3H1NZ. |0        |2024-03-13 01:23:00.0 |
|102413   |마마차사하파라 |타사바사라파카 |하카바라파차마 |$2a$10$0rH04TAdxNLFl6wN6MKVpevGKdUCvXYQiBaUtc75Wbqdiik9sGsne |0        |2024-03-13 01:23:00.0 |
|102415   |파마아카하카아 |마파카자사마자 |바자가차바나라 |$2a$10$gkKEAyeloNkIOQCJkfyYqeXD18sgjTU6x8IXokGrjfN8m.PT9keAu |0        |2024-03-13 01:23:00.0 |
|102407   |자가다파파사사 |타자라다파라라 |파타타사타차하 |$2a$10$RK05G1jn4P/ZNpMHoWaJ8OuGFelEYnyAYf.z9bMyj9dHsdk2GFi12 |0        |2024-03-13 01:23:00.0 |
|102414   |가가파다사다라 |가마바바마차마 |다자마하타사바 |$2a$10$QeA47MaMHPpJAvoh80DsdOuXpTyzWKRVJQxxv9GtJX195ROcBFAzm |0        |2024-03-13 01:23:00.0 |
|---------|--------|--------|--------|-------------------------------------------------------------|---------|----------------------|

2024-03-14 00:23:14.215 [http-nio-8080-exec-4] INFO 
				jdbc.resultsettable - 
|---------|
|count(*) |
|---------|
|2701     |
|---------|

2024-03-14 00:23:14.222 [http-nio-8080-exec-4] INFO 
				jdbc.resultsettable - 
|---------|--------|--------|--------|-------------------------------------------------------------|---------|----------------------|
|board_id |writer  |subject |content |passwd                                                       |read_cnt |enroll_at             |
|---------|--------|--------|--------|-------------------------------------------------------------|---------|----------------------|
|102412   |자마라하파바가 |파하사다라카나 |자타가파자다사 |$2a$10$A2Ehx6dKUyzX3MPq40gmPeLE3liNNjAIBGH0L7nXexksnJL3H1NZ. |0        |2024-03-13 01:23:00.0 |
|102413   |마마차사하파라 |타사바사라파카 |하카바라파차마 |$2a$10$0rH04TAdxNLFl6wN6MKVpevGKdUCvXYQiBaUtc75Wbqdiik9sGsne |0        |2024-03-13 01:23:00.0 |
|102415   |파마아카하카아 |마파카자사마자 |바자가차바나라 |$2a$10$gkKEAyeloNkIOQCJkfyYqeXD18sgjTU6x8IXokGrjfN8m.PT9keAu |0        |2024-03-13 01:23:00.0 |
|102407   |자가다파파사사 |타자라다파라라 |파타타사타차하 |$2a$10$RK05G1jn4P/ZNpMHoWaJ8OuGFelEYnyAYf.z9bMyj9dHsdk2GFi12 |0        |2024-03-13 01:23:00.0 |
|102414   |가가파다사다라 |가마바바마차마 |다자마하타사바 |$2a$10$QeA47MaMHPpJAvoh80DsdOuXpTyzWKRVJQxxv9GtJX195ROcBFAzm |0        |2024-03-13 01:23:00.0 |
|---------|--------|--------|--------|-------------------------------------------------------------|---------|----------------------|

2024-03-14 00:23:14.842 [http-nio-8080-exec-6] INFO 
				jdbc.resultsettable - 
|---------|
|count(*) |
|---------|
|2701     |
|---------|

2024-03-14 00:23:14.843 [http-nio-8080-exec-6] INFO 
				jdbc.resultsettable - 
|---------|--------|--------|--------|-------------------------------------------------------------|---------|----------------------|
|board_id |writer  |subject |content |passwd                                                       |read_cnt |enroll_at             |
|---------|--------|--------|--------|-------------------------------------------------------------|---------|----------------------|
|102412   |자마라하파바가 |파하사다라카나 |자타가파자다사 |$2a$10$A2Ehx6dKUyzX3MPq40gmPeLE3liNNjAIBGH0L7nXexksnJL3H1NZ. |0        |2024-03-13 01:23:00.0 |
|102413   |마마차사하파라 |타사바사라파카 |하카바라파차마 |$2a$10$0rH04TAdxNLFl6wN6MKVpevGKdUCvXYQiBaUtc75Wbqdiik9sGsne |0        |2024-03-13 01:23:00.0 |
|102415   |파마아카하카아 |마파카자사마자 |바자가차바나라 |$2a$10$gkKEAyeloNkIOQCJkfyYqeXD18sgjTU6x8IXokGrjfN8m.PT9keAu |0        |2024-03-13 01:23:00.0 |
|102407   |자가다파파사사 |타자라다파라라 |파타타사타차하 |$2a$10$RK05G1jn4P/ZNpMHoWaJ8OuGFelEYnyAYf.z9bMyj9dHsdk2GFi12 |0        |2024-03-13 01:23:00.0 |
|102414   |가가파다사다라 |가마바바마차마 |다자마하타사바 |$2a$10$QeA47MaMHPpJAvoh80DsdOuXpTyzWKRVJQxxv9GtJX195ROcBFAzm |0        |2024-03-13 01:23:00.0 |
|---------|--------|--------|--------|-------------------------------------------------------------|---------|----------------------|

2024-03-14 00:23:15.077 [http-nio-8080-exec-8] INFO 
				jdbc.resultsettable - 
|---------|
|count(*) |
|---------|
|2701     |
|---------|

2024-03-14 00:23:15.080 [http-nio-8080-exec-8] INFO 
				jdbc.resultsettable - 
|---------|--------|--------|--------|-------------------------------------------------------------|---------|----------------------|
|board_id |writer  |subject |content |passwd                                                       |read_cnt |enroll_at             |
|---------|--------|--------|--------|-------------------------------------------------------------|---------|----------------------|
|102412   |자마라하파바가 |파하사다라카나 |자타가파자다사 |$2a$10$A2Ehx6dKUyzX3MPq40gmPeLE3liNNjAIBGH0L7nXexksnJL3H1NZ. |0        |2024-03-13 01:23:00.0 |
|102413   |마마차사하파라 |타사바사라파카 |하카바라파차마 |$2a$10$0rH04TAdxNLFl6wN6MKVpevGKdUCvXYQiBaUtc75Wbqdiik9sGsne |0        |2024-03-13 01:23:00.0 |
|102415   |파마아카하카아 |마파카자사마자 |바자가차바나라 |$2a$10$gkKEAyeloNkIOQCJkfyYqeXD18sgjTU6x8IXokGrjfN8m.PT9keAu |0        |2024-03-13 01:23:00.0 |
|102407   |자가다파파사사 |타자라다파라라 |파타타사타차하 |$2a$10$RK05G1jn4P/ZNpMHoWaJ8OuGFelEYnyAYf.z9bMyj9dHsdk2GFi12 |0        |2024-03-13 01:23:00.0 |
|102414   |가가파다사다라 |가마바바마차마 |다자마하타사바 |$2a$10$QeA47MaMHPpJAvoh80DsdOuXpTyzWKRVJQxxv9GtJX195ROcBFAzm |0        |2024-03-13 01:23:00.0 |
|---------|--------|--------|--------|-------------------------------------------------------------|---------|----------------------|

2024-03-14 00:23:29.740 [http-nio-8080-exec-10] INFO 
				jdbc.resultsettable - 
|---------|
|count(*) |
|---------|
|2701     |
|---------|

2024-03-14 00:23:29.745 [http-nio-8080-exec-10] INFO 
				jdbc.resultsettable - 
|---------|--------|--------|--------|-------------------------------------------------------------|---------|----------------------|
|board_id |writer  |subject |content |passwd                                                       |read_cnt |enroll_at             |
|---------|--------|--------|--------|-------------------------------------------------------------|---------|----------------------|
|102412   |자마라하파바가 |파하사다라카나 |자타가파자다사 |$2a$10$A2Ehx6dKUyzX3MPq40gmPeLE3liNNjAIBGH0L7nXexksnJL3H1NZ. |0        |2024-03-13 01:23:00.0 |
|102413   |마마차사하파라 |타사바사라파카 |하카바라파차마 |$2a$10$0rH04TAdxNLFl6wN6MKVpevGKdUCvXYQiBaUtc75Wbqdiik9sGsne |0        |2024-03-13 01:23:00.0 |
|102415   |파마아카하카아 |마파카자사마자 |바자가차바나라 |$2a$10$gkKEAyeloNkIOQCJkfyYqeXD18sgjTU6x8IXokGrjfN8m.PT9keAu |0        |2024-03-13 01:23:00.0 |
|102407   |자가다파파사사 |타자라다파라라 |파타타사타차하 |$2a$10$RK05G1jn4P/ZNpMHoWaJ8OuGFelEYnyAYf.z9bMyj9dHsdk2GFi12 |0        |2024-03-13 01:23:00.0 |
|102414   |가가파다사다라 |가마바바마차마 |다자마하타사바 |$2a$10$QeA47MaMHPpJAvoh80DsdOuXpTyzWKRVJQxxv9GtJX195ROcBFAzm |0        |2024-03-13 01:23:00.0 |
|---------|--------|--------|--------|-------------------------------------------------------------|---------|----------------------|

2024-03-14 00:23:30.979 [http-nio-8080-exec-2] INFO 
				jdbc.resultsettable - 
|---------|
|count(*) |
|---------|
|2701     |
|---------|

2024-03-14 00:23:30.985 [http-nio-8080-exec-2] INFO 
				jdbc.resultsettable - 
|---------|--------|--------|--------|-------------------------------------------------------------|---------|----------------------|
|board_id |writer  |subject |content |passwd                                                       |read_cnt |enroll_at             |
|---------|--------|--------|--------|-------------------------------------------------------------|---------|----------------------|
|102403   |나자사가가아라 |파나파타나나차 |타하가아다다바 |$2a$10$2OYiK.iXGTUreG8A6HyBx.KFwKNXqlB4fM61JwO91XPF1vnEDnc.. |0        |2024-03-13 01:23:00.0 |
|102406   |하바자다카바파 |사마라타마자자 |다아가가바파마 |$2a$10$aDVCMbVN/k.4UW6vsmcbL.VGUURDmIXzOPTBjKESS8aiE/9yeKEKe |0        |2024-03-13 01:23:00.0 |
|102404   |마타사가하나파 |바나자타파차차 |파사아아다하가 |$2a$10$DQlXsprruobtawk3aIXGg.swow4FBqYoUDwEJ5zeYZchc4aJ3r4AK |0        |2024-03-13 01:23:00.0 |
|102402   |아사라파카다아 |바파마차가자가 |라마다파자마파 |$2a$10$zcvrUdmpLgPb7pzRjMwgFO6OQV5ChTtLReFngFb9OyNHXW4yS1fzK |0        |2024-03-13 01:23:00.0 |
|102700   |마나가사마바사 |하다바사차사파 |가파바나카라아 |$2a$10$gORAqW17uIHJGDYIVZIGkuP6TkcKnPRcqka91uUNyVFa4xuwg3IZG |0        |2024-03-13 01:23:00.0 |
|---------|--------|--------|--------|-------------------------------------------------------------|---------|----------------------|

2024-03-14 00:23:32.743 [http-nio-8080-exec-4] INFO 
				jdbc.resultsettable - 
|---------|
|count(*) |
|---------|
|2701     |
|---------|

2024-03-14 00:23:32.750 [http-nio-8080-exec-4] INFO 
				jdbc.resultsettable - 
|---------|--------|--------|--------|-------------------------------------------------------------|---------|----------------------|
|board_id |writer  |subject |content |passwd                                                       |read_cnt |enroll_at             |
|---------|--------|--------|--------|-------------------------------------------------------------|---------|----------------------|
|102408   |가바바카아사자 |나사사아가파다 |타바다가라자가 |$2a$10$jjKlkvep1NkQ/ln/BsJMYeIS.nAReroBlA3VtviL4qH2TAY9aHJg2 |0        |2024-03-13 01:23:00.0 |
|102403   |나자사가가아라 |파나파타나나차 |타하가아다다바 |$2a$10$2OYiK.iXGTUreG8A6HyBx.KFwKNXqlB4fM61JwO91XPF1vnEDnc.. |0        |2024-03-13 01:23:00.0 |
|102407   |자가다파파사사 |타자라다파라라 |파타타사타차하 |$2a$10$RK05G1jn4P/ZNpMHoWaJ8OuGFelEYnyAYf.z9bMyj9dHsdk2GFi12 |0        |2024-03-13 01:23:00.0 |
|102406   |하바자다카바파 |사마라타마자자 |다아가가바파마 |$2a$10$aDVCMbVN/k.4UW6vsmcbL.VGUURDmIXzOPTBjKESS8aiE/9yeKEKe |0        |2024-03-13 01:23:00.0 |
|102401   |가바바나차아파 |자파나나사마타 |아카라차차자차 |$2a$10$NrMJwUt0TlXJOZh8UE2KUOky36swORRYL0tri6rQ95RsjYiGJpIke |0        |2024-03-13 01:23:00.0 |
|---------|--------|--------|--------|-------------------------------------------------------------|---------|----------------------|

2024-03-14 00:23:33.364 [http-nio-8080-exec-6] INFO 
				jdbc.resultsettable - 
|---------|
|count(*) |
|---------|
|2701     |
|---------|

2024-03-14 00:23:33.370 [http-nio-8080-exec-6] INFO 
				jdbc.resultsettable - 
|---------|--------|--------|--------|-------------------------------------------------------------|---------|----------------------|
|board_id |writer  |subject |content |passwd                                                       |read_cnt |enroll_at             |
|---------|--------|--------|--------|-------------------------------------------------------------|---------|----------------------|
|102412   |자마라하파바가 |파하사다라카나 |자타가파자다사 |$2a$10$A2Ehx6dKUyzX3MPq40gmPeLE3liNNjAIBGH0L7nXexksnJL3H1NZ. |0        |2024-03-13 01:23:00.0 |
|102413   |마마차사하파라 |타사바사라파카 |하카바라파차마 |$2a$10$0rH04TAdxNLFl6wN6MKVpevGKdUCvXYQiBaUtc75Wbqdiik9sGsne |0        |2024-03-13 01:23:00.0 |
|102415   |파마아카하카아 |마파카자사마자 |바자가차바나라 |$2a$10$gkKEAyeloNkIOQCJkfyYqeXD18sgjTU6x8IXokGrjfN8m.PT9keAu |0        |2024-03-13 01:23:00.0 |
|102407   |자가다파파사사 |타자라다파라라 |파타타사타차하 |$2a$10$RK05G1jn4P/ZNpMHoWaJ8OuGFelEYnyAYf.z9bMyj9dHsdk2GFi12 |0        |2024-03-13 01:23:00.0 |
|102414   |가가파다사다라 |가마바바마차마 |다자마하타사바 |$2a$10$QeA47MaMHPpJAvoh80DsdOuXpTyzWKRVJQxxv9GtJX195ROcBFAzm |0        |2024-03-13 01:23:00.0 |
|---------|--------|--------|--------|-------------------------------------------------------------|---------|----------------------|

2024-03-14 00:26:31.962 [http-nio-8080-exec-1] INFO 
				jdbc.resultsettable - 
|---------|
|count(*) |
|---------|
|2701     |
|---------|

2024-03-14 00:26:31.967 [http-nio-8080-exec-1] INFO 
				jdbc.resultsettable - 
|---------|--------|--------|--------|-------------------------------------------------------------|---------|----------------------|
|board_id |writer  |subject |content |passwd                                                       |read_cnt |enroll_at             |
|---------|--------|--------|--------|-------------------------------------------------------------|---------|----------------------|
|102412   |자마라하파바가 |파하사다라카나 |자타가파자다사 |$2a$10$A2Ehx6dKUyzX3MPq40gmPeLE3liNNjAIBGH0L7nXexksnJL3H1NZ. |0        |2024-03-13 01:23:00.0 |
|102413   |마마차사하파라 |타사바사라파카 |하카바라파차마 |$2a$10$0rH04TAdxNLFl6wN6MKVpevGKdUCvXYQiBaUtc75Wbqdiik9sGsne |0        |2024-03-13 01:23:00.0 |
|102415   |파마아카하카아 |마파카자사마자 |바자가차바나라 |$2a$10$gkKEAyeloNkIOQCJkfyYqeXD18sgjTU6x8IXokGrjfN8m.PT9keAu |0        |2024-03-13 01:23:00.0 |
|102407   |자가다파파사사 |타자라다파라라 |파타타사타차하 |$2a$10$RK05G1jn4P/ZNpMHoWaJ8OuGFelEYnyAYf.z9bMyj9dHsdk2GFi12 |0        |2024-03-13 01:23:00.0 |
|102414   |가가파다사다라 |가마바바마차마 |다자마하타사바 |$2a$10$QeA47MaMHPpJAvoh80DsdOuXpTyzWKRVJQxxv9GtJX195ROcBFAzm |0        |2024-03-13 01:23:00.0 |
|---------|--------|--------|--------|-------------------------------------------------------------|---------|----------------------|

2024-03-14 00:26:34.399 [http-nio-8080-exec-2] INFO 
				jdbc.resultsettable - 
|---------|
|count(*) |
|---------|
|2701     |
|---------|

2024-03-14 00:26:34.407 [http-nio-8080-exec-2] INFO 
				jdbc.resultsettable - 
|---------|--------|--------|--------|-------------------------------------------------------------|---------|----------------------|
|board_id |writer  |subject |content |passwd                                                       |read_cnt |enroll_at             |
|---------|--------|--------|--------|-------------------------------------------------------------|---------|----------------------|
|102408   |가바바카아사자 |나사사아가파다 |타바다가라자가 |$2a$10$jjKlkvep1NkQ/ln/BsJMYeIS.nAReroBlA3VtviL4qH2TAY9aHJg2 |0        |2024-03-13 01:23:00.0 |
|102403   |나자사가가아라 |파나파타나나차 |타하가아다다바 |$2a$10$2OYiK.iXGTUreG8A6HyBx.KFwKNXqlB4fM61JwO91XPF1vnEDnc.. |0        |2024-03-13 01:23:00.0 |
|102407   |자가다파파사사 |타자라다파라라 |파타타사타차하 |$2a$10$RK05G1jn4P/ZNpMHoWaJ8OuGFelEYnyAYf.z9bMyj9dHsdk2GFi12 |0        |2024-03-13 01:23:00.0 |
|102406   |하바자다카바파 |사마라타마자자 |다아가가바파마 |$2a$10$aDVCMbVN/k.4UW6vsmcbL.VGUURDmIXzOPTBjKESS8aiE/9yeKEKe |0        |2024-03-13 01:23:00.0 |
|102401   |가바바나차아파 |자파나나사마타 |아카라차차자차 |$2a$10$NrMJwUt0TlXJOZh8UE2KUOky36swORRYL0tri6rQ95RsjYiGJpIke |0        |2024-03-13 01:23:00.0 |
|---------|--------|--------|--------|-------------------------------------------------------------|---------|----------------------|

2024-03-14 00:26:35.329 [http-nio-8080-exec-3] INFO 
				jdbc.resultsettable - 
|---------|
|count(*) |
|---------|
|2701     |
|---------|

2024-03-14 00:26:35.332 [http-nio-8080-exec-3] INFO 
				jdbc.resultsettable - 
|---------|--------|--------|--------|-------------------------------------------------------------|---------|----------------------|
|board_id |writer  |subject |content |passwd                                                       |read_cnt |enroll_at             |
|---------|--------|--------|--------|-------------------------------------------------------------|---------|----------------------|
|102403   |나자사가가아라 |파나파타나나차 |타하가아다다바 |$2a$10$2OYiK.iXGTUreG8A6HyBx.KFwKNXqlB4fM61JwO91XPF1vnEDnc.. |0        |2024-03-13 01:23:00.0 |
|102406   |하바자다카바파 |사마라타마자자 |다아가가바파마 |$2a$10$aDVCMbVN/k.4UW6vsmcbL.VGUURDmIXzOPTBjKESS8aiE/9yeKEKe |0        |2024-03-13 01:23:00.0 |
|102404   |마타사가하나파 |바나자타파차차 |파사아아다하가 |$2a$10$DQlXsprruobtawk3aIXGg.swow4FBqYoUDwEJ5zeYZchc4aJ3r4AK |0        |2024-03-13 01:23:00.0 |
|102402   |아사라파카다아 |바파마차가자가 |라마다파자마파 |$2a$10$zcvrUdmpLgPb7pzRjMwgFO6OQV5ChTtLReFngFb9OyNHXW4yS1fzK |0        |2024-03-13 01:23:00.0 |
|102700   |마나가사마바사 |하다바사차사파 |가파바나카라아 |$2a$10$gORAqW17uIHJGDYIVZIGkuP6TkcKnPRcqka91uUNyVFa4xuwg3IZG |0        |2024-03-13 01:23:00.0 |
|---------|--------|--------|--------|-------------------------------------------------------------|---------|----------------------|

2024-03-14 00:26:35.838 [http-nio-8080-exec-4] INFO 
				jdbc.resultsettable - 
|---------|
|count(*) |
|---------|
|2701     |
|---------|

2024-03-14 00:26:35.844 [http-nio-8080-exec-4] INFO 
				jdbc.resultsettable - 
|---------|--------|--------|--------|-------------------------------------------------------------|---------|----------------------|
|board_id |writer  |subject |content |passwd                                                       |read_cnt |enroll_at             |
|---------|--------|--------|--------|-------------------------------------------------------------|---------|----------------------|
|102403   |나자사가가아라 |파나파타나나차 |타하가아다다바 |$2a$10$2OYiK.iXGTUreG8A6HyBx.KFwKNXqlB4fM61JwO91XPF1vnEDnc.. |0        |2024-03-13 01:23:00.0 |
|102406   |하바자다카바파 |사마라타마자자 |다아가가바파마 |$2a$10$aDVCMbVN/k.4UW6vsmcbL.VGUURDmIXzOPTBjKESS8aiE/9yeKEKe |0        |2024-03-13 01:23:00.0 |
|102404   |마타사가하나파 |바나자타파차차 |파사아아다하가 |$2a$10$DQlXsprruobtawk3aIXGg.swow4FBqYoUDwEJ5zeYZchc4aJ3r4AK |0        |2024-03-13 01:23:00.0 |
|102402   |아사라파카다아 |바파마차가자가 |라마다파자마파 |$2a$10$zcvrUdmpLgPb7pzRjMwgFO6OQV5ChTtLReFngFb9OyNHXW4yS1fzK |0        |2024-03-13 01:23:00.0 |
|102700   |마나가사마바사 |하다바사차사파 |가파바나카라아 |$2a$10$gORAqW17uIHJGDYIVZIGkuP6TkcKnPRcqka91uUNyVFa4xuwg3IZG |0        |2024-03-13 01:23:00.0 |
|---------|--------|--------|--------|-------------------------------------------------------------|---------|----------------------|

2024-03-14 00:28:47.131 [http-nio-8080-exec-1] INFO 
				jdbc.resultsettable - 
|---------|
|count(*) |
|---------|
|2701     |
|---------|

2024-03-14 00:28:47.137 [http-nio-8080-exec-1] INFO 
				jdbc.resultsettable - 
|---------|--------|--------|--------|-------------------------------------------------------------|---------|----------------------|
|board_id |writer  |subject |content |passwd                                                       |read_cnt |enroll_at             |
|---------|--------|--------|--------|-------------------------------------------------------------|---------|----------------------|
|102700   |마나가사마바사 |하다바사차사파 |가파바나카라아 |$2a$10$gORAqW17uIHJGDYIVZIGkuP6TkcKnPRcqka91uUNyVFa4xuwg3IZG |0        |2024-03-13 01:23:00.0 |
|102411   |사카가카차타하 |라차나마사자라 |파카하파바카자 |$2a$10$YwZumHhmmYMAq57L2R6FjO75R/mlStQDBVvu.Z2vcAKhXOx6LBP7W |0        |2024-03-13 01:23:00.0 |
|102406   |하바자다카바파 |사마라타마자자 |다아가가바파마 |$2a$10$aDVCMbVN/k.4UW6vsmcbL.VGUURDmIXzOPTBjKESS8aiE/9yeKEKe |0        |2024-03-13 01:23:00.0 |
|102414   |가가파다사다라 |가마바바마차마 |다자마하타사바 |$2a$10$QeA47MaMHPpJAvoh80DsdOuXpTyzWKRVJQxxv9GtJX195ROcBFAzm |0        |2024-03-13 01:23:00.0 |
|102404   |마타사가하나파 |바나자타파차차 |파사아아다하가 |$2a$10$DQlXsprruobtawk3aIXGg.swow4FBqYoUDwEJ5zeYZchc4aJ3r4AK |0        |2024-03-13 01:23:00.0 |
|---------|--------|--------|--------|-------------------------------------------------------------|---------|----------------------|

2024-03-14 00:28:48.255 [http-nio-8080-exec-2] INFO 
				jdbc.resultsettable - 
|---------|
|count(*) |
|---------|
|2701     |
|---------|

2024-03-14 00:28:48.262 [http-nio-8080-exec-2] INFO 
				jdbc.resultsettable - 
|---------|--------|--------|--------|-------------------------------------------------------------|---------|----------------------|
|board_id |writer  |subject |content |passwd                                                       |read_cnt |enroll_at             |
|---------|--------|--------|--------|-------------------------------------------------------------|---------|----------------------|
|102410   |차하카아타바사 |다아나아가사라 |바사자사파라사 |$2a$10$BirSU56hA4x/hWDR2V6EA.QX3n3aPwc/TNlP9hWLTV8zPoGITam/G |0        |2024-03-13 01:23:00.0 |
|102408   |가바바카아사자 |나사사아가파다 |타바다가라자가 |$2a$10$jjKlkvep1NkQ/ln/BsJMYeIS.nAReroBlA3VtviL4qH2TAY9aHJg2 |0        |2024-03-13 01:23:00.0 |
|102403   |나자사가가아라 |파나파타나나차 |타하가아다다바 |$2a$10$2OYiK.iXGTUreG8A6HyBx.KFwKNXqlB4fM61JwO91XPF1vnEDnc.. |0        |2024-03-13 01:23:00.0 |
|102402   |아사라파카다아 |바파마차가자가 |라마다파자마파 |$2a$10$zcvrUdmpLgPb7pzRjMwgFO6OQV5ChTtLReFngFb9OyNHXW4yS1fzK |0        |2024-03-13 01:23:00.0 |
|102406   |하바자다카바파 |사마라타마자자 |다아가가바파마 |$2a$10$aDVCMbVN/k.4UW6vsmcbL.VGUURDmIXzOPTBjKESS8aiE/9yeKEKe |0        |2024-03-13 01:23:00.0 |
|---------|--------|--------|--------|-------------------------------------------------------------|---------|----------------------|

2024-03-14 00:28:49.055 [http-nio-8080-exec-3] INFO 
				jdbc.resultsettable - 
|---------|
|count(*) |
|---------|
|2701     |
|---------|

2024-03-14 00:28:49.063 [http-nio-8080-exec-3] INFO 
				jdbc.resultsettable - 
|---------|--------|--------|--------|-------------------------------------------------------------|---------|----------------------|
|board_id |writer  |subject |content |passwd                                                       |read_cnt |enroll_at             |
|---------|--------|--------|--------|-------------------------------------------------------------|---------|----------------------|
|102410   |차하카아타바사 |다아나아가사라 |바사자사파라사 |$2a$10$BirSU56hA4x/hWDR2V6EA.QX3n3aPwc/TNlP9hWLTV8zPoGITam/G |0        |2024-03-13 01:23:00.0 |
|102408   |가바바카아사자 |나사사아가파다 |타바다가라자가 |$2a$10$jjKlkvep1NkQ/ln/BsJMYeIS.nAReroBlA3VtviL4qH2TAY9aHJg2 |0        |2024-03-13 01:23:00.0 |
|102403   |나자사가가아라 |파나파타나나차 |타하가아다다바 |$2a$10$2OYiK.iXGTUreG8A6HyBx.KFwKNXqlB4fM61JwO91XPF1vnEDnc.. |0        |2024-03-13 01:23:00.0 |
|102402   |아사라파카다아 |바파마차가자가 |라마다파자마파 |$2a$10$zcvrUdmpLgPb7pzRjMwgFO6OQV5ChTtLReFngFb9OyNHXW4yS1fzK |0        |2024-03-13 01:23:00.0 |
|102406   |하바자다카바파 |사마라타마자자 |다아가가바파마 |$2a$10$aDVCMbVN/k.4UW6vsmcbL.VGUURDmIXzOPTBjKESS8aiE/9yeKEKe |0        |2024-03-13 01:23:00.0 |
|---------|--------|--------|--------|-------------------------------------------------------------|---------|----------------------|

2024-03-14 00:28:49.916 [http-nio-8080-exec-4] INFO 
				jdbc.resultsettable - 
|---------|
|count(*) |
|---------|
|2701     |
|---------|

2024-03-14 00:28:49.923 [http-nio-8080-exec-4] INFO 
				jdbc.resultsettable - 
|---------|--------|--------|--------|-------------------------------------------------------------|---------|----------------------|
|board_id |writer  |subject |content |passwd                                                       |read_cnt |enroll_at             |
|---------|--------|--------|--------|-------------------------------------------------------------|---------|----------------------|
|102402   |아사라파카다아 |바파마차가자가 |라마다파자마파 |$2a$10$zcvrUdmpLgPb7pzRjMwgFO6OQV5ChTtLReFngFb9OyNHXW4yS1fzK |0        |2024-03-13 01:23:00.0 |
|102404   |마타사가하나파 |바나자타파차차 |파사아아다하가 |$2a$10$DQlXsprruobtawk3aIXGg.swow4FBqYoUDwEJ5zeYZchc4aJ3r4AK |0        |2024-03-13 01:23:00.0 |
|102403   |나자사가가아라 |파나파타나나차 |타하가아다다바 |$2a$10$2OYiK.iXGTUreG8A6HyBx.KFwKNXqlB4fM61JwO91XPF1vnEDnc.. |0        |2024-03-13 01:23:00.0 |
|102401   |가바바나차아파 |자파나나사마타 |아카라차차자차 |$2a$10$NrMJwUt0TlXJOZh8UE2KUOky36swORRYL0tri6rQ95RsjYiGJpIke |0        |2024-03-13 01:23:00.0 |
|102700   |마나가사마바사 |하다바사차사파 |가파바나카라아 |$2a$10$gORAqW17uIHJGDYIVZIGkuP6TkcKnPRcqka91uUNyVFa4xuwg3IZG |0        |2024-03-13 01:23:00.0 |
|---------|--------|--------|--------|-------------------------------------------------------------|---------|----------------------|

2024-03-14 00:28:50.100 [http-nio-8080-exec-5] INFO 
				jdbc.resultsettable - 
|---------|
|count(*) |
|---------|
|2701     |
|---------|

2024-03-14 00:28:50.104 [http-nio-8080-exec-5] INFO 
				jdbc.resultsettable - 
|---------|--------|--------|--------|-------------------------------------------------------------|---------|----------------------|
|board_id |writer  |subject |content |passwd                                                       |read_cnt |enroll_at             |
|---------|--------|--------|--------|-------------------------------------------------------------|---------|----------------------|
|102410   |차하카아타바사 |다아나아가사라 |바사자사파라사 |$2a$10$BirSU56hA4x/hWDR2V6EA.QX3n3aPwc/TNlP9hWLTV8zPoGITam/G |0        |2024-03-13 01:23:00.0 |
|102408   |가바바카아사자 |나사사아가파다 |타바다가라자가 |$2a$10$jjKlkvep1NkQ/ln/BsJMYeIS.nAReroBlA3VtviL4qH2TAY9aHJg2 |0        |2024-03-13 01:23:00.0 |
|102403   |나자사가가아라 |파나파타나나차 |타하가아다다바 |$2a$10$2OYiK.iXGTUreG8A6HyBx.KFwKNXqlB4fM61JwO91XPF1vnEDnc.. |0        |2024-03-13 01:23:00.0 |
|102402   |아사라파카다아 |바파마차가자가 |라마다파자마파 |$2a$10$zcvrUdmpLgPb7pzRjMwgFO6OQV5ChTtLReFngFb9OyNHXW4yS1fzK |0        |2024-03-13 01:23:00.0 |
|102406   |하바자다카바파 |사마라타마자자 |다아가가바파마 |$2a$10$aDVCMbVN/k.4UW6vsmcbL.VGUURDmIXzOPTBjKESS8aiE/9yeKEKe |0        |2024-03-13 01:23:00.0 |
|---------|--------|--------|--------|-------------------------------------------------------------|---------|----------------------|

2024-03-14 00:28:55.020 [http-nio-8080-exec-6] INFO 
				jdbc.resultsettable - 
|---------|
|count(*) |
|---------|
|2701     |
|---------|

2024-03-14 00:28:55.033 [http-nio-8080-exec-6] INFO 
				jdbc.resultsettable - 
|---------|--------|--------|--------|-------------------------------------------------------------|---------|----------------------|
|board_id |writer  |subject |content |passwd                                                       |read_cnt |enroll_at             |
|---------|--------|--------|--------|-------------------------------------------------------------|---------|----------------------|
|102410   |차하카아타바사 |다아나아가사라 |바사자사파라사 |$2a$10$BirSU56hA4x/hWDR2V6EA.QX3n3aPwc/TNlP9hWLTV8zPoGITam/G |0        |2024-03-13 01:23:00.0 |
|102408   |가바바카아사자 |나사사아가파다 |타바다가라자가 |$2a$10$jjKlkvep1NkQ/ln/BsJMYeIS.nAReroBlA3VtviL4qH2TAY9aHJg2 |0        |2024-03-13 01:23:00.0 |
|102403   |나자사가가아라 |파나파타나나차 |타하가아다다바 |$2a$10$2OYiK.iXGTUreG8A6HyBx.KFwKNXqlB4fM61JwO91XPF1vnEDnc.. |0        |2024-03-13 01:23:00.0 |
|102402   |아사라파카다아 |바파마차가자가 |라마다파자마파 |$2a$10$zcvrUdmpLgPb7pzRjMwgFO6OQV5ChTtLReFngFb9OyNHXW4yS1fzK |0        |2024-03-13 01:23:00.0 |
|102406   |하바자다카바파 |사마라타마자자 |다아가가바파마 |$2a$10$aDVCMbVN/k.4UW6vsmcbL.VGUURDmIXzOPTBjKESS8aiE/9yeKEKe |0        |2024-03-13 01:23:00.0 |
|---------|--------|--------|--------|-------------------------------------------------------------|---------|----------------------|

2024-03-14 00:28:56.046 [http-nio-8080-exec-7] INFO 
				jdbc.resultsettable - 
|---------|
|count(*) |
|---------|
|2701     |
|---------|

2024-03-14 00:28:56.048 [http-nio-8080-exec-7] INFO 
				jdbc.resultsettable - 
|---------|--------|--------|--------|-------------------------------------------------------------|---------|----------------------|
|board_id |writer  |subject |content |passwd                                                       |read_cnt |enroll_at             |
|---------|--------|--------|--------|-------------------------------------------------------------|---------|----------------------|
|102402   |아사라파카다아 |바파마차가자가 |라마다파자마파 |$2a$10$zcvrUdmpLgPb7pzRjMwgFO6OQV5ChTtLReFngFb9OyNHXW4yS1fzK |0        |2024-03-13 01:23:00.0 |
|102404   |마타사가하나파 |바나자타파차차 |파사아아다하가 |$2a$10$DQlXsprruobtawk3aIXGg.swow4FBqYoUDwEJ5zeYZchc4aJ3r4AK |0        |2024-03-13 01:23:00.0 |
|102403   |나자사가가아라 |파나파타나나차 |타하가아다다바 |$2a$10$2OYiK.iXGTUreG8A6HyBx.KFwKNXqlB4fM61JwO91XPF1vnEDnc.. |0        |2024-03-13 01:23:00.0 |
|102401   |가바바나차아파 |자파나나사마타 |아카라차차자차 |$2a$10$NrMJwUt0TlXJOZh8UE2KUOky36swORRYL0tri6rQ95RsjYiGJpIke |0        |2024-03-13 01:23:00.0 |
|102700   |마나가사마바사 |하다바사차사파 |가파바나카라아 |$2a$10$gORAqW17uIHJGDYIVZIGkuP6TkcKnPRcqka91uUNyVFa4xuwg3IZG |0        |2024-03-13 01:23:00.0 |
|---------|--------|--------|--------|-------------------------------------------------------------|---------|----------------------|

2024-03-14 00:28:57.317 [http-nio-8080-exec-8] INFO 
				jdbc.resultsettable - 
|---------|
|count(*) |
|---------|
|2701     |
|---------|

2024-03-14 00:28:57.319 [http-nio-8080-exec-8] INFO 
				jdbc.resultsettable - 
|---------|--------|--------|--------|-------------------------------------------------------------|---------|----------------------|
|board_id |writer  |subject |content |passwd                                                       |read_cnt |enroll_at             |
|---------|--------|--------|--------|-------------------------------------------------------------|---------|----------------------|
|102409   |가가다다파사다 |타바차다아다바 |자마사다사자바 |$2a$10$M2Y.Pehmu3JTXKOX37y5y.IXcIgn4Ro5ZZwHKaGnHd9hI.GdgMbMS |0        |2024-03-13 01:23:00.0 |
|102700   |마나가사마바사 |하다바사차사파 |가파바나카라아 |$2a$10$gORAqW17uIHJGDYIVZIGkuP6TkcKnPRcqka91uUNyVFa4xuwg3IZG |0        |2024-03-13 01:23:00.0 |
|102405   |차바나타타타차 |사라사가바나차 |바가자다마차다 |$2a$10$cxRtN0TV.ac6SdJF2CPWxu0zMrdxqANCQqE6RSmpJmJ.ro88jewI6 |0        |2024-03-13 01:23:00.0 |
|102401   |가바바나차아파 |자파나나사마타 |아카라차차자차 |$2a$10$NrMJwUt0TlXJOZh8UE2KUOky36swORRYL0tri6rQ95RsjYiGJpIke |0        |2024-03-13 01:23:00.0 |
|102407   |자가다파파사사 |타자라다파라라 |파타타사타차하 |$2a$10$RK05G1jn4P/ZNpMHoWaJ8OuGFelEYnyAYf.z9bMyj9dHsdk2GFi12 |0        |2024-03-13 01:23:00.0 |
|102410   |차하카아타바사 |다아나아가사라 |바사자사파라사 |$2a$10$BirSU56hA4x/hWDR2V6EA.QX3n3aPwc/TNlP9hWLTV8zPoGITam/G |0        |2024-03-13 01:23:00.0 |
|102408   |가바바카아사자 |나사사아가파다 |타바다가라자가 |$2a$10$jjKlkvep1NkQ/ln/BsJMYeIS.nAReroBlA3VtviL4qH2TAY9aHJg2 |0        |2024-03-13 01:23:00.0 |
|102403   |나자사가가아라 |파나파타나나차 |타하가아다다바 |$2a$10$2OYiK.iXGTUreG8A6HyBx.KFwKNXqlB4fM61JwO91XPF1vnEDnc.. |0        |2024-03-13 01:23:00.0 |
|102402   |아사라파카다아 |바파마차가자가 |라마다파자마파 |$2a$10$zcvrUdmpLgPb7pzRjMwgFO6OQV5ChTtLReFngFb9OyNHXW4yS1fzK |0        |2024-03-13 01:23:00.0 |
|102406   |하바자다카바파 |사마라타마자자 |다아가가바파마 |$2a$10$aDVCMbVN/k.4UW6vsmcbL.VGUURDmIXzOPTBjKESS8aiE/9yeKEKe |0        |2024-03-13 01:23:00.0 |
|---------|--------|--------|--------|-------------------------------------------------------------|---------|----------------------|

2024-03-14 00:29:23.673 [http-nio-8080-exec-1] INFO 
				jdbc.resultsettable - 
|---------|
|count(*) |
|---------|
|2701     |
|---------|

2024-03-14 00:29:23.679 [http-nio-8080-exec-1] INFO 
				jdbc.resultsettable - 
|---------|--------|--------|--------|-------------------------------------------------------------|---------|----------------------|
|board_id |writer  |subject |content |passwd                                                       |read_cnt |enroll_at             |
|---------|--------|--------|--------|-------------------------------------------------------------|---------|----------------------|
|102409   |가가다다파사다 |타바차다아다바 |자마사다사자바 |$2a$10$M2Y.Pehmu3JTXKOX37y5y.IXcIgn4Ro5ZZwHKaGnHd9hI.GdgMbMS |0        |2024-03-13 01:23:00.0 |
|102700   |마나가사마바사 |하다바사차사파 |가파바나카라아 |$2a$10$gORAqW17uIHJGDYIVZIGkuP6TkcKnPRcqka91uUNyVFa4xuwg3IZG |0        |2024-03-13 01:23:00.0 |
|102405   |차바나타타타차 |사라사가바나차 |바가자다마차다 |$2a$10$cxRtN0TV.ac6SdJF2CPWxu0zMrdxqANCQqE6RSmpJmJ.ro88jewI6 |0        |2024-03-13 01:23:00.0 |
|102401   |가바바나차아파 |자파나나사마타 |아카라차차자차 |$2a$10$NrMJwUt0TlXJOZh8UE2KUOky36swORRYL0tri6rQ95RsjYiGJpIke |0        |2024-03-13 01:23:00.0 |
|102407   |자가다파파사사 |타자라다파라라 |파타타사타차하 |$2a$10$RK05G1jn4P/ZNpMHoWaJ8OuGFelEYnyAYf.z9bMyj9dHsdk2GFi12 |0        |2024-03-13 01:23:00.0 |
|102410   |차하카아타바사 |다아나아가사라 |바사자사파라사 |$2a$10$BirSU56hA4x/hWDR2V6EA.QX3n3aPwc/TNlP9hWLTV8zPoGITam/G |0        |2024-03-13 01:23:00.0 |
|102408   |가바바카아사자 |나사사아가파다 |타바다가라자가 |$2a$10$jjKlkvep1NkQ/ln/BsJMYeIS.nAReroBlA3VtviL4qH2TAY9aHJg2 |0        |2024-03-13 01:23:00.0 |
|102403   |나자사가가아라 |파나파타나나차 |타하가아다다바 |$2a$10$2OYiK.iXGTUreG8A6HyBx.KFwKNXqlB4fM61JwO91XPF1vnEDnc.. |0        |2024-03-13 01:23:00.0 |
|102402   |아사라파카다아 |바파마차가자가 |라마다파자마파 |$2a$10$zcvrUdmpLgPb7pzRjMwgFO6OQV5ChTtLReFngFb9OyNHXW4yS1fzK |0        |2024-03-13 01:23:00.0 |
|102406   |하바자다카바파 |사마라타마자자 |다아가가바파마 |$2a$10$aDVCMbVN/k.4UW6vsmcbL.VGUURDmIXzOPTBjKESS8aiE/9yeKEKe |0        |2024-03-13 01:23:00.0 |
|---------|--------|--------|--------|-------------------------------------------------------------|---------|----------------------|

2024-03-14 00:31:18.074 [http-nio-8080-exec-1] INFO 
				jdbc.resultsettable - 
|---------|
|count(*) |
|---------|
|2701     |
|---------|

2024-03-14 00:31:18.080 [http-nio-8080-exec-1] INFO 
				jdbc.resultsettable - 
|---------|--------|--------|--------|-------------------------------------------------------------|---------|----------------------|
|board_id |writer  |subject |content |passwd                                                       |read_cnt |enroll_at             |
|---------|--------|--------|--------|-------------------------------------------------------------|---------|----------------------|
|102409   |가가다다파사다 |타바차다아다바 |자마사다사자바 |$2a$10$M2Y.Pehmu3JTXKOX37y5y.IXcIgn4Ro5ZZwHKaGnHd9hI.GdgMbMS |0        |2024-03-13 01:23:00.0 |
|102700   |마나가사마바사 |하다바사차사파 |가파바나카라아 |$2a$10$gORAqW17uIHJGDYIVZIGkuP6TkcKnPRcqka91uUNyVFa4xuwg3IZG |0        |2024-03-13 01:23:00.0 |
|102405   |차바나타타타차 |사라사가바나차 |바가자다마차다 |$2a$10$cxRtN0TV.ac6SdJF2CPWxu0zMrdxqANCQqE6RSmpJmJ.ro88jewI6 |0        |2024-03-13 01:23:00.0 |
|102401   |가바바나차아파 |자파나나사마타 |아카라차차자차 |$2a$10$NrMJwUt0TlXJOZh8UE2KUOky36swORRYL0tri6rQ95RsjYiGJpIke |0        |2024-03-13 01:23:00.0 |
|102407   |자가다파파사사 |타자라다파라라 |파타타사타차하 |$2a$10$RK05G1jn4P/ZNpMHoWaJ8OuGFelEYnyAYf.z9bMyj9dHsdk2GFi12 |0        |2024-03-13 01:23:00.0 |
|102410   |차하카아타바사 |다아나아가사라 |바사자사파라사 |$2a$10$BirSU56hA4x/hWDR2V6EA.QX3n3aPwc/TNlP9hWLTV8zPoGITam/G |0        |2024-03-13 01:23:00.0 |
|102408   |가바바카아사자 |나사사아가파다 |타바다가라자가 |$2a$10$jjKlkvep1NkQ/ln/BsJMYeIS.nAReroBlA3VtviL4qH2TAY9aHJg2 |0        |2024-03-13 01:23:00.0 |
|102403   |나자사가가아라 |파나파타나나차 |타하가아다다바 |$2a$10$2OYiK.iXGTUreG8A6HyBx.KFwKNXqlB4fM61JwO91XPF1vnEDnc.. |0        |2024-03-13 01:23:00.0 |
|102402   |아사라파카다아 |바파마차가자가 |라마다파자마파 |$2a$10$zcvrUdmpLgPb7pzRjMwgFO6OQV5ChTtLReFngFb9OyNHXW4yS1fzK |0        |2024-03-13 01:23:00.0 |
|102406   |하바자다카바파 |사마라타마자자 |다아가가바파마 |$2a$10$aDVCMbVN/k.4UW6vsmcbL.VGUURDmIXzOPTBjKESS8aiE/9yeKEKe |0        |2024-03-13 01:23:00.0 |
|---------|--------|--------|--------|-------------------------------------------------------------|---------|----------------------|

2024-03-14 02:06:24.767 [http-nio-8080-exec-5] INFO 
				jdbc.resultsettable - 
|---------|
|count(*) |
|---------|
|2701     |
|---------|

2024-03-14 02:06:24.767 [http-nio-8080-exec-5] INFO 
				jdbc.resultsettable - 
|---------|--------|--------|--------|-------------------------------------------------------------|---------|----------------------|
|board_id |writer  |subject |content |passwd                                                       |read_cnt |enroll_at             |
|---------|--------|--------|--------|-------------------------------------------------------------|---------|----------------------|
|102516   |차마카사아자차 |가타나타타다바 |바나다가라차나 |$2a$10$2dHylrMt5wq3wRimZhtGfuab2JFR48P/A9PVMg2npXvbvCcZsUvGa |0        |2024-03-13 01:23:00.0 |
|102515   |라다사차하하하 |다파라차나라나 |나타바사다바차 |$2a$10$qyoLBXQkfdW3uUoitowYKu24eKChip5RcsFGgIkQONMNlGXR/iZry |0        |2024-03-13 01:23:00.0 |
|102514   |가다아차하사하 |마마파자하나바 |바바라다라다마 |$2a$10$72ZJPRBuZ.M.fisNbr7dXuf7ctBZ4FDYKpnuZF8aJ3iyUrqPkYNlC |0        |2024-03-13 01:23:00.0 |
|102513   |차바라가파카차 |마가아바파하가 |카마라파하하마 |$2a$10$Te1uxlqA7luS1RWF1d.ZiOp25N/h1jlrA2tQwuxsexeahytpHQgY6 |0        |2024-03-13 01:23:00.0 |
|102512   |다가나다사차마 |차자카다자타하 |라파타바다하카 |$2a$10$pynr2ae2Gg5vvmORSFdp8uI.3Dzx2sqXcxkk.DglSy5FWvGfvzdNy |0        |2024-03-13 01:23:00.0 |
|102511   |나가나사자차마 |나하라차나다나 |자파카바라카자 |$2a$10$ImJG/d06TUQDWH0s/8c4ROX1D/t0Y0RtOYUJTGI97TM5MtMWm3Ouu |0        |2024-03-13 01:23:00.0 |
|102510   |나가바라카다가 |마가다다바사라 |차라가다바바가 |$2a$10$P9q74qfEKxY/eA9727L9sOfGjLKw3.TfGLA/5Ommx59F3M/7cV1zC |0        |2024-03-13 01:23:00.0 |
|102509   |파아다카자차가 |아라하자나타자 |마하하나타타가 |$2a$10$NUqpLVBaxF1I1A6PBomCZ.SzPPIHg23uUX.SvqRtULefBfbMC0sra |0        |2024-03-13 01:23:00.0 |
|102508   |라라다자카아마 |자마나아타가라 |나가마카다하사 |$2a$10$kB/1i8JOF/GCyH5wxCWtWeuxwfD7NoWwCnY9gdmVqLHQsgSFhE3MC |0        |2024-03-13 01:23:00.0 |
|102507   |파파타하카차자 |라카자라마가타 |하하파가타카자 |$2a$10$grbHrJiSufUTqMf/zb9we.m3GTsmuPHH/dCOrfDm7CJbZ42VjhPBi |0        |2024-03-13 01:23:00.0 |
|---------|--------|--------|--------|-------------------------------------------------------------|---------|----------------------|

2024-03-14 02:06:31.367 [http-nio-8080-exec-7] INFO 
				jdbc.resultsettable - 
|---------|
|count(*) |
|---------|
|2701     |
|---------|

2024-03-14 02:06:31.367 [http-nio-8080-exec-7] INFO 
				jdbc.resultsettable - 
|---------|--------|--------|--------|-------------------------------------------------------------|---------|----------------------|
|board_id |writer  |subject |content |passwd                                                       |read_cnt |enroll_at             |
|---------|--------|--------|--------|-------------------------------------------------------------|---------|----------------------|
|102409   |가가다다파사다 |타바차다아다바 |자마사다사자바 |$2a$10$M2Y.Pehmu3JTXKOX37y5y.IXcIgn4Ro5ZZwHKaGnHd9hI.GdgMbMS |0        |2024-03-13 01:23:00.0 |
|102700   |마나가사마바사 |하다바사차사파 |가파바나카라아 |$2a$10$gORAqW17uIHJGDYIVZIGkuP6TkcKnPRcqka91uUNyVFa4xuwg3IZG |0        |2024-03-13 01:23:00.0 |
|102405   |차바나타타타차 |사라사가바나차 |바가자다마차다 |$2a$10$cxRtN0TV.ac6SdJF2CPWxu0zMrdxqANCQqE6RSmpJmJ.ro88jewI6 |0        |2024-03-13 01:23:00.0 |
|102401   |가바바나차아파 |자파나나사마타 |아카라차차자차 |$2a$10$NrMJwUt0TlXJOZh8UE2KUOky36swORRYL0tri6rQ95RsjYiGJpIke |0        |2024-03-13 01:23:00.0 |
|102407   |자가다파파사사 |타자라다파라라 |파타타사타차하 |$2a$10$RK05G1jn4P/ZNpMHoWaJ8OuGFelEYnyAYf.z9bMyj9dHsdk2GFi12 |0        |2024-03-13 01:23:00.0 |
|102410   |차하카아타바사 |다아나아가사라 |바사자사파라사 |$2a$10$BirSU56hA4x/hWDR2V6EA.QX3n3aPwc/TNlP9hWLTV8zPoGITam/G |0        |2024-03-13 01:23:00.0 |
|102408   |가바바카아사자 |나사사아가파다 |타바다가라자가 |$2a$10$jjKlkvep1NkQ/ln/BsJMYeIS.nAReroBlA3VtviL4qH2TAY9aHJg2 |0        |2024-03-13 01:23:00.0 |
|102403   |나자사가가아라 |파나파타나나차 |타하가아다다바 |$2a$10$2OYiK.iXGTUreG8A6HyBx.KFwKNXqlB4fM61JwO91XPF1vnEDnc.. |0        |2024-03-13 01:23:00.0 |
|102402   |아사라파카다아 |바파마차가자가 |라마다파자마파 |$2a$10$zcvrUdmpLgPb7pzRjMwgFO6OQV5ChTtLReFngFb9OyNHXW4yS1fzK |0        |2024-03-13 01:23:00.0 |
|102406   |하바자다카바파 |사마라타마자자 |다아가가바파마 |$2a$10$aDVCMbVN/k.4UW6vsmcbL.VGUURDmIXzOPTBjKESS8aiE/9yeKEKe |0        |2024-03-13 01:23:00.0 |
|---------|--------|--------|--------|-------------------------------------------------------------|---------|----------------------|

2024-03-14 02:06:38.544 [http-nio-8080-exec-9] INFO 
				jdbc.resultsettable - 
|---------|
|count(*) |
|---------|
|2701     |
|---------|

2024-03-14 02:06:38.555 [http-nio-8080-exec-9] INFO 
				jdbc.resultsettable - 
|---------|--------|--------|--------|-------------------------------------------------------------|---------|----------------------|
|board_id |writer  |subject |content |passwd                                                       |read_cnt |enroll_at             |
|---------|--------|--------|--------|-------------------------------------------------------------|---------|----------------------|
|102516   |차마카사아자차 |가타나타타다바 |바나다가라차나 |$2a$10$2dHylrMt5wq3wRimZhtGfuab2JFR48P/A9PVMg2npXvbvCcZsUvGa |0        |2024-03-13 01:23:00.0 |
|102515   |라다사차하하하 |다파라차나라나 |나타바사다바차 |$2a$10$qyoLBXQkfdW3uUoitowYKu24eKChip5RcsFGgIkQONMNlGXR/iZry |0        |2024-03-13 01:23:00.0 |
|102514   |가다아차하사하 |마마파자하나바 |바바라다라다마 |$2a$10$72ZJPRBuZ.M.fisNbr7dXuf7ctBZ4FDYKpnuZF8aJ3iyUrqPkYNlC |0        |2024-03-13 01:23:00.0 |
|102513   |차바라가파카차 |마가아바파하가 |카마라파하하마 |$2a$10$Te1uxlqA7luS1RWF1d.ZiOp25N/h1jlrA2tQwuxsexeahytpHQgY6 |0        |2024-03-13 01:23:00.0 |
|102512   |다가나다사차마 |차자카다자타하 |라파타바다하카 |$2a$10$pynr2ae2Gg5vvmORSFdp8uI.3Dzx2sqXcxkk.DglSy5FWvGfvzdNy |0        |2024-03-13 01:23:00.0 |
|102511   |나가나사자차마 |나하라차나다나 |자파카바라카자 |$2a$10$ImJG/d06TUQDWH0s/8c4ROX1D/t0Y0RtOYUJTGI97TM5MtMWm3Ouu |0        |2024-03-13 01:23:00.0 |
|102510   |나가바라카다가 |마가다다바사라 |차라가다바바가 |$2a$10$P9q74qfEKxY/eA9727L9sOfGjLKw3.TfGLA/5Ommx59F3M/7cV1zC |0        |2024-03-13 01:23:00.0 |
|102509   |파아다카자차가 |아라하자나타자 |마하하나타타가 |$2a$10$NUqpLVBaxF1I1A6PBomCZ.SzPPIHg23uUX.SvqRtULefBfbMC0sra |0        |2024-03-13 01:23:00.0 |
|102508   |라라다자카아마 |자마나아타가라 |나가마카다하사 |$2a$10$kB/1i8JOF/GCyH5wxCWtWeuxwfD7NoWwCnY9gdmVqLHQsgSFhE3MC |0        |2024-03-13 01:23:00.0 |
|102507   |파파타하카차자 |라카자라마가타 |하하파가타카자 |$2a$10$grbHrJiSufUTqMf/zb9we.m3GTsmuPHH/dCOrfDm7CJbZ42VjhPBi |0        |2024-03-13 01:23:00.0 |
|---------|--------|--------|--------|-------------------------------------------------------------|---------|----------------------|

2024-03-14 02:06:39.700 [http-nio-8080-exec-1] INFO 
				jdbc.resultsettable - 
|---------|
|count(*) |
|---------|
|2701     |
|---------|

2024-03-14 02:06:39.700 [http-nio-8080-exec-1] INFO 
				jdbc.resultsettable - 
|---------|--------|--------|--------|-------------------------------------------------------------|---------|----------------------|
|board_id |writer  |subject |content |passwd                                                       |read_cnt |enroll_at             |
|---------|--------|--------|--------|-------------------------------------------------------------|---------|----------------------|
|102478   |다아하자카자아 |파라라차자나카 |하차바마아차바 |$2a$10$Cwko.geIyCxYb81tvDBUhuT8uAM.ImCSdmjzJaBCXAHjBnVl8eC3O |0        |2024-03-13 01:23:00.0 |
|102477   |바사가마파카나 |하라타카가라아 |자마라아라마라 |$2a$10$mvhvxP7CfSeulCtNTrGEAuJqAbQb7CrWw5fAU0MkndtV1hY9mL1cm |0        |2024-03-13 01:23:00.0 |
|102476   |아가파하아자차 |하아라아가라파 |가바카사가나나 |$2a$10$a3sbZMJhP5gMlCCfw8AaF.ebVq8jcbtJpTycnJKchKBIFDSgxY6Ii |0        |2024-03-13 01:23:00.0 |
|102475   |타다다바마하사 |다타카나하라라 |파다자자다하타 |$2a$10$6gStfM0Dq6AXzy3TI0y1re5/EfjkTA30HKR1UBd6czakmi3PmMQ.K |0        |2024-03-13 01:23:00.0 |
|102474   |마라차카다가자 |라바다다가차라 |자타가타라바카 |$2a$10$0tA.ZR2YeDiqquQSEjXQ4ergr/tt0YVkLweg0yHd6N/Gd.OgfFrWC |0        |2024-03-13 01:23:00.0 |
|102473   |마하라하차카아 |사아바나하파다 |파하바다바아차 |$2a$10$H0j7X.HsyzLq/n0etm79uunpaE7M7hliBvKVz4xGFbTwc1gO2zgwC |0        |2024-03-13 01:23:00.0 |
|102472   |나라차파사바사 |하타가바차차라 |아카아타카파나 |$2a$10$ik184oJbtYWfY0FEuezvZ.kiIeOlEnPWXxzOR7wf94gpFiXIWtyFe |0        |2024-03-13 01:23:00.0 |
|102471   |마자자파카라가 |아사바하사나라 |라타가하자타카 |$2a$10$aoTUCZ4nNmNO8CqCw/lr1OGUSKhui5APu1RXnaitsyd0IwsFcs822 |0        |2024-03-13 01:23:00.0 |
|102470   |자가라차다마다 |사아타파바다라 |파사바카파마가 |$2a$10$jbLLXPJepIM7MVxqD1bqd.GcQQiIFegyjlRYb3AhMBKiLce2wRgM2 |0        |2024-03-13 01:23:00.0 |
|102469   |다바라가라차하 |카차하차가타카 |하타바바파라카 |$2a$10$8lMrHcbKHvMJsbpYXqMlB.qCtELYRgpwPe9qLkTCrGjncwcDCMTKu |0        |2024-03-13 01:23:00.0 |
|---------|--------|--------|--------|-------------------------------------------------------------|---------|----------------------|

2024-03-14 02:06:42.241 [http-nio-8080-exec-4] INFO 
				jdbc.resultsettable - 
|---------|
|count(*) |
|---------|
|2701     |
|---------|

2024-03-14 02:06:42.248 [http-nio-8080-exec-4] INFO 
				jdbc.resultsettable - 
|---------|--------|--------|--------|-------------------------------------------------------------|---------|----------------------|
|board_id |writer  |subject |content |passwd                                                       |read_cnt |enroll_at             |
|---------|--------|--------|--------|-------------------------------------------------------------|---------|----------------------|
|102409   |가가다다파사다 |타바차다아다바 |자마사다사자바 |$2a$10$M2Y.Pehmu3JTXKOX37y5y.IXcIgn4Ro5ZZwHKaGnHd9hI.GdgMbMS |0        |2024-03-13 01:23:00.0 |
|102700   |마나가사마바사 |하다바사차사파 |가파바나카라아 |$2a$10$gORAqW17uIHJGDYIVZIGkuP6TkcKnPRcqka91uUNyVFa4xuwg3IZG |0        |2024-03-13 01:23:00.0 |
|102405   |차바나타타타차 |사라사가바나차 |바가자다마차다 |$2a$10$cxRtN0TV.ac6SdJF2CPWxu0zMrdxqANCQqE6RSmpJmJ.ro88jewI6 |0        |2024-03-13 01:23:00.0 |
|102401   |가바바나차아파 |자파나나사마타 |아카라차차자차 |$2a$10$NrMJwUt0TlXJOZh8UE2KUOky36swORRYL0tri6rQ95RsjYiGJpIke |0        |2024-03-13 01:23:00.0 |
|102407   |자가다파파사사 |타자라다파라라 |파타타사타차하 |$2a$10$RK05G1jn4P/ZNpMHoWaJ8OuGFelEYnyAYf.z9bMyj9dHsdk2GFi12 |0        |2024-03-13 01:23:00.0 |
|102410   |차하카아타바사 |다아나아가사라 |바사자사파라사 |$2a$10$BirSU56hA4x/hWDR2V6EA.QX3n3aPwc/TNlP9hWLTV8zPoGITam/G |0        |2024-03-13 01:23:00.0 |
|102408   |가바바카아사자 |나사사아가파다 |타바다가라자가 |$2a$10$jjKlkvep1NkQ/ln/BsJMYeIS.nAReroBlA3VtviL4qH2TAY9aHJg2 |0        |2024-03-13 01:23:00.0 |
|102403   |나자사가가아라 |파나파타나나차 |타하가아다다바 |$2a$10$2OYiK.iXGTUreG8A6HyBx.KFwKNXqlB4fM61JwO91XPF1vnEDnc.. |0        |2024-03-13 01:23:00.0 |
|102402   |아사라파카다아 |바파마차가자가 |라마다파자마파 |$2a$10$zcvrUdmpLgPb7pzRjMwgFO6OQV5ChTtLReFngFb9OyNHXW4yS1fzK |0        |2024-03-13 01:23:00.0 |
|102406   |하바자다카바파 |사마라타마자자 |다아가가바파마 |$2a$10$aDVCMbVN/k.4UW6vsmcbL.VGUURDmIXzOPTBjKESS8aiE/9yeKEKe |0        |2024-03-13 01:23:00.0 |
|---------|--------|--------|--------|-------------------------------------------------------------|---------|----------------------|

2024-03-14 02:06:43.950 [http-nio-8080-exec-5] INFO 
				jdbc.resultsettable - 
|---------|
|count(*) |
|---------|
|2701     |
|---------|

2024-03-14 02:06:43.959 [http-nio-8080-exec-5] INFO 
				jdbc.resultsettable - 
|---------|--------|--------|--------|-------------------------------------------------------------|---------|----------------------|
|board_id |writer  |subject |content |passwd                                                       |read_cnt |enroll_at             |
|---------|--------|--------|--------|-------------------------------------------------------------|---------|----------------------|
|102516   |차마카사아자차 |가타나타타다바 |바나다가라차나 |$2a$10$2dHylrMt5wq3wRimZhtGfuab2JFR48P/A9PVMg2npXvbvCcZsUvGa |0        |2024-03-13 01:23:00.0 |
|102515   |라다사차하하하 |다파라차나라나 |나타바사다바차 |$2a$10$qyoLBXQkfdW3uUoitowYKu24eKChip5RcsFGgIkQONMNlGXR/iZry |0        |2024-03-13 01:23:00.0 |
|102514   |가다아차하사하 |마마파자하나바 |바바라다라다마 |$2a$10$72ZJPRBuZ.M.fisNbr7dXuf7ctBZ4FDYKpnuZF8aJ3iyUrqPkYNlC |0        |2024-03-13 01:23:00.0 |
|102513   |차바라가파카차 |마가아바파하가 |카마라파하하마 |$2a$10$Te1uxlqA7luS1RWF1d.ZiOp25N/h1jlrA2tQwuxsexeahytpHQgY6 |0        |2024-03-13 01:23:00.0 |
|102512   |다가나다사차마 |차자카다자타하 |라파타바다하카 |$2a$10$pynr2ae2Gg5vvmORSFdp8uI.3Dzx2sqXcxkk.DglSy5FWvGfvzdNy |0        |2024-03-13 01:23:00.0 |
|102511   |나가나사자차마 |나하라차나다나 |자파카바라카자 |$2a$10$ImJG/d06TUQDWH0s/8c4ROX1D/t0Y0RtOYUJTGI97TM5MtMWm3Ouu |0        |2024-03-13 01:23:00.0 |
|102510   |나가바라카다가 |마가다다바사라 |차라가다바바가 |$2a$10$P9q74qfEKxY/eA9727L9sOfGjLKw3.TfGLA/5Ommx59F3M/7cV1zC |0        |2024-03-13 01:23:00.0 |
|102509   |파아다카자차가 |아라하자나타자 |마하하나타타가 |$2a$10$NUqpLVBaxF1I1A6PBomCZ.SzPPIHg23uUX.SvqRtULefBfbMC0sra |0        |2024-03-13 01:23:00.0 |
|102508   |라라다자카아마 |자마나아타가라 |나가마카다하사 |$2a$10$kB/1i8JOF/GCyH5wxCWtWeuxwfD7NoWwCnY9gdmVqLHQsgSFhE3MC |0        |2024-03-13 01:23:00.0 |
|102507   |파파타하카차자 |라카자라마가타 |하하파가타카자 |$2a$10$grbHrJiSufUTqMf/zb9we.m3GTsmuPHH/dCOrfDm7CJbZ42VjhPBi |0        |2024-03-13 01:23:00.0 |
|---------|--------|--------|--------|-------------------------------------------------------------|---------|----------------------|

2024-03-14 02:06:45.223 [http-nio-8080-exec-7] INFO 
				jdbc.resultsettable - 
|---------|
|count(*) |
|---------|
|2701     |
|---------|

2024-03-14 02:06:45.232 [http-nio-8080-exec-7] INFO 
				jdbc.resultsettable - 
|---------|--------|--------|--------|-------------------------------------------------------------|---------|----------------------|
|board_id |writer  |subject |content |passwd                                                       |read_cnt |enroll_at             |
|---------|--------|--------|--------|-------------------------------------------------------------|---------|----------------------|
|102478   |다아하자카자아 |파라라차자나카 |하차바마아차바 |$2a$10$Cwko.geIyCxYb81tvDBUhuT8uAM.ImCSdmjzJaBCXAHjBnVl8eC3O |0        |2024-03-13 01:23:00.0 |
|102477   |바사가마파카나 |하라타카가라아 |자마라아라마라 |$2a$10$mvhvxP7CfSeulCtNTrGEAuJqAbQb7CrWw5fAU0MkndtV1hY9mL1cm |0        |2024-03-13 01:23:00.0 |
|102476   |아가파하아자차 |하아라아가라파 |가바카사가나나 |$2a$10$a3sbZMJhP5gMlCCfw8AaF.ebVq8jcbtJpTycnJKchKBIFDSgxY6Ii |0        |2024-03-13 01:23:00.0 |
|102475   |타다다바마하사 |다타카나하라라 |파다자자다하타 |$2a$10$6gStfM0Dq6AXzy3TI0y1re5/EfjkTA30HKR1UBd6czakmi3PmMQ.K |0        |2024-03-13 01:23:00.0 |
|102474   |마라차카다가자 |라바다다가차라 |자타가타라바카 |$2a$10$0tA.ZR2YeDiqquQSEjXQ4ergr/tt0YVkLweg0yHd6N/Gd.OgfFrWC |0        |2024-03-13 01:23:00.0 |
|102473   |마하라하차카아 |사아바나하파다 |파하바다바아차 |$2a$10$H0j7X.HsyzLq/n0etm79uunpaE7M7hliBvKVz4xGFbTwc1gO2zgwC |0        |2024-03-13 01:23:00.0 |
|102472   |나라차파사바사 |하타가바차차라 |아카아타카파나 |$2a$10$ik184oJbtYWfY0FEuezvZ.kiIeOlEnPWXxzOR7wf94gpFiXIWtyFe |0        |2024-03-13 01:23:00.0 |
|102471   |마자자파카라가 |아사바하사나라 |라타가하자타카 |$2a$10$aoTUCZ4nNmNO8CqCw/lr1OGUSKhui5APu1RXnaitsyd0IwsFcs822 |0        |2024-03-13 01:23:00.0 |
|102470   |자가라차다마다 |사아타파바다라 |파사바카파마가 |$2a$10$jbLLXPJepIM7MVxqD1bqd.GcQQiIFegyjlRYb3AhMBKiLce2wRgM2 |0        |2024-03-13 01:23:00.0 |
|102469   |다바라가라차하 |카차하차가타카 |하타바바파라카 |$2a$10$8lMrHcbKHvMJsbpYXqMlB.qCtELYRgpwPe9qLkTCrGjncwcDCMTKu |0        |2024-03-13 01:23:00.0 |
|---------|--------|--------|--------|-------------------------------------------------------------|---------|----------------------|

2024-03-14 02:06:50.172 [http-nio-8080-exec-9] INFO 
				jdbc.resultsettable - 
|---------|
|count(*) |
|---------|
|2701     |
|---------|

2024-03-14 02:06:50.172 [http-nio-8080-exec-9] INFO 
				jdbc.resultsettable - 
|---------|--------|--------|--------|-------------------------------------------------------------|---------|----------------------|
|board_id |writer  |subject |content |passwd                                                       |read_cnt |enroll_at             |
|---------|--------|--------|--------|-------------------------------------------------------------|---------|----------------------|
|102409   |가가다다파사다 |타바차다아다바 |자마사다사자바 |$2a$10$M2Y.Pehmu3JTXKOX37y5y.IXcIgn4Ro5ZZwHKaGnHd9hI.GdgMbMS |0        |2024-03-13 01:23:00.0 |
|102700   |마나가사마바사 |하다바사차사파 |가파바나카라아 |$2a$10$gORAqW17uIHJGDYIVZIGkuP6TkcKnPRcqka91uUNyVFa4xuwg3IZG |0        |2024-03-13 01:23:00.0 |
|102405   |차바나타타타차 |사라사가바나차 |바가자다마차다 |$2a$10$cxRtN0TV.ac6SdJF2CPWxu0zMrdxqANCQqE6RSmpJmJ.ro88jewI6 |0        |2024-03-13 01:23:00.0 |
|102401   |가바바나차아파 |자파나나사마타 |아카라차차자차 |$2a$10$NrMJwUt0TlXJOZh8UE2KUOky36swORRYL0tri6rQ95RsjYiGJpIke |0        |2024-03-13 01:23:00.0 |
|102407   |자가다파파사사 |타자라다파라라 |파타타사타차하 |$2a$10$RK05G1jn4P/ZNpMHoWaJ8OuGFelEYnyAYf.z9bMyj9dHsdk2GFi12 |0        |2024-03-13 01:23:00.0 |
|102410   |차하카아타바사 |다아나아가사라 |바사자사파라사 |$2a$10$BirSU56hA4x/hWDR2V6EA.QX3n3aPwc/TNlP9hWLTV8zPoGITam/G |0        |2024-03-13 01:23:00.0 |
|102408   |가바바카아사자 |나사사아가파다 |타바다가라자가 |$2a$10$jjKlkvep1NkQ/ln/BsJMYeIS.nAReroBlA3VtviL4qH2TAY9aHJg2 |0        |2024-03-13 01:23:00.0 |
|102403   |나자사가가아라 |파나파타나나차 |타하가아다다바 |$2a$10$2OYiK.iXGTUreG8A6HyBx.KFwKNXqlB4fM61JwO91XPF1vnEDnc.. |0        |2024-03-13 01:23:00.0 |
|102402   |아사라파카다아 |바파마차가자가 |라마다파자마파 |$2a$10$zcvrUdmpLgPb7pzRjMwgFO6OQV5ChTtLReFngFb9OyNHXW4yS1fzK |0        |2024-03-13 01:23:00.0 |
|102406   |하바자다카바파 |사마라타마자자 |다아가가바파마 |$2a$10$aDVCMbVN/k.4UW6vsmcbL.VGUURDmIXzOPTBjKESS8aiE/9yeKEKe |0        |2024-03-13 01:23:00.0 |
|---------|--------|--------|--------|-------------------------------------------------------------|---------|----------------------|

2024-03-14 02:18:31.628 [http-nio-8080-exec-4] INFO 
				jdbc.resultsettable - 
|---------|
|count(*) |
|---------|
|2701     |
|---------|

2024-03-14 02:18:31.635 [http-nio-8080-exec-4] INFO 
				jdbc.resultsettable - 
|---------|--------|--------|--------|-------------------------------------------------------------|---------|----------------------|
|board_id |writer  |subject |content |passwd                                                       |read_cnt |enroll_at             |
|---------|--------|--------|--------|-------------------------------------------------------------|---------|----------------------|
|102516   |차마카사아자차 |가타나타타다바 |바나다가라차나 |$2a$10$2dHylrMt5wq3wRimZhtGfuab2JFR48P/A9PVMg2npXvbvCcZsUvGa |0        |2024-03-13 01:23:00.0 |
|102515   |라다사차하하하 |다파라차나라나 |나타바사다바차 |$2a$10$qyoLBXQkfdW3uUoitowYKu24eKChip5RcsFGgIkQONMNlGXR/iZry |0        |2024-03-13 01:23:00.0 |
|102514   |가다아차하사하 |마마파자하나바 |바바라다라다마 |$2a$10$72ZJPRBuZ.M.fisNbr7dXuf7ctBZ4FDYKpnuZF8aJ3iyUrqPkYNlC |0        |2024-03-13 01:23:00.0 |
|102513   |차바라가파카차 |마가아바파하가 |카마라파하하마 |$2a$10$Te1uxlqA7luS1RWF1d.ZiOp25N/h1jlrA2tQwuxsexeahytpHQgY6 |0        |2024-03-13 01:23:00.0 |
|102512   |다가나다사차마 |차자카다자타하 |라파타바다하카 |$2a$10$pynr2ae2Gg5vvmORSFdp8uI.3Dzx2sqXcxkk.DglSy5FWvGfvzdNy |0        |2024-03-13 01:23:00.0 |
|102511   |나가나사자차마 |나하라차나다나 |자파카바라카자 |$2a$10$ImJG/d06TUQDWH0s/8c4ROX1D/t0Y0RtOYUJTGI97TM5MtMWm3Ouu |0        |2024-03-13 01:23:00.0 |
|102510   |나가바라카다가 |마가다다바사라 |차라가다바바가 |$2a$10$P9q74qfEKxY/eA9727L9sOfGjLKw3.TfGLA/5Ommx59F3M/7cV1zC |0        |2024-03-13 01:23:00.0 |
|102509   |파아다카자차가 |아라하자나타자 |마하하나타타가 |$2a$10$NUqpLVBaxF1I1A6PBomCZ.SzPPIHg23uUX.SvqRtULefBfbMC0sra |0        |2024-03-13 01:23:00.0 |
|102508   |라라다자카아마 |자마나아타가라 |나가마카다하사 |$2a$10$kB/1i8JOF/GCyH5wxCWtWeuxwfD7NoWwCnY9gdmVqLHQsgSFhE3MC |0        |2024-03-13 01:23:00.0 |
|102507   |파파타하카차자 |라카자라마가타 |하하파가타카자 |$2a$10$grbHrJiSufUTqMf/zb9we.m3GTsmuPHH/dCOrfDm7CJbZ42VjhPBi |0        |2024-03-13 01:23:00.0 |
|---------|--------|--------|--------|-------------------------------------------------------------|---------|----------------------|

